<?xml version="1.0" encoding="UTF-8"?>
<testsuite xmlns:xsi="http://www.w3.org/2001/XMLSchema-instance" xsi:noNamespaceSchemaLocation="https://maven.apache.org/surefire/maven-failsafe-plugin/xsd/failsafe-test-report-3.0.xsd" version="3.0" name="runner.Runner" time="315.925" tests="7" errors="1" skipped="0" failures="1">
  <properties>
    <property name="sun.desktop" value="windows"/>
    <property name="awt.toolkit" value="sun.awt.windows.WToolkit"/>
    <property name="java.specification.version" value="1.8"/>
    <property name="file.encoding.pkg" value="sun.io"/>
    <property name="sun.cpu.isalist" value="amd64"/>
    <property name="sun.jnu.encoding" value="Cp1252"/>
    <property name="java.class.path" value="C:\Users\Sandeepkumar.Phalke\eclipse-workspace\UNICEF_SerenityBDD_Automation_Framework\target\test-classes;C:\Users\Sandeepkumar.Phalke\eclipse-workspace\UNICEF_SerenityBDD_Automation_Framework\target\cucumber-starter-1.0.0-SNAPSHOT.jar;C:\Users\Sandeepkumar.Phalke\.m2\repository\net\serenity-bdd\serenity-core\3.4.2\serenity-core-3.4.2.jar;C:\Users\Sandeepkumar.Phalke\.m2\repository\net\serenity-bdd\serenity-model\3.4.2\serenity-model-3.4.2.jar;C:\Users\Sandeepkumar.Phalke\.m2\repository\org\apache\commons\commons-text\1.10.0\commons-text-1.10.0.jar;C:\Users\Sandeepkumar.Phalke\.m2\repository\commons-net\commons-net\3.8.0\commons-net-3.8.0.jar;C:\Users\Sandeepkumar.Phalke\.m2\repository\com\google\guava\guava\31.1-jre\guava-31.1-jre.jar;C:\Users\Sandeepkumar.Phalke\.m2\repository\com\google\guava\failureaccess\1.0.1\failureaccess-1.0.1.jar;C:\Users\Sandeepkumar.Phalke\.m2\repository\com\google\guava\listenablefuture\9999.0-empty-to-avoid-conflict-with-guava\listenablefuture-9999.0-empty-to-avoid-conflict-with-guava.jar;C:\Users\Sandeepkumar.Phalke\.m2\repository\com\google\code\findbugs\jsr305\3.0.2\jsr305-3.0.2.jar;C:\Users\Sandeepkumar.Phalke\.m2\repository\org\checkerframework\checker-qual\3.12.0\checker-qual-3.12.0.jar;C:\Users\Sandeepkumar.Phalke\.m2\repository\com\google\errorprone\error_prone_annotations\2.11.0\error_prone_annotations-2.11.0.jar;C:\Users\Sandeepkumar.Phalke\.m2\repository\com\google\j2objc\j2objc-annotations\1.3\j2objc-annotations-1.3.jar;C:\Users\Sandeepkumar.Phalke\.m2\repository\com\google\inject\guice\5.1.0\guice-5.1.0.jar;C:\Users\Sandeepkumar.Phalke\.m2\repository\javax\inject\javax.inject\1\javax.inject-1.jar;C:\Users\Sandeepkumar.Phalke\.m2\repository\aopalliance\aopalliance\1.0\aopalliance-1.0.jar;C:\Users\Sandeepkumar.Phalke\.m2\repository\org\jsoup\jsoup\1.14.3\jsoup-1.14.3.jar;C:\Users\Sandeepkumar.Phalke\.m2\repository\com\thoughtworks\xstream\xstream\1.4.19\xstream-1.4.19.jar;C:\Users\Sandeepkumar.Phalke\.m2\repository\io\github\x-stream\mxparser\1.2.2\mxparser-1.2.2.jar;C:\Users\Sandeepkumar.Phalke\.m2\repository\xmlpull\xmlpull\1.1.3.1\xmlpull-1.1.3.1.jar;C:\Users\Sandeepkumar.Phalke\.m2\repository\com\typesafe\config\1.4.2\config-1.4.2.jar;C:\Users\Sandeepkumar.Phalke\.m2\repository\org\imgscalr\imgscalr-lib\4.2\imgscalr-lib-4.2.jar;C:\Users\Sandeepkumar.Phalke\.m2\repository\org\awaitility\awaitility\4.2.0\awaitility-4.2.0.jar;C:\Users\Sandeepkumar.Phalke\.m2\repository\org\freemarker\freemarker\2.3.31\freemarker-2.3.31.jar;C:\Users\Sandeepkumar.Phalke\.m2\repository\io\github\classgraph\classgraph\4.8.138\classgraph-4.8.138.jar;C:\Users\Sandeepkumar.Phalke\.m2\repository\net\sourceforge\jexcelapi\jxl\2.6.12\jxl-2.6.12.jar;C:\Users\Sandeepkumar.Phalke\.m2\repository\net\bytebuddy\byte-buddy-agent\1.12.18\byte-buddy-agent-1.12.18.jar;C:\Users\Sandeepkumar.Phalke\.m2\repository\org\objenesis\objenesis\3.1\objenesis-3.1.jar;C:\Users\Sandeepkumar.Phalke\.m2\repository\net\serenity-bdd\serenity-reports\3.4.2\serenity-reports-3.4.2.jar;C:\Users\Sandeepkumar.Phalke\.m2\repository\net\serenity-bdd\serenity-stats\3.4.2\serenity-stats-3.4.2.jar;C:\Users\Sandeepkumar.Phalke\.m2\repository\net\serenity-bdd\serenity-reports-configuration\3.4.2\serenity-reports-configuration-3.4.2.jar;C:\Users\Sandeepkumar.Phalke\.m2\repository\com\vladsch\flexmark\flexmark-all\0.34.30\flexmark-all-0.34.30.jar;C:\Users\Sandeepkumar.Phalke\.m2\repository\com\vladsch\flexmark\flexmark\0.34.30\flexmark-0.34.30.jar;C:\Users\Sandeepkumar.Phalke\.m2\repository\com\vladsch\flexmark\flexmark-ext-abbreviation\0.34.30\flexmark-ext-abbreviation-0.34.30.jar;C:\Users\Sandeepkumar.Phalke\.m2\repository\com\vladsch\flexmark\flexmark-ext-admonition\0.34.30\flexmark-ext-admonition-0.34.30.jar;C:\Users\Sandeepkumar.Phalke\.m2\repository\com\vladsch\flexmark\flexmark-ext-anchorlink\0.34.30\flexmark-ext-anchorlink-0.34.30.jar;C:\Users\Sandeepkumar.Phalke\.m2\repository\com\vladsch\flexmark\flexmark-ext-aside\0.34.30\flexmark-ext-aside-0.34.30.jar;C:\Users\Sandeepkumar.Phalke\.m2\repository\com\vladsch\flexmark\flexmark-ext-attributes\0.34.30\flexmark-ext-attributes-0.34.30.jar;C:\Users\Sandeepkumar.Phalke\.m2\repository\com\vladsch\flexmark\flexmark-ext-autolink\0.34.30\flexmark-ext-autolink-0.34.30.jar;C:\Users\Sandeepkumar.Phalke\.m2\repository\org\nibor\autolink\autolink\0.6.0\autolink-0.6.0.jar;C:\Users\Sandeepkumar.Phalke\.m2\repository\com\vladsch\flexmark\flexmark-ext-definition\0.34.30\flexmark-ext-definition-0.34.30.jar;C:\Users\Sandeepkumar.Phalke\.m2\repository\com\vladsch\flexmark\flexmark-ext-emoji\0.34.30\flexmark-ext-emoji-0.34.30.jar;C:\Users\Sandeepkumar.Phalke\.m2\repository\com\vladsch\flexmark\flexmark-ext-enumerated-reference\0.34.30\flexmark-ext-enumerated-reference-0.34.30.jar;C:\Users\Sandeepkumar.Phalke\.m2\repository\com\vladsch\flexmark\flexmark-ext-escaped-character\0.34.30\flexmark-ext-escaped-character-0.34.30.jar;C:\Users\Sandeepkumar.Phalke\.m2\repository\com\vladsch\flexmark\flexmark-ext-footnotes\0.34.30\flexmark-ext-footnotes-0.34.30.jar;C:\Users\Sandeepkumar.Phalke\.m2\repository\com\vladsch\flexmark\flexmark-ext-gfm-issues\0.34.30\flexmark-ext-gfm-issues-0.34.30.jar;C:\Users\Sandeepkumar.Phalke\.m2\repository\com\vladsch\flexmark\flexmark-ext-gfm-strikethrough\0.34.30\flexmark-ext-gfm-strikethrough-0.34.30.jar;C:\Users\Sandeepkumar.Phalke\.m2\repository\com\vladsch\flexmark\flexmark-ext-gfm-tables\0.34.30\flexmark-ext-gfm-tables-0.34.30.jar;C:\Users\Sandeepkumar.Phalke\.m2\repository\com\vladsch\flexmark\flexmark-ext-gfm-tasklist\0.34.30\flexmark-ext-gfm-tasklist-0.34.30.jar;C:\Users\Sandeepkumar.Phalke\.m2\repository\com\vladsch\flexmark\flexmark-ext-gfm-users\0.34.30\flexmark-ext-gfm-users-0.34.30.jar;C:\Users\Sandeepkumar.Phalke\.m2\repository\com\vladsch\flexmark\flexmark-ext-gitlab\0.34.30\flexmark-ext-gitlab-0.34.30.jar;C:\Users\Sandeepkumar.Phalke\.m2\repository\com\vladsch\flexmark\flexmark-ext-jekyll-front-matter\0.34.30\flexmark-ext-jekyll-front-matter-0.34.30.jar;C:\Users\Sandeepkumar.Phalke\.m2\repository\com\vladsch\flexmark\flexmark-ext-jekyll-tag\0.34.30\flexmark-ext-jekyll-tag-0.34.30.jar;C:\Users\Sandeepkumar.Phalke\.m2\repository\com\vladsch\flexmark\flexmark-ext-media-tags\0.34.30\flexmark-ext-media-tags-0.34.30.jar;C:\Users\Sandeepkumar.Phalke\.m2\repository\com\vladsch\flexmark\flexmark-test-util\0.34.30\flexmark-test-util-0.34.30.jar;C:\Users\Sandeepkumar.Phalke\.m2\repository\com\vladsch\flexmark\flexmark-ext-ins\0.34.30\flexmark-ext-ins-0.34.30.jar;C:\Users\Sandeepkumar.Phalke\.m2\repository\com\vladsch\flexmark\flexmark-ext-xwiki-macros\0.34.30\flexmark-ext-xwiki-macros-0.34.30.jar;C:\Users\Sandeepkumar.Phalke\.m2\repository\com\vladsch\flexmark\flexmark-ext-superscript\0.34.30\flexmark-ext-superscript-0.34.30.jar;C:\Users\Sandeepkumar.Phalke\.m2\repository\com\vladsch\flexmark\flexmark-ext-tables\0.34.30\flexmark-ext-tables-0.34.30.jar;C:\Users\Sandeepkumar.Phalke\.m2\repository\com\vladsch\flexmark\flexmark-ext-toc\0.34.30\flexmark-ext-toc-0.34.30.jar;C:\Users\Sandeepkumar.Phalke\.m2\repository\com\vladsch\flexmark\flexmark-ext-typographic\0.34.30\flexmark-ext-typographic-0.34.30.jar;C:\Users\Sandeepkumar.Phalke\.m2\repository\com\vladsch\flexmark\flexmark-ext-wikilink\0.34.30\flexmark-ext-wikilink-0.34.30.jar;C:\Users\Sandeepkumar.Phalke\.m2\repository\com\vladsch\flexmark\flexmark-ext-yaml-front-matter\0.34.30\flexmark-ext-yaml-front-matter-0.34.30.jar;C:\Users\Sandeepkumar.Phalke\.m2\repository\com\vladsch\flexmark\flexmark-ext-youtube-embedded\0.34.30\flexmark-ext-youtube-embedded-0.34.30.jar;C:\Users\Sandeepkumar.Phalke\.m2\repository\com\vladsch\flexmark\flexmark-formatter\0.34.30\flexmark-formatter-0.34.30.jar;C:\Users\Sandeepkumar.Phalke\.m2\repository\com\vladsch\flexmark\flexmark-html-parser\0.34.30\flexmark-html-parser-0.34.30.jar;C:\Users\Sandeepkumar.Phalke\.m2\repository\com\vladsch\flexmark\flexmark-jira-converter\0.34.30\flexmark-jira-converter-0.34.30.jar;C:\Users\Sandeepkumar.Phalke\.m2\repository\com\vladsch\flexmark\flexmark-pdf-converter\0.34.30\flexmark-pdf-converter-0.34.30.jar;C:\Users\Sandeepkumar.Phalke\.m2\repository\com\openhtmltopdf\openhtmltopdf-core\0.0.1-RC13\openhtmltopdf-core-0.0.1-RC13.jar;C:\Users\Sandeepkumar.Phalke\.m2\repository\com\openhtmltopdf\openhtmltopdf-pdfbox\0.0.1-RC13\openhtmltopdf-pdfbox-0.0.1-RC13.jar;C:\Users\Sandeepkumar.Phalke\.m2\repository\org\apache\pdfbox\pdfbox\2.0.8\pdfbox-2.0.8.jar;C:\Users\Sandeepkumar.Phalke\.m2\repository\org\apache\pdfbox\fontbox\2.0.8\fontbox-2.0.8.jar;C:\Users\Sandeepkumar.Phalke\.m2\repository\org\apache\pdfbox\xmpbox\2.0.8\xmpbox-2.0.8.jar;C:\Users\Sandeepkumar.Phalke\.m2\repository\de\rototor\pdfbox\graphics2d\0.12\graphics2d-0.12.jar;C:\Users\Sandeepkumar.Phalke\.m2\repository\com\openhtmltopdf\openhtmltopdf-rtl-support\0.0.1-RC13\openhtmltopdf-rtl-support-0.0.1-RC13.jar;C:\Users\Sandeepkumar.Phalke\.m2\repository\com\ibm\icu\icu4j\59.1\icu4j-59.1.jar;C:\Users\Sandeepkumar.Phalke\.m2\repository\com\openhtmltopdf\openhtmltopdf-jsoup-dom-converter\0.0.1-RC13\openhtmltopdf-jsoup-dom-converter-0.0.1-RC13.jar;C:\Users\Sandeepkumar.Phalke\.m2\repository\com\vladsch\flexmark\flexmark-profile-pegdown\0.34.30\flexmark-profile-pegdown-0.34.30.jar;C:\Users\Sandeepkumar.Phalke\.m2\repository\com\vladsch\flexmark\flexmark-util\0.34.30\flexmark-util-0.34.30.jar;C:\Users\Sandeepkumar.Phalke\.m2\repository\com\vladsch\flexmark\flexmark-youtrack-converter\0.34.30\flexmark-youtrack-converter-0.34.30.jar;C:\Users\Sandeepkumar.Phalke\.m2\repository\es\nitaur\markdown\txtmark\0.16\txtmark-0.16.jar;C:\Users\Sandeepkumar.Phalke\.m2\repository\net\serenity-bdd\serenity-report-resources\3.4.2\serenity-report-resources-3.4.2.jar;C:\Users\Sandeepkumar.Phalke\.m2\repository\com\google\code\gson\gson\2.9.0\gson-2.9.0.jar;C:\Users\Sandeepkumar.Phalke\.m2\repository\com\fasterxml\jackson\core\jackson-core\2.13.4\jackson-core-2.13.4.jar;C:\Users\Sandeepkumar.Phalke\.m2\repository\com\fasterxml\jackson\core\jackson-databind\2.13.4\jackson-databind-2.13.4.jar;C:\Users\Sandeepkumar.Phalke\.m2\repository\com\fasterxml\jackson\core\jackson-annotations\2.13.4\jackson-annotations-2.13.4.jar;C:\Users\Sandeepkumar.Phalke\.m2\repository\commons-codec\commons-codec\1.15\commons-codec-1.15.jar;C:\Users\Sandeepkumar.Phalke\.m2\repository\commons-io\commons-io\2.11.0\commons-io-2.11.0.jar;C:\Users\Sandeepkumar.Phalke\.m2\repository\org\apache\httpcomponents\httpclient\4.5.13\httpclient-4.5.13.jar;C:\Users\Sandeepkumar.Phalke\.m2\repository\org\apache\httpcomponents\httpcore\4.4.13\httpcore-4.4.13.jar;C:\Users\Sandeepkumar.Phalke\.m2\repository\commons-logging\commons-logging\1.2\commons-logging-1.2.jar;C:\Users\Sandeepkumar.Phalke\.m2\repository\org\seleniumhq\selenium\selenium-java\4.6.0\selenium-java-4.6.0.jar;C:\Users\Sandeepkumar.Phalke\.m2\repository\org\seleniumhq\selenium\selenium-devtools-v105\4.6.0\selenium-devtools-v105-4.6.0.jar;C:\Users\Sandeepkumar.Phalke\.m2\repository\org\seleniumhq\selenium\selenium-devtools-v106\4.6.0\selenium-devtools-v106-4.6.0.jar;C:\Users\Sandeepkumar.Phalke\.m2\repository\org\seleniumhq\selenium\selenium-devtools-v107\4.6.0\selenium-devtools-v107-4.6.0.jar;C:\Users\Sandeepkumar.Phalke\.m2\repository\org\seleniumhq\selenium\selenium-devtools-v85\4.6.0\selenium-devtools-v85-4.6.0.jar;C:\Users\Sandeepkumar.Phalke\.m2\repository\org\seleniumhq\selenium\selenium-remote-driver\4.6.0\selenium-remote-driver-4.6.0.jar;C:\Users\Sandeepkumar.Phalke\.m2\repository\com\beust\jcommander\1.82\jcommander-1.82.jar;C:\Users\Sandeepkumar.Phalke\.m2\repository\io\netty\netty-buffer\4.1.84.Final\netty-buffer-4.1.84.Final.jar;C:\Users\Sandeepkumar.Phalke\.m2\repository\io\netty\netty-codec-http\4.1.84.Final\netty-codec-http-4.1.84.Final.jar;C:\Users\Sandeepkumar.Phalke\.m2\repository\io\netty\netty-codec\4.1.84.Final\netty-codec-4.1.84.Final.jar;C:\Users\Sandeepkumar.Phalke\.m2\repository\io\netty\netty-handler\4.1.84.Final\netty-handler-4.1.84.Final.jar;C:\Users\Sandeepkumar.Phalke\.m2\repository\io\netty\netty-common\4.1.84.Final\netty-common-4.1.84.Final.jar;C:\Users\Sandeepkumar.Phalke\.m2\repository\io\netty\netty-transport-classes-epoll\4.1.84.Final\netty-transport-classes-epoll-4.1.84.Final.jar;C:\Users\Sandeepkumar.Phalke\.m2\repository\io\netty\netty-transport-classes-kqueue\4.1.84.Final\netty-transport-classes-kqueue-4.1.84.Final.jar;C:\Users\Sandeepkumar.Phalke\.m2\repository\io\netty\netty-transport-native-epoll\4.1.84.Final\netty-transport-native-epoll-4.1.84.Final.jar;C:\Users\Sandeepkumar.Phalke\.m2\repository\io\netty\netty-transport-native-kqueue\4.1.84.Final\netty-transport-native-kqueue-4.1.84.Final.jar;C:\Users\Sandeepkumar.Phalke\.m2\repository\io\netty\netty-transport-native-unix-common\4.1.84.Final\netty-transport-native-unix-common-4.1.84.Final.jar;C:\Users\Sandeepkumar.Phalke\.m2\repository\io\netty\netty-transport\4.1.84.Final\netty-transport-4.1.84.Final.jar;C:\Users\Sandeepkumar.Phalke\.m2\repository\io\netty\netty-resolver\4.1.84.Final\netty-resolver-4.1.84.Final.jar;C:\Users\Sandeepkumar.Phalke\.m2\repository\io\opentelemetry\opentelemetry-api\1.19.0\opentelemetry-api-1.19.0.jar;C:\Users\Sandeepkumar.Phalke\.m2\repository\io\opentelemetry\opentelemetry-context\1.19.0\opentelemetry-context-1.19.0.jar;C:\Users\Sandeepkumar.Phalke\.m2\repository\io\opentelemetry\opentelemetry-exporter-logging\1.19.0\opentelemetry-exporter-logging-1.19.0.jar;C:\Users\Sandeepkumar.Phalke\.m2\repository\io\opentelemetry\opentelemetry-sdk-metrics\1.19.0\opentelemetry-sdk-metrics-1.19.0.jar;C:\Users\Sandeepkumar.Phalke\.m2\repository\io\opentelemetry\opentelemetry-sdk-logs\1.19.0-alpha\opentelemetry-sdk-logs-1.19.0-alpha.jar;C:\Users\Sandeepkumar.Phalke\.m2\repository\io\opentelemetry\opentelemetry-api-logs\1.19.0-alpha\opentelemetry-api-logs-1.19.0-alpha.jar;C:\Users\Sandeepkumar.Phalke\.m2\repository\io\opentelemetry\opentelemetry-sdk-common\1.19.0\opentelemetry-sdk-common-1.19.0.jar;C:\Users\Sandeepkumar.Phalke\.m2\repository\io\opentelemetry\opentelemetry-sdk-extension-autoconfigure-spi\1.19.0\opentelemetry-sdk-extension-autoconfigure-spi-1.19.0.jar;C:\Users\Sandeepkumar.Phalke\.m2\repository\io\opentelemetry\opentelemetry-sdk-extension-autoconfigure\1.19.0-alpha\opentelemetry-sdk-extension-autoconfigure-1.19.0-alpha.jar;C:\Users\Sandeepkumar.Phalke\.m2\repository\io\opentelemetry\opentelemetry-exporter-common\1.19.0\opentelemetry-exporter-common-1.19.0.jar;C:\Users\Sandeepkumar.Phalke\.m2\repository\io\opentelemetry\opentelemetry-sdk-trace\1.19.0\opentelemetry-sdk-trace-1.19.0.jar;C:\Users\Sandeepkumar.Phalke\.m2\repository\io\opentelemetry\opentelemetry-sdk\1.19.0\opentelemetry-sdk-1.19.0.jar;C:\Users\Sandeepkumar.Phalke\.m2\repository\io\opentelemetry\opentelemetry-semconv\1.19.0-alpha\opentelemetry-semconv-1.19.0-alpha.jar;C:\Users\Sandeepkumar.Phalke\.m2\repository\io\ous\jtoml\2.0.0\jtoml-2.0.0.jar;C:\Users\Sandeepkumar.Phalke\.m2\repository\org\apache\commons\commons-exec\1.3\commons-exec-1.3.jar;C:\Users\Sandeepkumar.Phalke\.m2\repository\org\asynchttpclient\async-http-client\2.12.3\async-http-client-2.12.3.jar;C:\Users\Sandeepkumar.Phalke\.m2\repository\org\asynchttpclient\async-http-client-netty-utils\2.12.3\async-http-client-netty-utils-2.12.3.jar;C:\Users\Sandeepkumar.Phalke\.m2\repository\io\netty\netty-codec-socks\4.1.60.Final\netty-codec-socks-4.1.60.Final.jar;C:\Users\Sandeepkumar.Phalke\.m2\repository\io\netty\netty-handler-proxy\4.1.60.Final\netty-handler-proxy-4.1.60.Final.jar;C:\Users\Sandeepkumar.Phalke\.m2\repository\io\netty\netty-transport-native-epoll\4.1.60.Final\netty-transport-native-epoll-4.1.60.Final-linux-x86_64.jar;C:\Users\Sandeepkumar.Phalke\.m2\repository\io\netty\netty-transport-native-kqueue\4.1.60.Final\netty-transport-native-kqueue-4.1.60.Final-osx-x86_64.jar;C:\Users\Sandeepkumar.Phalke\.m2\repository\org\reactivestreams\reactive-streams\1.0.3\reactive-streams-1.0.3.jar;C:\Users\Sandeepkumar.Phalke\.m2\repository\com\typesafe\netty\netty-reactive-streams\2.0.4\netty-reactive-streams-2.0.4.jar;C:\Users\Sandeepkumar.Phalke\.m2\repository\org\seleniumhq\selenium\selenium-http\4.6.0\selenium-http-4.6.0.jar;C:\Users\Sandeepkumar.Phalke\.m2\repository\dev\failsafe\failsafe\3.3.0\failsafe-3.3.0.jar;C:\Users\Sandeepkumar.Phalke\.m2\repository\org\seleniumhq\selenium\selenium-manager\4.6.0\selenium-manager-4.6.0.jar;C:\Users\Sandeepkumar.Phalke\.m2\repository\org\seleniumhq\selenium\selenium-safari-driver\4.6.0\selenium-safari-driver-4.6.0.jar;C:\Users\Sandeepkumar.Phalke\.m2\repository\org\seleniumhq\selenium\selenium-api\4.6.0\selenium-api-4.6.0.jar;C:\Users\Sandeepkumar.Phalke\.m2\repository\org\seleniumhq\selenium\selenium-support\4.6.0\selenium-support-4.6.0.jar;C:\Users\Sandeepkumar.Phalke\.m2\repository\com\google\auto\service\auto-service-annotations\1.0.1\auto-service-annotations-1.0.1.jar;C:\Users\Sandeepkumar.Phalke\.m2\repository\com\google\auto\service\auto-service\1.0.1\auto-service-1.0.1.jar;C:\Users\Sandeepkumar.Phalke\.m2\repository\com\google\auto\auto-common\1.2\auto-common-1.2.jar;C:\Users\Sandeepkumar.Phalke\.m2\repository\org\seleniumhq\selenium\selenium-json\4.6.0\selenium-json-4.6.0.jar;C:\Users\Sandeepkumar.Phalke\.m2\repository\org\seleniumhq\selenium\selenium-chrome-driver\4.6.0\selenium-chrome-driver-4.6.0.jar;C:\Users\Sandeepkumar.Phalke\.m2\repository\org\seleniumhq\selenium\selenium-chromium-driver\4.6.0\selenium-chromium-driver-4.6.0.jar;C:\Users\Sandeepkumar.Phalke\.m2\repository\org\seleniumhq\selenium\selenium-firefox-driver\4.6.0\selenium-firefox-driver-4.6.0.jar;C:\Users\Sandeepkumar.Phalke\.m2\repository\org\seleniumhq\selenium\selenium-edge-driver\4.6.0\selenium-edge-driver-4.6.0.jar;C:\Users\Sandeepkumar.Phalke\.m2\repository\org\seleniumhq\selenium\selenium-ie-driver\4.6.0\selenium-ie-driver-4.6.0.jar;C:\Users\Sandeepkumar.Phalke\.m2\repository\org\projectlombok\lombok\1.18.20\lombok-1.18.20.jar;C:\Users\Sandeepkumar.Phalke\.m2\repository\io\appium\java-client\8.2.0\java-client-8.2.0.jar;C:\Users\Sandeepkumar.Phalke\.m2\repository\commons-validator\commons-validator\1.7\commons-validator-1.7.jar;C:\Users\Sandeepkumar.Phalke\.m2\repository\commons-digester\commons-digester\2.1\commons-digester-2.1.jar;C:\Users\Sandeepkumar.Phalke\.m2\repository\org\apache\groovy\groovy\4.0.6\groovy-4.0.6.jar;C:\Users\Sandeepkumar.Phalke\.m2\repository\net\sf\opencsv\opencsv\2.0\opencsv-2.0.jar;C:\Users\Sandeepkumar.Phalke\.m2\repository\commons-beanutils\commons-beanutils\1.9.4\commons-beanutils-1.9.4.jar;C:\Users\Sandeepkumar.Phalke\.m2\repository\org\apache\commons\commons-lang3\3.12.0\commons-lang3-3.12.0.jar;C:\Users\Sandeepkumar.Phalke\.m2\repository\commons-collections\commons-collections\3.2.2\commons-collections-3.2.2.jar;C:\Users\Sandeepkumar.Phalke\.m2\repository\org\fluentlenium\fluentlenium-core\0.10.2\fluentlenium-core-0.10.2.jar;C:\Users\Sandeepkumar.Phalke\.m2\repository\io\github\bonigarcia\webdrivermanager\5.3.0\webdrivermanager-5.3.0.jar;C:\Users\Sandeepkumar.Phalke\.m2\repository\com\github\docker-java\docker-java\3.2.13\docker-java-3.2.13.jar;C:\Users\Sandeepkumar.Phalke\.m2\repository\com\github\docker-java\docker-java-core\3.2.13\docker-java-core-3.2.13.jar;C:\Users\Sandeepkumar.Phalke\.m2\repository\com\github\docker-java\docker-java-api\3.2.13\docker-java-api-3.2.13.jar;C:\Users\Sandeepkumar.Phalke\.m2\repository\org\apache\commons\commons-compress\1.21\commons-compress-1.21.jar;C:\Users\Sandeepkumar.Phalke\.m2\repository\org\bouncycastle\bcpkix-jdk15on\1.64\bcpkix-jdk15on-1.64.jar;C:\Users\Sandeepkumar.Phalke\.m2\repository\org\bouncycastle\bcprov-jdk15on\1.64\bcprov-jdk15on-1.64.jar;C:\Users\Sandeepkumar.Phalke\.m2\repository\org\slf4j\jcl-over-slf4j\1.7.30\jcl-over-slf4j-1.7.30.jar;C:\Users\Sandeepkumar.Phalke\.m2\repository\com\github\docker-java\docker-java-transport-httpclient5\3.2.13\docker-java-transport-httpclient5-3.2.13.jar;C:\Users\Sandeepkumar.Phalke\.m2\repository\com\github\docker-java\docker-java-transport\3.2.13\docker-java-transport-3.2.13.jar;C:\Users\Sandeepkumar.Phalke\.m2\repository\net\java\dev\jna\jna\5.8.0\jna-5.8.0.jar;C:\Users\Sandeepkumar.Phalke\.m2\repository\org\brotli\dec\0.1.2\dec-0.1.2.jar;C:\Users\Sandeepkumar.Phalke\.m2\repository\org\apache\httpcomponents\client5\httpclient5\5.1.3\httpclient5-5.1.3.jar;C:\Users\Sandeepkumar.Phalke\.m2\repository\org\apache\httpcomponents\core5\httpcore5\5.1.3\httpcore5-5.1.3.jar;C:\Users\Sandeepkumar.Phalke\.m2\repository\org\apache\httpcomponents\core5\httpcore5-h2\5.1.3\httpcore5-h2-5.1.3.jar;C:\Users\Sandeepkumar.Phalke\.m2\repository\com\jhlabs\filters\2.0.235\filters-2.0.235.jar;C:\Users\Sandeepkumar.Phalke\.m2\repository\com\paulhammant\ngwebdriver\1.1.6\ngwebdriver-1.1.6.jar;C:\Users\Sandeepkumar.Phalke\.m2\repository\joda-time\joda-time\2.8.2\joda-time-2.8.2.jar;C:\Users\Sandeepkumar.Phalke\.m2\repository\org\hamcrest\hamcrest\2.2\hamcrest-2.2.jar;C:\Users\Sandeepkumar.Phalke\.m2\repository\com\google\jimfs\jimfs\1.2\jimfs-1.2.jar;C:\Users\Sandeepkumar.Phalke\.m2\repository\org\mockito\mockito-core\3.3.3\mockito-core-3.3.3.jar;C:\Users\Sandeepkumar.Phalke\.m2\repository\javax\xml\bind\jaxb-api\2.3.1\jaxb-api-2.3.1.jar;C:\Users\Sandeepkumar.Phalke\.m2\repository\javax\activation\javax.activation-api\1.2.0\javax.activation-api-1.2.0.jar;C:\Users\Sandeepkumar.Phalke\.m2\repository\com\sun\xml\bind\jaxb-core\2.3.0.1\jaxb-core-2.3.0.1.jar;C:\Users\Sandeepkumar.Phalke\.m2\repository\com\sun\xml\bind\jaxb-impl\2.3.3\jaxb-impl-2.3.3.jar;C:\Users\Sandeepkumar.Phalke\.m2\repository\jakarta\xml\bind\jakarta.xml.bind-api\2.3.3\jakarta.xml.bind-api-2.3.3.jar;C:\Users\Sandeepkumar.Phalke\.m2\repository\com\sun\activation\jakarta.activation\1.2.2\jakarta.activation-1.2.2.jar;C:\Users\Sandeepkumar.Phalke\.m2\repository\javax\activation\activation\1.1.1\activation-1.1.1.jar;C:\Users\Sandeepkumar.Phalke\.m2\repository\net\serenity-bdd\serenity-cucumber\3.4.2\serenity-cucumber-3.4.2.jar;C:\Users\Sandeepkumar.Phalke\.m2\repository\io\cucumber\cucumber-core\7.8.1\cucumber-core-7.8.1.jar;C:\Users\Sandeepkumar.Phalke\.m2\repository\io\cucumber\cucumber-gherkin\7.8.1\cucumber-gherkin-7.8.1.jar;C:\Users\Sandeepkumar.Phalke\.m2\repository\io\cucumber\cucumber-gherkin-messages\7.8.1\cucumber-gherkin-messages-7.8.1.jar;C:\Users\Sandeepkumar.Phalke\.m2\repository\io\cucumber\gherkin\24.0.0\gherkin-24.0.0.jar;C:\Users\Sandeepkumar.Phalke\.m2\repository\io\cucumber\messages\19.1.4\messages-19.1.4.jar;C:\Users\Sandeepkumar.Phalke\.m2\repository\io\cucumber\tag-expressions\4.1.0\tag-expressions-4.1.0.jar;C:\Users\Sandeepkumar.Phalke\.m2\repository\io\cucumber\cucumber-expressions\16.0.0\cucumber-expressions-16.0.0.jar;C:\Users\Sandeepkumar.Phalke\.m2\repository\io\cucumber\datatable\7.8.1\datatable-7.8.1.jar;C:\Users\Sandeepkumar.Phalke\.m2\repository\io\cucumber\cucumber-plugin\7.8.1\cucumber-plugin-7.8.1.jar;C:\Users\Sandeepkumar.Phalke\.m2\repository\io\cucumber\docstring\7.8.1\docstring-7.8.1.jar;C:\Users\Sandeepkumar.Phalke\.m2\repository\io\cucumber\html-formatter\20.1.0\html-formatter-20.1.0.jar;C:\Users\Sandeepkumar.Phalke\.m2\repository\io\cucumber\ci-environment\9.1.0\ci-environment-9.1.0.jar;C:\Users\Sandeepkumar.Phalke\.m2\repository\io\cucumber\cucumber-java\7.8.1\cucumber-java-7.8.1.jar;C:\Users\Sandeepkumar.Phalke\.m2\repository\io\cucumber\cucumber-junit\7.8.1\cucumber-junit-7.8.1.jar;C:\Users\Sandeepkumar.Phalke\.m2\repository\org\apache\commons\commons-csv\1.5\commons-csv-1.5.jar;C:\Users\Sandeepkumar.Phalke\.m2\repository\net\serenity-bdd\serenity-screenplay\3.4.2\serenity-screenplay-3.4.2.jar;C:\Users\Sandeepkumar.Phalke\.m2\repository\net\serenity-bdd\serenity-screenplay-webdriver\3.4.2\serenity-screenplay-webdriver-3.4.2.jar;C:\Users\Sandeepkumar.Phalke\.m2\repository\net\serenity-bdd\serenity-ensure\3.4.2\serenity-ensure-3.4.2.jar;C:\Users\Sandeepkumar.Phalke\.m2\repository\net\serenity-bdd\serenity-junit\3.4.2\serenity-junit-3.4.2.jar;C:\Users\Sandeepkumar.Phalke\.m2\repository\org\jetbrains\kotlin\kotlin-stdlib\1.7.20\kotlin-stdlib-1.7.20.jar;C:\Users\Sandeepkumar.Phalke\.m2\repository\org\jetbrains\kotlin\kotlin-stdlib-common\1.7.20\kotlin-stdlib-common-1.7.20.jar;C:\Users\Sandeepkumar.Phalke\.m2\repository\org\jetbrains\annotations\13.0\annotations-13.0.jar;C:\Users\Sandeepkumar.Phalke\.m2\repository\org\junit\platform\junit-platform-launcher\1.8.2\junit-platform-launcher-1.8.2.jar;C:\Users\Sandeepkumar.Phalke\.m2\repository\org\junit\platform\junit-platform-engine\1.8.2\junit-platform-engine-1.8.2.jar;C:\Users\Sandeepkumar.Phalke\.m2\repository\org\opentest4j\opentest4j\1.2.0\opentest4j-1.2.0.jar;C:\Users\Sandeepkumar.Phalke\.m2\repository\org\junit\platform\junit-platform-commons\1.8.2\junit-platform-commons-1.8.2.jar;C:\Users\Sandeepkumar.Phalke\.m2\repository\org\apiguardian\apiguardian-api\1.1.2\apiguardian-api-1.1.2.jar;C:\Users\Sandeepkumar.Phalke\.m2\repository\org\junit\jupiter\junit-jupiter-engine\5.8.2\junit-jupiter-engine-5.8.2.jar;C:\Users\Sandeepkumar.Phalke\.m2\repository\org\junit\jupiter\junit-jupiter-api\5.8.2\junit-jupiter-api-5.8.2.jar;C:\Users\Sandeepkumar.Phalke\.m2\repository\org\junit\vintage\junit-vintage-engine\5.8.2\junit-vintage-engine-5.8.2.jar;C:\Users\Sandeepkumar.Phalke\.m2\repository\junit\junit\4.13.2\junit-4.13.2.jar;C:\Users\Sandeepkumar.Phalke\.m2\repository\org\hamcrest\hamcrest-core\1.3\hamcrest-core-1.3.jar;C:\Users\Sandeepkumar.Phalke\.m2\repository\ch\qos\logback\logback-classic\1.2.10\logback-classic-1.2.10.jar;C:\Users\Sandeepkumar.Phalke\.m2\repository\ch\qos\logback\logback-core\1.2.10\logback-core-1.2.10.jar;C:\Users\Sandeepkumar.Phalke\.m2\repository\org\slf4j\slf4j-api\1.7.32\slf4j-api-1.7.32.jar;C:\Users\Sandeepkumar.Phalke\.m2\repository\org\assertj\assertj-core\3.23.1\assertj-core-3.23.1.jar;C:\Users\Sandeepkumar.Phalke\.m2\repository\net\bytebuddy\byte-buddy\1.12.10\byte-buddy-1.12.10.jar;C:\Users\Sandeepkumar.Phalke\.m2\repository\io\rest-assured\rest-assured\5.3.0\rest-assured-5.3.0.jar;C:\Users\Sandeepkumar.Phalke\.m2\repository\org\apache\groovy\groovy-xml\4.0.6\groovy-xml-4.0.6.jar;C:\Users\Sandeepkumar.Phalke\.m2\repository\org\apache\httpcomponents\httpmime\4.5.13\httpmime-4.5.13.jar;C:\Users\Sandeepkumar.Phalke\.m2\repository\org\ccil\cowan\tagsoup\tagsoup\1.2.1\tagsoup-1.2.1.jar;C:\Users\Sandeepkumar.Phalke\.m2\repository\io\rest-assured\json-path\5.3.0\json-path-5.3.0.jar;C:\Users\Sandeepkumar.Phalke\.m2\repository\org\apache\groovy\groovy-json\4.0.6\groovy-json-4.0.6.jar;C:\Users\Sandeepkumar.Phalke\.m2\repository\io\rest-assured\rest-assured-common\5.3.0\rest-assured-common-5.3.0.jar;C:\Users\Sandeepkumar.Phalke\.m2\repository\io\rest-assured\xml-path\5.3.0\xml-path-5.3.0.jar;"/>
    <property name="java.vm.vendor" value="Oracle Corporation"/>
    <property name="sun.arch.data.model" value="64"/>
    <property name="user.variant" value=""/>
    <property name="java.vendor.url" value="http://java.oracle.com/"/>
    <property name="user.timezone" value="Asia/Calcutta"/>
    <property name="java.vm.specification.version" value="1.8"/>
    <property name="os.name" value="Windows 10"/>
    <property name="user.country" value="IN"/>
    <property name="sun.java.launcher" value="SUN_STANDARD"/>
    <property name="sun.boot.library.path" value="C:\Program Files\Java\jdk1.8.0_341\jre\bin"/>
    <property name="sun.java.command" value="C:\Users\Sandeepkumar.Phalke\AppData\Local\Temp\surefire8900246995596072213\surefirebooter8085529152070677897.jar C:\Users\Sandeepkumar.Phalke\AppData\Local\Temp\surefire8900246995596072213 2022-12-23T17-55-20_180-jvmRun1 surefire584426231414873962tmp surefire_01929555546552074167tmp"/>
    <property name="surefire.test.class.path" value="C:\Users\Sandeepkumar.Phalke\eclipse-workspace\UNICEF_SerenityBDD_Automation_Framework\target\test-classes;C:\Users\Sandeepkumar.Phalke\eclipse-workspace\UNICEF_SerenityBDD_Automation_Framework\target\cucumber-starter-1.0.0-SNAPSHOT.jar;C:\Users\Sandeepkumar.Phalke\.m2\repository\net\serenity-bdd\serenity-core\3.4.2\serenity-core-3.4.2.jar;C:\Users\Sandeepkumar.Phalke\.m2\repository\net\serenity-bdd\serenity-model\3.4.2\serenity-model-3.4.2.jar;C:\Users\Sandeepkumar.Phalke\.m2\repository\org\apache\commons\commons-text\1.10.0\commons-text-1.10.0.jar;C:\Users\Sandeepkumar.Phalke\.m2\repository\commons-net\commons-net\3.8.0\commons-net-3.8.0.jar;C:\Users\Sandeepkumar.Phalke\.m2\repository\com\google\guava\guava\31.1-jre\guava-31.1-jre.jar;C:\Users\Sandeepkumar.Phalke\.m2\repository\com\google\guava\failureaccess\1.0.1\failureaccess-1.0.1.jar;C:\Users\Sandeepkumar.Phalke\.m2\repository\com\google\guava\listenablefuture\9999.0-empty-to-avoid-conflict-with-guava\listenablefuture-9999.0-empty-to-avoid-conflict-with-guava.jar;C:\Users\Sandeepkumar.Phalke\.m2\repository\com\google\code\findbugs\jsr305\3.0.2\jsr305-3.0.2.jar;C:\Users\Sandeepkumar.Phalke\.m2\repository\org\checkerframework\checker-qual\3.12.0\checker-qual-3.12.0.jar;C:\Users\Sandeepkumar.Phalke\.m2\repository\com\google\errorprone\error_prone_annotations\2.11.0\error_prone_annotations-2.11.0.jar;C:\Users\Sandeepkumar.Phalke\.m2\repository\com\google\j2objc\j2objc-annotations\1.3\j2objc-annotations-1.3.jar;C:\Users\Sandeepkumar.Phalke\.m2\repository\com\google\inject\guice\5.1.0\guice-5.1.0.jar;C:\Users\Sandeepkumar.Phalke\.m2\repository\javax\inject\javax.inject\1\javax.inject-1.jar;C:\Users\Sandeepkumar.Phalke\.m2\repository\aopalliance\aopalliance\1.0\aopalliance-1.0.jar;C:\Users\Sandeepkumar.Phalke\.m2\repository\org\jsoup\jsoup\1.14.3\jsoup-1.14.3.jar;C:\Users\Sandeepkumar.Phalke\.m2\repository\com\thoughtworks\xstream\xstream\1.4.19\xstream-1.4.19.jar;C:\Users\Sandeepkumar.Phalke\.m2\repository\io\github\x-stream\mxparser\1.2.2\mxparser-1.2.2.jar;C:\Users\Sandeepkumar.Phalke\.m2\repository\xmlpull\xmlpull\1.1.3.1\xmlpull-1.1.3.1.jar;C:\Users\Sandeepkumar.Phalke\.m2\repository\com\typesafe\config\1.4.2\config-1.4.2.jar;C:\Users\Sandeepkumar.Phalke\.m2\repository\org\imgscalr\imgscalr-lib\4.2\imgscalr-lib-4.2.jar;C:\Users\Sandeepkumar.Phalke\.m2\repository\org\awaitility\awaitility\4.2.0\awaitility-4.2.0.jar;C:\Users\Sandeepkumar.Phalke\.m2\repository\org\freemarker\freemarker\2.3.31\freemarker-2.3.31.jar;C:\Users\Sandeepkumar.Phalke\.m2\repository\io\github\classgraph\classgraph\4.8.138\classgraph-4.8.138.jar;C:\Users\Sandeepkumar.Phalke\.m2\repository\net\sourceforge\jexcelapi\jxl\2.6.12\jxl-2.6.12.jar;C:\Users\Sandeepkumar.Phalke\.m2\repository\net\bytebuddy\byte-buddy-agent\1.12.18\byte-buddy-agent-1.12.18.jar;C:\Users\Sandeepkumar.Phalke\.m2\repository\org\objenesis\objenesis\3.1\objenesis-3.1.jar;C:\Users\Sandeepkumar.Phalke\.m2\repository\net\serenity-bdd\serenity-reports\3.4.2\serenity-reports-3.4.2.jar;C:\Users\Sandeepkumar.Phalke\.m2\repository\net\serenity-bdd\serenity-stats\3.4.2\serenity-stats-3.4.2.jar;C:\Users\Sandeepkumar.Phalke\.m2\repository\net\serenity-bdd\serenity-reports-configuration\3.4.2\serenity-reports-configuration-3.4.2.jar;C:\Users\Sandeepkumar.Phalke\.m2\repository\com\vladsch\flexmark\flexmark-all\0.34.30\flexmark-all-0.34.30.jar;C:\Users\Sandeepkumar.Phalke\.m2\repository\com\vladsch\flexmark\flexmark\0.34.30\flexmark-0.34.30.jar;C:\Users\Sandeepkumar.Phalke\.m2\repository\com\vladsch\flexmark\flexmark-ext-abbreviation\0.34.30\flexmark-ext-abbreviation-0.34.30.jar;C:\Users\Sandeepkumar.Phalke\.m2\repository\com\vladsch\flexmark\flexmark-ext-admonition\0.34.30\flexmark-ext-admonition-0.34.30.jar;C:\Users\Sandeepkumar.Phalke\.m2\repository\com\vladsch\flexmark\flexmark-ext-anchorlink\0.34.30\flexmark-ext-anchorlink-0.34.30.jar;C:\Users\Sandeepkumar.Phalke\.m2\repository\com\vladsch\flexmark\flexmark-ext-aside\0.34.30\flexmark-ext-aside-0.34.30.jar;C:\Users\Sandeepkumar.Phalke\.m2\repository\com\vladsch\flexmark\flexmark-ext-attributes\0.34.30\flexmark-ext-attributes-0.34.30.jar;C:\Users\Sandeepkumar.Phalke\.m2\repository\com\vladsch\flexmark\flexmark-ext-autolink\0.34.30\flexmark-ext-autolink-0.34.30.jar;C:\Users\Sandeepkumar.Phalke\.m2\repository\org\nibor\autolink\autolink\0.6.0\autolink-0.6.0.jar;C:\Users\Sandeepkumar.Phalke\.m2\repository\com\vladsch\flexmark\flexmark-ext-definition\0.34.30\flexmark-ext-definition-0.34.30.jar;C:\Users\Sandeepkumar.Phalke\.m2\repository\com\vladsch\flexmark\flexmark-ext-emoji\0.34.30\flexmark-ext-emoji-0.34.30.jar;C:\Users\Sandeepkumar.Phalke\.m2\repository\com\vladsch\flexmark\flexmark-ext-enumerated-reference\0.34.30\flexmark-ext-enumerated-reference-0.34.30.jar;C:\Users\Sandeepkumar.Phalke\.m2\repository\com\vladsch\flexmark\flexmark-ext-escaped-character\0.34.30\flexmark-ext-escaped-character-0.34.30.jar;C:\Users\Sandeepkumar.Phalke\.m2\repository\com\vladsch\flexmark\flexmark-ext-footnotes\0.34.30\flexmark-ext-footnotes-0.34.30.jar;C:\Users\Sandeepkumar.Phalke\.m2\repository\com\vladsch\flexmark\flexmark-ext-gfm-issues\0.34.30\flexmark-ext-gfm-issues-0.34.30.jar;C:\Users\Sandeepkumar.Phalke\.m2\repository\com\vladsch\flexmark\flexmark-ext-gfm-strikethrough\0.34.30\flexmark-ext-gfm-strikethrough-0.34.30.jar;C:\Users\Sandeepkumar.Phalke\.m2\repository\com\vladsch\flexmark\flexmark-ext-gfm-tables\0.34.30\flexmark-ext-gfm-tables-0.34.30.jar;C:\Users\Sandeepkumar.Phalke\.m2\repository\com\vladsch\flexmark\flexmark-ext-gfm-tasklist\0.34.30\flexmark-ext-gfm-tasklist-0.34.30.jar;C:\Users\Sandeepkumar.Phalke\.m2\repository\com\vladsch\flexmark\flexmark-ext-gfm-users\0.34.30\flexmark-ext-gfm-users-0.34.30.jar;C:\Users\Sandeepkumar.Phalke\.m2\repository\com\vladsch\flexmark\flexmark-ext-gitlab\0.34.30\flexmark-ext-gitlab-0.34.30.jar;C:\Users\Sandeepkumar.Phalke\.m2\repository\com\vladsch\flexmark\flexmark-ext-jekyll-front-matter\0.34.30\flexmark-ext-jekyll-front-matter-0.34.30.jar;C:\Users\Sandeepkumar.Phalke\.m2\repository\com\vladsch\flexmark\flexmark-ext-jekyll-tag\0.34.30\flexmark-ext-jekyll-tag-0.34.30.jar;C:\Users\Sandeepkumar.Phalke\.m2\repository\com\vladsch\flexmark\flexmark-ext-media-tags\0.34.30\flexmark-ext-media-tags-0.34.30.jar;C:\Users\Sandeepkumar.Phalke\.m2\repository\com\vladsch\flexmark\flexmark-test-util\0.34.30\flexmark-test-util-0.34.30.jar;C:\Users\Sandeepkumar.Phalke\.m2\repository\com\vladsch\flexmark\flexmark-ext-ins\0.34.30\flexmark-ext-ins-0.34.30.jar;C:\Users\Sandeepkumar.Phalke\.m2\repository\com\vladsch\flexmark\flexmark-ext-xwiki-macros\0.34.30\flexmark-ext-xwiki-macros-0.34.30.jar;C:\Users\Sandeepkumar.Phalke\.m2\repository\com\vladsch\flexmark\flexmark-ext-superscript\0.34.30\flexmark-ext-superscript-0.34.30.jar;C:\Users\Sandeepkumar.Phalke\.m2\repository\com\vladsch\flexmark\flexmark-ext-tables\0.34.30\flexmark-ext-tables-0.34.30.jar;C:\Users\Sandeepkumar.Phalke\.m2\repository\com\vladsch\flexmark\flexmark-ext-toc\0.34.30\flexmark-ext-toc-0.34.30.jar;C:\Users\Sandeepkumar.Phalke\.m2\repository\com\vladsch\flexmark\flexmark-ext-typographic\0.34.30\flexmark-ext-typographic-0.34.30.jar;C:\Users\Sandeepkumar.Phalke\.m2\repository\com\vladsch\flexmark\flexmark-ext-wikilink\0.34.30\flexmark-ext-wikilink-0.34.30.jar;C:\Users\Sandeepkumar.Phalke\.m2\repository\com\vladsch\flexmark\flexmark-ext-yaml-front-matter\0.34.30\flexmark-ext-yaml-front-matter-0.34.30.jar;C:\Users\Sandeepkumar.Phalke\.m2\repository\com\vladsch\flexmark\flexmark-ext-youtube-embedded\0.34.30\flexmark-ext-youtube-embedded-0.34.30.jar;C:\Users\Sandeepkumar.Phalke\.m2\repository\com\vladsch\flexmark\flexmark-formatter\0.34.30\flexmark-formatter-0.34.30.jar;C:\Users\Sandeepkumar.Phalke\.m2\repository\com\vladsch\flexmark\flexmark-html-parser\0.34.30\flexmark-html-parser-0.34.30.jar;C:\Users\Sandeepkumar.Phalke\.m2\repository\com\vladsch\flexmark\flexmark-jira-converter\0.34.30\flexmark-jira-converter-0.34.30.jar;C:\Users\Sandeepkumar.Phalke\.m2\repository\com\vladsch\flexmark\flexmark-pdf-converter\0.34.30\flexmark-pdf-converter-0.34.30.jar;C:\Users\Sandeepkumar.Phalke\.m2\repository\com\openhtmltopdf\openhtmltopdf-core\0.0.1-RC13\openhtmltopdf-core-0.0.1-RC13.jar;C:\Users\Sandeepkumar.Phalke\.m2\repository\com\openhtmltopdf\openhtmltopdf-pdfbox\0.0.1-RC13\openhtmltopdf-pdfbox-0.0.1-RC13.jar;C:\Users\Sandeepkumar.Phalke\.m2\repository\org\apache\pdfbox\pdfbox\2.0.8\pdfbox-2.0.8.jar;C:\Users\Sandeepkumar.Phalke\.m2\repository\org\apache\pdfbox\fontbox\2.0.8\fontbox-2.0.8.jar;C:\Users\Sandeepkumar.Phalke\.m2\repository\org\apache\pdfbox\xmpbox\2.0.8\xmpbox-2.0.8.jar;C:\Users\Sandeepkumar.Phalke\.m2\repository\de\rototor\pdfbox\graphics2d\0.12\graphics2d-0.12.jar;C:\Users\Sandeepkumar.Phalke\.m2\repository\com\openhtmltopdf\openhtmltopdf-rtl-support\0.0.1-RC13\openhtmltopdf-rtl-support-0.0.1-RC13.jar;C:\Users\Sandeepkumar.Phalke\.m2\repository\com\ibm\icu\icu4j\59.1\icu4j-59.1.jar;C:\Users\Sandeepkumar.Phalke\.m2\repository\com\openhtmltopdf\openhtmltopdf-jsoup-dom-converter\0.0.1-RC13\openhtmltopdf-jsoup-dom-converter-0.0.1-RC13.jar;C:\Users\Sandeepkumar.Phalke\.m2\repository\com\vladsch\flexmark\flexmark-profile-pegdown\0.34.30\flexmark-profile-pegdown-0.34.30.jar;C:\Users\Sandeepkumar.Phalke\.m2\repository\com\vladsch\flexmark\flexmark-util\0.34.30\flexmark-util-0.34.30.jar;C:\Users\Sandeepkumar.Phalke\.m2\repository\com\vladsch\flexmark\flexmark-youtrack-converter\0.34.30\flexmark-youtrack-converter-0.34.30.jar;C:\Users\Sandeepkumar.Phalke\.m2\repository\es\nitaur\markdown\txtmark\0.16\txtmark-0.16.jar;C:\Users\Sandeepkumar.Phalke\.m2\repository\net\serenity-bdd\serenity-report-resources\3.4.2\serenity-report-resources-3.4.2.jar;C:\Users\Sandeepkumar.Phalke\.m2\repository\com\google\code\gson\gson\2.9.0\gson-2.9.0.jar;C:\Users\Sandeepkumar.Phalke\.m2\repository\com\fasterxml\jackson\core\jackson-core\2.13.4\jackson-core-2.13.4.jar;C:\Users\Sandeepkumar.Phalke\.m2\repository\com\fasterxml\jackson\core\jackson-databind\2.13.4\jackson-databind-2.13.4.jar;C:\Users\Sandeepkumar.Phalke\.m2\repository\com\fasterxml\jackson\core\jackson-annotations\2.13.4\jackson-annotations-2.13.4.jar;C:\Users\Sandeepkumar.Phalke\.m2\repository\commons-codec\commons-codec\1.15\commons-codec-1.15.jar;C:\Users\Sandeepkumar.Phalke\.m2\repository\commons-io\commons-io\2.11.0\commons-io-2.11.0.jar;C:\Users\Sandeepkumar.Phalke\.m2\repository\org\apache\httpcomponents\httpclient\4.5.13\httpclient-4.5.13.jar;C:\Users\Sandeepkumar.Phalke\.m2\repository\org\apache\httpcomponents\httpcore\4.4.13\httpcore-4.4.13.jar;C:\Users\Sandeepkumar.Phalke\.m2\repository\commons-logging\commons-logging\1.2\commons-logging-1.2.jar;C:\Users\Sandeepkumar.Phalke\.m2\repository\org\seleniumhq\selenium\selenium-java\4.6.0\selenium-java-4.6.0.jar;C:\Users\Sandeepkumar.Phalke\.m2\repository\org\seleniumhq\selenium\selenium-devtools-v105\4.6.0\selenium-devtools-v105-4.6.0.jar;C:\Users\Sandeepkumar.Phalke\.m2\repository\org\seleniumhq\selenium\selenium-devtools-v106\4.6.0\selenium-devtools-v106-4.6.0.jar;C:\Users\Sandeepkumar.Phalke\.m2\repository\org\seleniumhq\selenium\selenium-devtools-v107\4.6.0\selenium-devtools-v107-4.6.0.jar;C:\Users\Sandeepkumar.Phalke\.m2\repository\org\seleniumhq\selenium\selenium-devtools-v85\4.6.0\selenium-devtools-v85-4.6.0.jar;C:\Users\Sandeepkumar.Phalke\.m2\repository\org\seleniumhq\selenium\selenium-remote-driver\4.6.0\selenium-remote-driver-4.6.0.jar;C:\Users\Sandeepkumar.Phalke\.m2\repository\com\beust\jcommander\1.82\jcommander-1.82.jar;C:\Users\Sandeepkumar.Phalke\.m2\repository\io\netty\netty-buffer\4.1.84.Final\netty-buffer-4.1.84.Final.jar;C:\Users\Sandeepkumar.Phalke\.m2\repository\io\netty\netty-codec-http\4.1.84.Final\netty-codec-http-4.1.84.Final.jar;C:\Users\Sandeepkumar.Phalke\.m2\repository\io\netty\netty-codec\4.1.84.Final\netty-codec-4.1.84.Final.jar;C:\Users\Sandeepkumar.Phalke\.m2\repository\io\netty\netty-handler\4.1.84.Final\netty-handler-4.1.84.Final.jar;C:\Users\Sandeepkumar.Phalke\.m2\repository\io\netty\netty-common\4.1.84.Final\netty-common-4.1.84.Final.jar;C:\Users\Sandeepkumar.Phalke\.m2\repository\io\netty\netty-transport-classes-epoll\4.1.84.Final\netty-transport-classes-epoll-4.1.84.Final.jar;C:\Users\Sandeepkumar.Phalke\.m2\repository\io\netty\netty-transport-classes-kqueue\4.1.84.Final\netty-transport-classes-kqueue-4.1.84.Final.jar;C:\Users\Sandeepkumar.Phalke\.m2\repository\io\netty\netty-transport-native-epoll\4.1.84.Final\netty-transport-native-epoll-4.1.84.Final.jar;C:\Users\Sandeepkumar.Phalke\.m2\repository\io\netty\netty-transport-native-kqueue\4.1.84.Final\netty-transport-native-kqueue-4.1.84.Final.jar;C:\Users\Sandeepkumar.Phalke\.m2\repository\io\netty\netty-transport-native-unix-common\4.1.84.Final\netty-transport-native-unix-common-4.1.84.Final.jar;C:\Users\Sandeepkumar.Phalke\.m2\repository\io\netty\netty-transport\4.1.84.Final\netty-transport-4.1.84.Final.jar;C:\Users\Sandeepkumar.Phalke\.m2\repository\io\netty\netty-resolver\4.1.84.Final\netty-resolver-4.1.84.Final.jar;C:\Users\Sandeepkumar.Phalke\.m2\repository\io\opentelemetry\opentelemetry-api\1.19.0\opentelemetry-api-1.19.0.jar;C:\Users\Sandeepkumar.Phalke\.m2\repository\io\opentelemetry\opentelemetry-context\1.19.0\opentelemetry-context-1.19.0.jar;C:\Users\Sandeepkumar.Phalke\.m2\repository\io\opentelemetry\opentelemetry-exporter-logging\1.19.0\opentelemetry-exporter-logging-1.19.0.jar;C:\Users\Sandeepkumar.Phalke\.m2\repository\io\opentelemetry\opentelemetry-sdk-metrics\1.19.0\opentelemetry-sdk-metrics-1.19.0.jar;C:\Users\Sandeepkumar.Phalke\.m2\repository\io\opentelemetry\opentelemetry-sdk-logs\1.19.0-alpha\opentelemetry-sdk-logs-1.19.0-alpha.jar;C:\Users\Sandeepkumar.Phalke\.m2\repository\io\opentelemetry\opentelemetry-api-logs\1.19.0-alpha\opentelemetry-api-logs-1.19.0-alpha.jar;C:\Users\Sandeepkumar.Phalke\.m2\repository\io\opentelemetry\opentelemetry-sdk-common\1.19.0\opentelemetry-sdk-common-1.19.0.jar;C:\Users\Sandeepkumar.Phalke\.m2\repository\io\opentelemetry\opentelemetry-sdk-extension-autoconfigure-spi\1.19.0\opentelemetry-sdk-extension-autoconfigure-spi-1.19.0.jar;C:\Users\Sandeepkumar.Phalke\.m2\repository\io\opentelemetry\opentelemetry-sdk-extension-autoconfigure\1.19.0-alpha\opentelemetry-sdk-extension-autoconfigure-1.19.0-alpha.jar;C:\Users\Sandeepkumar.Phalke\.m2\repository\io\opentelemetry\opentelemetry-exporter-common\1.19.0\opentelemetry-exporter-common-1.19.0.jar;C:\Users\Sandeepkumar.Phalke\.m2\repository\io\opentelemetry\opentelemetry-sdk-trace\1.19.0\opentelemetry-sdk-trace-1.19.0.jar;C:\Users\Sandeepkumar.Phalke\.m2\repository\io\opentelemetry\opentelemetry-sdk\1.19.0\opentelemetry-sdk-1.19.0.jar;C:\Users\Sandeepkumar.Phalke\.m2\repository\io\opentelemetry\opentelemetry-semconv\1.19.0-alpha\opentelemetry-semconv-1.19.0-alpha.jar;C:\Users\Sandeepkumar.Phalke\.m2\repository\io\ous\jtoml\2.0.0\jtoml-2.0.0.jar;C:\Users\Sandeepkumar.Phalke\.m2\repository\org\apache\commons\commons-exec\1.3\commons-exec-1.3.jar;C:\Users\Sandeepkumar.Phalke\.m2\repository\org\asynchttpclient\async-http-client\2.12.3\async-http-client-2.12.3.jar;C:\Users\Sandeepkumar.Phalke\.m2\repository\org\asynchttpclient\async-http-client-netty-utils\2.12.3\async-http-client-netty-utils-2.12.3.jar;C:\Users\Sandeepkumar.Phalke\.m2\repository\io\netty\netty-codec-socks\4.1.60.Final\netty-codec-socks-4.1.60.Final.jar;C:\Users\Sandeepkumar.Phalke\.m2\repository\io\netty\netty-handler-proxy\4.1.60.Final\netty-handler-proxy-4.1.60.Final.jar;C:\Users\Sandeepkumar.Phalke\.m2\repository\io\netty\netty-transport-native-epoll\4.1.60.Final\netty-transport-native-epoll-4.1.60.Final-linux-x86_64.jar;C:\Users\Sandeepkumar.Phalke\.m2\repository\io\netty\netty-transport-native-kqueue\4.1.60.Final\netty-transport-native-kqueue-4.1.60.Final-osx-x86_64.jar;C:\Users\Sandeepkumar.Phalke\.m2\repository\org\reactivestreams\reactive-streams\1.0.3\reactive-streams-1.0.3.jar;C:\Users\Sandeepkumar.Phalke\.m2\repository\com\typesafe\netty\netty-reactive-streams\2.0.4\netty-reactive-streams-2.0.4.jar;C:\Users\Sandeepkumar.Phalke\.m2\repository\org\seleniumhq\selenium\selenium-http\4.6.0\selenium-http-4.6.0.jar;C:\Users\Sandeepkumar.Phalke\.m2\repository\dev\failsafe\failsafe\3.3.0\failsafe-3.3.0.jar;C:\Users\Sandeepkumar.Phalke\.m2\repository\org\seleniumhq\selenium\selenium-manager\4.6.0\selenium-manager-4.6.0.jar;C:\Users\Sandeepkumar.Phalke\.m2\repository\org\seleniumhq\selenium\selenium-safari-driver\4.6.0\selenium-safari-driver-4.6.0.jar;C:\Users\Sandeepkumar.Phalke\.m2\repository\org\seleniumhq\selenium\selenium-api\4.6.0\selenium-api-4.6.0.jar;C:\Users\Sandeepkumar.Phalke\.m2\repository\org\seleniumhq\selenium\selenium-support\4.6.0\selenium-support-4.6.0.jar;C:\Users\Sandeepkumar.Phalke\.m2\repository\com\google\auto\service\auto-service-annotations\1.0.1\auto-service-annotations-1.0.1.jar;C:\Users\Sandeepkumar.Phalke\.m2\repository\com\google\auto\service\auto-service\1.0.1\auto-service-1.0.1.jar;C:\Users\Sandeepkumar.Phalke\.m2\repository\com\google\auto\auto-common\1.2\auto-common-1.2.jar;C:\Users\Sandeepkumar.Phalke\.m2\repository\org\seleniumhq\selenium\selenium-json\4.6.0\selenium-json-4.6.0.jar;C:\Users\Sandeepkumar.Phalke\.m2\repository\org\seleniumhq\selenium\selenium-chrome-driver\4.6.0\selenium-chrome-driver-4.6.0.jar;C:\Users\Sandeepkumar.Phalke\.m2\repository\org\seleniumhq\selenium\selenium-chromium-driver\4.6.0\selenium-chromium-driver-4.6.0.jar;C:\Users\Sandeepkumar.Phalke\.m2\repository\org\seleniumhq\selenium\selenium-firefox-driver\4.6.0\selenium-firefox-driver-4.6.0.jar;C:\Users\Sandeepkumar.Phalke\.m2\repository\org\seleniumhq\selenium\selenium-edge-driver\4.6.0\selenium-edge-driver-4.6.0.jar;C:\Users\Sandeepkumar.Phalke\.m2\repository\org\seleniumhq\selenium\selenium-ie-driver\4.6.0\selenium-ie-driver-4.6.0.jar;C:\Users\Sandeepkumar.Phalke\.m2\repository\org\projectlombok\lombok\1.18.20\lombok-1.18.20.jar;C:\Users\Sandeepkumar.Phalke\.m2\repository\io\appium\java-client\8.2.0\java-client-8.2.0.jar;C:\Users\Sandeepkumar.Phalke\.m2\repository\commons-validator\commons-validator\1.7\commons-validator-1.7.jar;C:\Users\Sandeepkumar.Phalke\.m2\repository\commons-digester\commons-digester\2.1\commons-digester-2.1.jar;C:\Users\Sandeepkumar.Phalke\.m2\repository\org\apache\groovy\groovy\4.0.6\groovy-4.0.6.jar;C:\Users\Sandeepkumar.Phalke\.m2\repository\net\sf\opencsv\opencsv\2.0\opencsv-2.0.jar;C:\Users\Sandeepkumar.Phalke\.m2\repository\commons-beanutils\commons-beanutils\1.9.4\commons-beanutils-1.9.4.jar;C:\Users\Sandeepkumar.Phalke\.m2\repository\org\apache\commons\commons-lang3\3.12.0\commons-lang3-3.12.0.jar;C:\Users\Sandeepkumar.Phalke\.m2\repository\commons-collections\commons-collections\3.2.2\commons-collections-3.2.2.jar;C:\Users\Sandeepkumar.Phalke\.m2\repository\org\fluentlenium\fluentlenium-core\0.10.2\fluentlenium-core-0.10.2.jar;C:\Users\Sandeepkumar.Phalke\.m2\repository\io\github\bonigarcia\webdrivermanager\5.3.0\webdrivermanager-5.3.0.jar;C:\Users\Sandeepkumar.Phalke\.m2\repository\com\github\docker-java\docker-java\3.2.13\docker-java-3.2.13.jar;C:\Users\Sandeepkumar.Phalke\.m2\repository\com\github\docker-java\docker-java-core\3.2.13\docker-java-core-3.2.13.jar;C:\Users\Sandeepkumar.Phalke\.m2\repository\com\github\docker-java\docker-java-api\3.2.13\docker-java-api-3.2.13.jar;C:\Users\Sandeepkumar.Phalke\.m2\repository\org\apache\commons\commons-compress\1.21\commons-compress-1.21.jar;C:\Users\Sandeepkumar.Phalke\.m2\repository\org\bouncycastle\bcpkix-jdk15on\1.64\bcpkix-jdk15on-1.64.jar;C:\Users\Sandeepkumar.Phalke\.m2\repository\org\bouncycastle\bcprov-jdk15on\1.64\bcprov-jdk15on-1.64.jar;C:\Users\Sandeepkumar.Phalke\.m2\repository\org\slf4j\jcl-over-slf4j\1.7.30\jcl-over-slf4j-1.7.30.jar;C:\Users\Sandeepkumar.Phalke\.m2\repository\com\github\docker-java\docker-java-transport-httpclient5\3.2.13\docker-java-transport-httpclient5-3.2.13.jar;C:\Users\Sandeepkumar.Phalke\.m2\repository\com\github\docker-java\docker-java-transport\3.2.13\docker-java-transport-3.2.13.jar;C:\Users\Sandeepkumar.Phalke\.m2\repository\net\java\dev\jna\jna\5.8.0\jna-5.8.0.jar;C:\Users\Sandeepkumar.Phalke\.m2\repository\org\brotli\dec\0.1.2\dec-0.1.2.jar;C:\Users\Sandeepkumar.Phalke\.m2\repository\org\apache\httpcomponents\client5\httpclient5\5.1.3\httpclient5-5.1.3.jar;C:\Users\Sandeepkumar.Phalke\.m2\repository\org\apache\httpcomponents\core5\httpcore5\5.1.3\httpcore5-5.1.3.jar;C:\Users\Sandeepkumar.Phalke\.m2\repository\org\apache\httpcomponents\core5\httpcore5-h2\5.1.3\httpcore5-h2-5.1.3.jar;C:\Users\Sandeepkumar.Phalke\.m2\repository\com\jhlabs\filters\2.0.235\filters-2.0.235.jar;C:\Users\Sandeepkumar.Phalke\.m2\repository\com\paulhammant\ngwebdriver\1.1.6\ngwebdriver-1.1.6.jar;C:\Users\Sandeepkumar.Phalke\.m2\repository\joda-time\joda-time\2.8.2\joda-time-2.8.2.jar;C:\Users\Sandeepkumar.Phalke\.m2\repository\org\hamcrest\hamcrest\2.2\hamcrest-2.2.jar;C:\Users\Sandeepkumar.Phalke\.m2\repository\com\google\jimfs\jimfs\1.2\jimfs-1.2.jar;C:\Users\Sandeepkumar.Phalke\.m2\repository\org\mockito\mockito-core\3.3.3\mockito-core-3.3.3.jar;C:\Users\Sandeepkumar.Phalke\.m2\repository\javax\xml\bind\jaxb-api\2.3.1\jaxb-api-2.3.1.jar;C:\Users\Sandeepkumar.Phalke\.m2\repository\javax\activation\javax.activation-api\1.2.0\javax.activation-api-1.2.0.jar;C:\Users\Sandeepkumar.Phalke\.m2\repository\com\sun\xml\bind\jaxb-core\2.3.0.1\jaxb-core-2.3.0.1.jar;C:\Users\Sandeepkumar.Phalke\.m2\repository\com\sun\xml\bind\jaxb-impl\2.3.3\jaxb-impl-2.3.3.jar;C:\Users\Sandeepkumar.Phalke\.m2\repository\jakarta\xml\bind\jakarta.xml.bind-api\2.3.3\jakarta.xml.bind-api-2.3.3.jar;C:\Users\Sandeepkumar.Phalke\.m2\repository\com\sun\activation\jakarta.activation\1.2.2\jakarta.activation-1.2.2.jar;C:\Users\Sandeepkumar.Phalke\.m2\repository\javax\activation\activation\1.1.1\activation-1.1.1.jar;C:\Users\Sandeepkumar.Phalke\.m2\repository\net\serenity-bdd\serenity-cucumber\3.4.2\serenity-cucumber-3.4.2.jar;C:\Users\Sandeepkumar.Phalke\.m2\repository\io\cucumber\cucumber-core\7.8.1\cucumber-core-7.8.1.jar;C:\Users\Sandeepkumar.Phalke\.m2\repository\io\cucumber\cucumber-gherkin\7.8.1\cucumber-gherkin-7.8.1.jar;C:\Users\Sandeepkumar.Phalke\.m2\repository\io\cucumber\cucumber-gherkin-messages\7.8.1\cucumber-gherkin-messages-7.8.1.jar;C:\Users\Sandeepkumar.Phalke\.m2\repository\io\cucumber\gherkin\24.0.0\gherkin-24.0.0.jar;C:\Users\Sandeepkumar.Phalke\.m2\repository\io\cucumber\messages\19.1.4\messages-19.1.4.jar;C:\Users\Sandeepkumar.Phalke\.m2\repository\io\cucumber\tag-expressions\4.1.0\tag-expressions-4.1.0.jar;C:\Users\Sandeepkumar.Phalke\.m2\repository\io\cucumber\cucumber-expressions\16.0.0\cucumber-expressions-16.0.0.jar;C:\Users\Sandeepkumar.Phalke\.m2\repository\io\cucumber\datatable\7.8.1\datatable-7.8.1.jar;C:\Users\Sandeepkumar.Phalke\.m2\repository\io\cucumber\cucumber-plugin\7.8.1\cucumber-plugin-7.8.1.jar;C:\Users\Sandeepkumar.Phalke\.m2\repository\io\cucumber\docstring\7.8.1\docstring-7.8.1.jar;C:\Users\Sandeepkumar.Phalke\.m2\repository\io\cucumber\html-formatter\20.1.0\html-formatter-20.1.0.jar;C:\Users\Sandeepkumar.Phalke\.m2\repository\io\cucumber\ci-environment\9.1.0\ci-environment-9.1.0.jar;C:\Users\Sandeepkumar.Phalke\.m2\repository\io\cucumber\cucumber-java\7.8.1\cucumber-java-7.8.1.jar;C:\Users\Sandeepkumar.Phalke\.m2\repository\io\cucumber\cucumber-junit\7.8.1\cucumber-junit-7.8.1.jar;C:\Users\Sandeepkumar.Phalke\.m2\repository\org\apache\commons\commons-csv\1.5\commons-csv-1.5.jar;C:\Users\Sandeepkumar.Phalke\.m2\repository\net\serenity-bdd\serenity-screenplay\3.4.2\serenity-screenplay-3.4.2.jar;C:\Users\Sandeepkumar.Phalke\.m2\repository\net\serenity-bdd\serenity-screenplay-webdriver\3.4.2\serenity-screenplay-webdriver-3.4.2.jar;C:\Users\Sandeepkumar.Phalke\.m2\repository\net\serenity-bdd\serenity-ensure\3.4.2\serenity-ensure-3.4.2.jar;C:\Users\Sandeepkumar.Phalke\.m2\repository\net\serenity-bdd\serenity-junit\3.4.2\serenity-junit-3.4.2.jar;C:\Users\Sandeepkumar.Phalke\.m2\repository\org\jetbrains\kotlin\kotlin-stdlib\1.7.20\kotlin-stdlib-1.7.20.jar;C:\Users\Sandeepkumar.Phalke\.m2\repository\org\jetbrains\kotlin\kotlin-stdlib-common\1.7.20\kotlin-stdlib-common-1.7.20.jar;C:\Users\Sandeepkumar.Phalke\.m2\repository\org\jetbrains\annotations\13.0\annotations-13.0.jar;C:\Users\Sandeepkumar.Phalke\.m2\repository\org\junit\platform\junit-platform-launcher\1.8.2\junit-platform-launcher-1.8.2.jar;C:\Users\Sandeepkumar.Phalke\.m2\repository\org\junit\platform\junit-platform-engine\1.8.2\junit-platform-engine-1.8.2.jar;C:\Users\Sandeepkumar.Phalke\.m2\repository\org\opentest4j\opentest4j\1.2.0\opentest4j-1.2.0.jar;C:\Users\Sandeepkumar.Phalke\.m2\repository\org\junit\platform\junit-platform-commons\1.8.2\junit-platform-commons-1.8.2.jar;C:\Users\Sandeepkumar.Phalke\.m2\repository\org\apiguardian\apiguardian-api\1.1.2\apiguardian-api-1.1.2.jar;C:\Users\Sandeepkumar.Phalke\.m2\repository\org\junit\jupiter\junit-jupiter-engine\5.8.2\junit-jupiter-engine-5.8.2.jar;C:\Users\Sandeepkumar.Phalke\.m2\repository\org\junit\jupiter\junit-jupiter-api\5.8.2\junit-jupiter-api-5.8.2.jar;C:\Users\Sandeepkumar.Phalke\.m2\repository\org\junit\vintage\junit-vintage-engine\5.8.2\junit-vintage-engine-5.8.2.jar;C:\Users\Sandeepkumar.Phalke\.m2\repository\junit\junit\4.13.2\junit-4.13.2.jar;C:\Users\Sandeepkumar.Phalke\.m2\repository\org\hamcrest\hamcrest-core\1.3\hamcrest-core-1.3.jar;C:\Users\Sandeepkumar.Phalke\.m2\repository\ch\qos\logback\logback-classic\1.2.10\logback-classic-1.2.10.jar;C:\Users\Sandeepkumar.Phalke\.m2\repository\ch\qos\logback\logback-core\1.2.10\logback-core-1.2.10.jar;C:\Users\Sandeepkumar.Phalke\.m2\repository\org\slf4j\slf4j-api\1.7.32\slf4j-api-1.7.32.jar;C:\Users\Sandeepkumar.Phalke\.m2\repository\org\assertj\assertj-core\3.23.1\assertj-core-3.23.1.jar;C:\Users\Sandeepkumar.Phalke\.m2\repository\net\bytebuddy\byte-buddy\1.12.10\byte-buddy-1.12.10.jar;C:\Users\Sandeepkumar.Phalke\.m2\repository\io\rest-assured\rest-assured\5.3.0\rest-assured-5.3.0.jar;C:\Users\Sandeepkumar.Phalke\.m2\repository\org\apache\groovy\groovy-xml\4.0.6\groovy-xml-4.0.6.jar;C:\Users\Sandeepkumar.Phalke\.m2\repository\org\apache\httpcomponents\httpmime\4.5.13\httpmime-4.5.13.jar;C:\Users\Sandeepkumar.Phalke\.m2\repository\org\ccil\cowan\tagsoup\tagsoup\1.2.1\tagsoup-1.2.1.jar;C:\Users\Sandeepkumar.Phalke\.m2\repository\io\rest-assured\json-path\5.3.0\json-path-5.3.0.jar;C:\Users\Sandeepkumar.Phalke\.m2\repository\org\apache\groovy\groovy-json\4.0.6\groovy-json-4.0.6.jar;C:\Users\Sandeepkumar.Phalke\.m2\repository\io\rest-assured\rest-assured-common\5.3.0\rest-assured-common-5.3.0.jar;C:\Users\Sandeepkumar.Phalke\.m2\repository\io\rest-assured\xml-path\5.3.0\xml-path-5.3.0.jar;"/>
    <property name="sun.cpu.endian" value="little"/>
    <property name="user.home" value="C:\Users\Sandeepkumar.Phalke"/>
    <property name="user.language" value="en"/>
    <property name="java.specification.vendor" value="Oracle Corporation"/>
    <property name="java.home" value="C:\Program Files\Java\jdk1.8.0_341\jre"/>
    <property name="basedir" value="C:\Users\Sandeepkumar.Phalke\eclipse-workspace\UNICEF_SerenityBDD_Automation_Framework"/>
    <property name="file.separator" value="\"/>
    <property name="line.separator" value="&#10;"/>
    <property name="java.vm.specification.vendor" value="Oracle Corporation"/>
    <property name="java.specification.name" value="Java Platform API Specification"/>
    <property name="java.awt.graphicsenv" value="sun.awt.Win32GraphicsEnvironment"/>
    <property name="surefire.real.class.path" value="C:\Users\Sandeepkumar.Phalke\AppData\Local\Temp\surefire8900246995596072213\surefirebooter8085529152070677897.jar"/>
    <property name="sun.boot.class.path" value="C:\Program Files\Java\jdk1.8.0_341\jre\lib\resources.jar;C:\Program Files\Java\jdk1.8.0_341\jre\lib\rt.jar;C:\Program Files\Java\jdk1.8.0_341\jre\lib\jsse.jar;C:\Program Files\Java\jdk1.8.0_341\jre\lib\jce.jar;C:\Program Files\Java\jdk1.8.0_341\jre\lib\charsets.jar;C:\Program Files\Java\jdk1.8.0_341\jre\lib\jfr.jar;C:\Program Files\Java\jdk1.8.0_341\jre\classes"/>
    <property name="user.script" value=""/>
    <property name="java.protocol.handler.pkgs" value="com.google.common"/>
    <property name="sun.management.compiler" value="HotSpot 64-Bit Tiered Compilers"/>
    <property name="java.runtime.version" value="1.8.0_341-b10"/>
    <property name="user.name" value="Sandeepkumar.Phalke"/>
    <property name="path.separator" value=";"/>
    <property name="os.version" value="10.0"/>
    <property name="java.endorsed.dirs" value="C:\Program Files\Java\jdk1.8.0_341\jre\lib\endorsed"/>
    <property name="java.runtime.name" value="Java(TM) SE Runtime Environment"/>
    <property name="file.encoding" value="Cp1252"/>
    <property name="webdriver.base.url" value=""/>
    <property name="java.vm.name" value="Java HotSpot(TM) 64-Bit Server VM"/>
    <property name="localRepository" value="C:\Users\Sandeepkumar.Phalke\.m2\repository"/>
    <property name="java.vendor.url.bug" value="http://bugreport.sun.com/bugreport/"/>
    <property name="java.io.tmpdir" value="C:\Users\SANDEE~1.PHA\AppData\Local\Temp\"/>
    <property name="java.version" value="1.8.0_341"/>
    <property name="user.dir" value="C:\Users\Sandeepkumar.Phalke\eclipse-workspace\UNICEF_SerenityBDD_Automation_Framework"/>
    <property name="os.arch" value="amd64"/>
    <property name="java.vm.specification.name" value="Java Virtual Machine Specification"/>
    <property name="java.awt.printerjob" value="sun.awt.windows.WPrinterJob"/>
    <property name="sun.os.patch.level" value=""/>
    <property name="java.library.path" value="C:\Program Files\Java\jdk1.8.0_341\jre\bin;C:\Windows\Sun\Java\bin;C:\Windows\system32;C:\Windows;C:\Program Files (x86)\Common Files\Oracle\Java\javapath;C:\Windows\system32;C:\Windows;C:\Windows\System32\Wbem;C:\Windows\System32\WindowsPowerShell\v1.0\;C:\Windows\System32\OpenSSH\;C:\Users\Sandeepkumar.Phalke\AppData\Local\Microsoft\WindowsApps;D:\apache-maven-3.8.6\bin;D:\apache-maven-3.8.6\bin;C:\Program Files\Java\jdk1.8.0_341\bin;C:\Users\Sandeepkumar.Phalke\AppData\Local\Programs\Git\cmd;."/>
    <property name="java.vm.info" value="mixed mode"/>
    <property name="java.vendor" value="Oracle Corporation"/>
    <property name="java.vm.version" value="25.341-b10"/>
    <property name="java.ext.dirs" value="C:\Program Files\Java\jdk1.8.0_341\jre\lib\ext;C:\Windows\Sun\Java\lib\ext"/>
    <property name="sun.io.unicode.encoding" value="UnicodeLittle"/>
    <property name="java.class.version" value="52.0"/>
  </properties>
  <testcase name="Verify user is able to add arrival line and arrival receipt type data and finalize it" classname="Arrivals tab in SMT application for Store Operator user #1" time="56.215">
    <failure type="org.junit.ComparisonFailure"><![CDATA[org.junit.ComparisonFailure: expected:<[Complete]> but was:<[BIOPOLIO B1/3]>
]]></failure>
    <system-out><![CDATA[17:55:22.728 [main] INFO  i.c.core.plugin.SerenityReporter - Running feature from file:///C:/Users/Sandeepkumar.Phalke/eclipse-workspace/UNICEF_SerenityBDD_Automation_Framework/src/test/resources/features/StoreOperator/Arrivals.feature
17:55:22.914 [main] INFO   - 

-------------------------------------------------------------------------------------
     _______. _______ .______       _______ .__   __.  __  .___________.____    ____ 
    /       ||   ____||   _  \     |   ____||  \ |  | |  | |           |\   \  /   / 
   |   (----`|  |__   |  |_)  |    |  |__   |   \|  | |  | `---|  |----` \   \/   /  
    \   \    |   __|  |      /     |   __|  |  . `  | |  |     |  |       \_    _/   
.----)   |   |  |____ |  |\  \----.|  |____ |  |\   | |  |     |  |         |  |     
|_______/    |_______|| _| `._____||_______||__| \__| |__|     |__|         |__|    
                                                                                     
 News and tutorials at http://www.serenity-bdd.info                                  
 Documentation at https://wakaleo.gitbooks.io/the-serenity-book/content/             
 Join the Serenity Community on Gitter: https://gitter.im/serenity-bdd/serenity-core 
 Serenity BDD Support and Training at http://serenity-bdd.info/#/trainingandsupport  
-------------------------------------------------------------------------------------

17:55:22.918 [main] INFO   - Test Suite Started: Arrivals tab in SMT application for Store Operator user
17:55:22.936 [main] INFO  i.c.core.plugin.SerenityReporter - Running feature from file:///C:/Users/Sandeepkumar.Phalke/eclipse-workspace/UNICEF_SerenityBDD_Automation_Framework/src/test/resources/features/StoreOperator/Issuing.feature
17:55:22.941 [main] INFO   - Test Suite Started: Arrivals tab in SMT application for Store Operator user
17:55:22.941 [main] INFO  i.c.core.plugin.SerenityReporter - Running feature from file:///C:/Users/Sandeepkumar.Phalke/eclipse-workspace/UNICEF_SerenityBDD_Automation_Framework/src/test/resources/features/StoreOperator/StoreData.feature
17:55:22.946 [main] INFO   - Test Suite Started: Store Data tab in SMT application for Store Operator user
17:55:22.947 [main] INFO  i.c.core.plugin.SerenityReporter - Running feature from file:///C:/Users/Sandeepkumar.Phalke/eclipse-workspace/UNICEF_SerenityBDD_Automation_Framework/src/test/resources/features/StoreOperator/Arrivals.feature
17:55:22.951 [main] INFO   - Test Suite Started: Arrivals tab in SMT application for Store Operator user

Scenario Outline: Verify user is able to add arrival line and arrival receipt type data and finalize it &amp#27;[90m# src/test/resources/features/StoreOperator/Arrivals.feature:54&amp#27;[0m
17:55:23.077 [main] INFO  i.c.core.plugin.SerenityReporter - Running feature from file:///C:/Users/Sandeepkumar.Phalke/eclipse-workspace/UNICEF_SerenityBDD_Automation_Framework/src/test/resources/features/StoreOperator/Arrivals.feature
17:55:23.235 [main] INFO   - 
  _____   ___   ___   _____     ___   _____     _     ___   _____   ___   ___  
 |_   _| | __| / __| |_   _|   / __| |_   _|   /_\   | _ \ |_   _| | __| |   \ 
   | |   | _|  \__ \   | |     \__ \   | |    / _ \  |   /   | |   | _|  | |) |
   |_|   |___| |___/   |_|     |___/   |_|   /_/ \_\ |_|_\   |_|   |___| |___/ 

Verify user is able to add arrival line and arrival receipt type data and finalize it(arrivals-tab-in-smt-application-for-store-operator-user;verify-user-is-able-to-add-arrival-line-and-arrival-receipt-type-data-and-finalize-it)
--------------------------------------------------------------------------------
17:55:24.957 [main] INFO  n.s.c.w.d.ChromeDriverProvider - Starting Chrome driver instance with capabilities:
17:55:24.959 [main] INFO  n.s.c.w.d.ChromeDriverProvider - Capabilities {acceptInsecureCerts: false, browserName: chrome, goog:chromeOptions: {args: [test-type, no-sandbox, ignore-certificate-errors, --window-size=1000,800, incognito, disable-infobars, disable-gpu, disable-default-apps, disable-popup-blocking], extensions: []}}
  &amp#27;[32mGiven &amp#27;[0m&amp#27;[32mUser is on home page&amp#27;[0m                                                                            &amp#27;[90m# stepdefinitions.CommonDefinitions.user_is_on_home_page()&amp#27;[0m
  &amp#27;[32mWhen &amp#27;[0m&amp#27;[32mUser is getting correct title of home page&amp#27;[0m                                                       &amp#27;[90m# stepdefinitions.SignInDefinitions.user_is_getting_correct_title_of_home_page()&amp#27;[0m
  &amp#27;[32mThen &amp#27;[0m&amp#27;[32mUser click on login button&amp#27;[0m                                                                       &amp#27;[90m# stepdefinitions.HomeDefinitions.user_click_on_login_button()&amp#27;[0m
  &amp#27;[32mWhen &amp#27;[0m&amp#27;[32mUser click on Proceed To Login button in &amp#27;[0m&amp#27;[32m&amp#27;[1m"English"&amp#27;[0m                                               &amp#27;[90m# stepdefinitions.HomeDefinitions.user_click_on_proceed_to_login_button_in(java.lang.String)&amp#27;[0m
  &amp#27;[32mThen &amp#27;[0m&amp#27;[32mUser enter email&amp#27;[0m                                                                                 &amp#27;[90m# stepdefinitions.SignInDefinitions.user_enter_email()&amp#27;[0m
  &amp#27;[32mAnd &amp#27;[0m&amp#27;[32mUser enter password&amp#27;[0m                                                                               &amp#27;[90m# stepdefinitions.SignInDefinitions.user_enter_password()&amp#27;[0m
  &amp#27;[32mWhen &amp#27;[0m&amp#27;[32mUser click on sign in button&amp#27;[0m                                                                     &amp#27;[90m# stepdefinitions.SignInDefinitions.user_click_on_sign_in_button()&amp#27;[0m
  &amp#27;[32mGiven &amp#27;[0m&amp#27;[32mUser click on &amp#27;[0m&amp#27;[32m&amp#27;[1m"Apply"&amp#27;[0m&amp#27;[32m button&amp#27;[0m                                                                    &amp#27;[90m# stepdefinitions.CommonDefinitions.user_click_on_button(java.lang.String)&amp#27;[0m
  &amp#27;[32mAnd &amp#27;[0m&amp#27;[32mUser click on &amp#27;[0m&amp#27;[32m&amp#27;[1m"Arrivals"&amp#27;[0m&amp#27;[32m tab&amp#27;[0m                                                                      &amp#27;[90m# stepdefinitions.CommonDefinitions.user_click_on_tab(java.lang.String)&amp#27;[0m
  &amp#27;[32mGiven &amp#27;[0m&amp#27;[32mUser click on &amp#27;[0m&amp#27;[32m&amp#27;[1m"Log New Arrival"&amp#27;[0m&amp#27;[32m button&amp#27;[0m                                                          &amp#27;[90m# stepdefinitions.CommonDefinitions.user_click_on_button(java.lang.String)&amp#27;[0m
  &amp#27;[32mAnd &amp#27;[0m&amp#27;[32m&amp#27;[0m&amp#27;[32m&amp#27;[1m"Stock Arrival"&amp#27;[0m&amp#27;[32m text is visible&amp#27;[0m                                                                   &amp#27;[90m# stepdefinitions.CommonDefinitions.text_is_visible(java.lang.String)&amp#27;[0m
  &amp#27;[32mAnd &amp#27;[0m&amp#27;[32mUser select &amp#27;[0m&amp#27;[32m&amp#27;[1m"Arrival"&amp#27;[0m&amp#27;[32m from &amp#27;[0m&amp#27;[32m&amp#27;[1m"Receipt Type"&amp#27;[0m&amp#27;[32m in &amp#27;[0m&amp#27;[32m&amp#27;[1m"Arrivals"&amp#27;[0m&amp#27;[32m tab&amp#27;[0m                                       &amp#27;[90m# stepdefinitions.CommonDefinitions.user_select_from(java.lang.String,java.lang.String,java.lang.String)&amp#27;[0m
  &amp#27;[32mAnd &amp#27;[0m&amp#27;[32mUser enter random text in &amp#27;[0m&amp#27;[32m&amp#27;[1m"smtNumber"&amp#27;[0m                                                             &amp#27;[90m# stepdefinitions.CommonDefinitions.user_enter_random_text_in(java.lang.String)&amp#27;[0m
  &amp#27;[32mAnd &amp#27;[0m&amp#27;[32mUser enter random number in &amp#27;[0m&amp#27;[32m&amp#27;[1m"shippingReferance"&amp#27;[0m                                                   &amp#27;[90m# stepdefinitions.CommonDefinitions.user_enter_random_number_in(java.lang.String)&amp#27;[0m
  &amp#27;[32mAnd &amp#27;[0m&amp#27;[32mUser enter random text in &amp#27;[0m&amp#27;[32m&amp#27;[1m"fundingSource"&amp#27;[0m                                                         &amp#27;[90m# stepdefinitions.CommonDefinitions.user_enter_random_text_in(java.lang.String)&amp#27;[0m
  &amp#27;[32mAnd &amp#27;[0m&amp#27;[32mUser select &amp#27;[0m&amp#27;[32m&amp#27;[1m"AUD"&amp#27;[0m&amp#27;[32m from &amp#27;[0m&amp#27;[32m&amp#27;[1m"Currency"&amp#27;[0m&amp#27;[32m in &amp#27;[0m&amp#27;[32m&amp#27;[1m"Arrivals"&amp#27;[0m&amp#27;[32m tab&amp#27;[0m                                               &amp#27;[90m# stepdefinitions.CommonDefinitions.user_select_from(java.lang.String,java.lang.String,java.lang.String)&amp#27;[0m
  &amp#27;[32mAnd &amp#27;[0m&amp#27;[32mUser enter random number in &amp#27;[0m&amp#27;[32m&amp#27;[1m"freightCost"&amp#27;[0m                                                         &amp#27;[90m# stepdefinitions.CommonDefinitions.user_enter_random_number_in(java.lang.String)&amp#27;[0m
  &amp#27;[32mWhen &amp#27;[0m&amp#27;[32mUser click on &amp#27;[0m&amp#27;[32m&amp#27;[1m"Add Line to Arrival"&amp#27;[0m&amp#27;[32m button&amp#27;[0m                                                       &amp#27;[90m# stepdefinitions.CommonDefinitions.user_click_on_button(java.lang.String)&amp#27;[0m
  &amp#27;[32mThen &amp#27;[0m&amp#27;[32m&amp#27;[0m&amp#27;[32m&amp#27;[1m"Add Product to Arrival"&amp#27;[0m&amp#27;[32m heading is visible&amp#27;[0m                                                      &amp#27;[90m# stepdefinitions.CommonDefinitions.heading_is_visible(java.lang.String)&amp#27;[0m
  &amp#27;[32mAnd &amp#27;[0m&amp#27;[32mUser select &amp#27;[0m&amp#27;[32m&amp#27;[1m"Vaccine"&amp#27;[0m&amp#27;[32m from &amp#27;[0m&amp#27;[32m&amp#27;[1m"Product Type"&amp#27;[0m&amp#27;[32m in &amp#27;[0m&amp#27;[32m&amp#27;[1m"Arrivals"&amp#27;[0m&amp#27;[32m tab&amp#27;[0m                                       &amp#27;[90m# stepdefinitions.CommonDefinitions.user_select_from(java.lang.String,java.lang.String,java.lang.String)&amp#27;[0m
  &amp#27;[32mAnd &amp#27;[0m&amp#27;[32mUser select &amp#27;[0m&amp#27;[32m&amp#27;[1m"bOPV"&amp#27;[0m&amp#27;[32m from &amp#27;[0m&amp#27;[32m&amp#27;[1m"Product"&amp#27;[0m&amp#27;[32m in &amp#27;[0m&amp#27;[32m&amp#27;[1m"Arrivals"&amp#27;[0m&amp#27;[32m tab&amp#27;[0m                                               &amp#27;[90m# stepdefinitions.CommonDefinitions.user_select_from(java.lang.String,java.lang.String,java.lang.String)&amp#27;[0m
  &amp#27;[32mAnd &amp#27;[0m&amp#27;[32mUser enter random text in &amp#27;[0m&amp#27;[32m&amp#27;[1m"batchNo"&amp#27;[0m                                                               &amp#27;[90m# stepdefinitions.CommonDefinitions.user_enter_random_text_in(java.lang.String)&amp#27;[0m
  &amp#27;[32mAnd &amp#27;[0m&amp#27;[32mUser select &amp#27;[0m&amp#27;[32m&amp#27;[1m"PT ONEJECT INDONESIA"&amp#27;[0m&amp#27;[32m from &amp#27;[0m&amp#27;[32m&amp#27;[1m"Producer"&amp#27;[0m&amp#27;[32m in &amp#27;[0m&amp#27;[32m&amp#27;[1m"Arrivals"&amp#27;[0m&amp#27;[32m tab&amp#27;[0m                              &amp#27;[90m# stepdefinitions.CommonDefinitions.user_select_from(java.lang.String,java.lang.String,java.lang.String)&amp#27;[0m
  &amp#27;[32mAnd &amp#27;[0m&amp#27;[32mUser select &amp#27;[0m&amp#27;[32m&amp#27;[1m"BIOPOLIO B1/3"&amp#27;[0m&amp#27;[32m from &amp#27;[0m&amp#27;[32m&amp#27;[1m"Commercial Name"&amp#27;[0m&amp#27;[32m in &amp#27;[0m&amp#27;[32m&amp#27;[1m"Arrivals"&amp#27;[0m&amp#27;[32m tab&amp#27;[0m                              &amp#27;[90m# stepdefinitions.CommonDefinitions.user_select_from(java.lang.String,java.lang.String,java.lang.String)&amp#27;[0m
  &amp#27;[32mAnd &amp#27;[0m&amp#27;[32mUser select &amp#27;[0m&amp#27;[32m&amp#27;[1m"Liquid: ready to use"&amp#27;[0m&amp#27;[32m from &amp#27;[0m&amp#27;[32m&amp#27;[1m"Formulation"&amp#27;[0m&amp#27;[32m in &amp#27;[0m&amp#27;[32m&amp#27;[1m"Arrivals"&amp#27;[0m&amp#27;[32m tab&amp#27;[0m                           &amp#27;[90m# stepdefinitions.CommonDefinitions.user_select_from(java.lang.String,java.lang.String,java.lang.String)&amp#27;[0m
  &amp#27;[32mAnd &amp#27;[0m&amp#27;[32mUser select &amp#27;[0m&amp#27;[32m&amp#27;[1m"10"&amp#27;[0m&amp#27;[32m from &amp#27;[0m&amp#27;[32m&amp#27;[1m"Presentation"&amp#27;[0m&amp#27;[32m in &amp#27;[0m&amp#27;[32m&amp#27;[1m"Arrivals"&amp#27;[0m&amp#27;[32m tab&amp#27;[0m                                            &amp#27;[90m# stepdefinitions.CommonDefinitions.user_select_from(java.lang.String,java.lang.String,java.lang.String)&amp#27;[0m
  &amp#27;[32mAnd &amp#27;[0m&amp#27;[32mUser select &amp#27;[0m&amp#27;[32m&amp#27;[1m"1.Initial stage"&amp#27;[0m&amp#27;[32m from &amp#27;[0m&amp#27;[32m&amp#27;[1m"VVM Stage"&amp#27;[0m&amp#27;[32m in &amp#27;[0m&amp#27;[32m&amp#27;[1m"Arrivals"&amp#27;[0m&amp#27;[32m tab&amp#27;[0m                                  &amp#27;[90m# stepdefinitions.CommonDefinitions.user_select_from(java.lang.String,java.lang.String,java.lang.String)&amp#27;[0m
  &amp#27;[32mAnd &amp#27;[0m&amp#27;[32mUser enter &amp#27;[0m&amp#27;[32m&amp#27;[1m"20"&amp#27;[0m&amp#27;[32m in &amp#27;[0m&amp#27;[32m&amp#27;[1m"units"&amp#27;[0m                                                                        &amp#27;[90m# stepdefinitions.CommonDefinitions.user_enter_in(java.lang.String,java.lang.String)&amp#27;[0m
  &amp#27;[32mAnd &amp#27;[0m&amp#27;[32mUser select &amp#27;[0m&amp#27;[32m&amp#27;[1m"Routine"&amp#27;[0m&amp#27;[32m from &amp#27;[0m&amp#27;[32m&amp#27;[1m"Routine or SIA"&amp#27;[0m&amp#27;[32m in &amp#27;[0m&amp#27;[32m&amp#27;[1m"Arrivals"&amp#27;[0m&amp#27;[32m tab&amp#27;[0m                                     &amp#27;[90m# stepdefinitions.CommonDefinitions.user_select_from(java.lang.String,java.lang.String,java.lang.String)&amp#27;[0m
  &amp#27;[32mAnd &amp#27;[0m&amp#27;[32mUser select &amp#27;[0m&amp#27;[32m&amp#27;[1m"Indonesia"&amp#27;[0m&amp#27;[32m from &amp#27;[0m&amp#27;[32m&amp#27;[1m"Origin"&amp#27;[0m&amp#27;[32m in &amp#27;[0m&amp#27;[32m&amp#27;[1m"Arrivals"&amp#27;[0m&amp#27;[32m tab&amp#27;[0m                                           &amp#27;[90m# stepdefinitions.CommonDefinitions.user_select_from(java.lang.String,java.lang.String,java.lang.String)&amp#27;[0m
  &amp#27;[32mAnd &amp#27;[0m&amp#27;[32mUser select &amp#27;[0m&amp#27;[32m&amp#27;[1m"Alarm"&amp#27;[0m&amp#27;[32m from &amp#27;[0m&amp#27;[32m&amp#27;[1m"Shipping/Freeze Indicator"&amp#27;[0m&amp#27;[32m in &amp#27;[0m&amp#27;[32m&amp#27;[1m"Arrivals"&amp#27;[0m&amp#27;[32m tab&amp#27;[0m                            &amp#27;[90m# stepdefinitions.CommonDefinitions.user_select_from(java.lang.String,java.lang.String,java.lang.String)&amp#27;[0m
  &amp#27;[32mAnd &amp#27;[0m&amp#27;[32mUser enter &amp#27;[0m&amp#27;[32m&amp#27;[1m"20"&amp#27;[0m&amp#27;[32m in &amp#27;[0m&amp#27;[32m&amp#27;[1m"noOfVials"&amp#27;[0m                                                                    &amp#27;[90m# stepdefinitions.CommonDefinitions.user_enter_in(java.lang.String,java.lang.String)&amp#27;[0m
  &amp#27;[32mAnd &amp#27;[0m&amp#27;[32mUser enter &amp#27;[0m&amp#27;[32m&amp#27;[1m"20"&amp#27;[0m&amp#27;[32m in &amp#27;[0m&amp#27;[32m&amp#27;[1m"totalVolume"&amp#27;[0m                                                                  &amp#27;[90m# stepdefinitions.CommonDefinitions.user_enter_in(java.lang.String,java.lang.String)&amp#27;[0m
  &amp#27;[32mAnd &amp#27;[0m&amp#27;[32mUser select &amp#27;[0m&amp#27;[32m&amp#27;[1m"Ambient_2022"&amp#27;[0m&amp#27;[32m from &amp#27;[0m&amp#27;[32m&amp#27;[1m"Storage Location"&amp#27;[0m&amp#27;[32m in &amp#27;[0m&amp#27;[32m&amp#27;[1m"Arrivals"&amp#27;[0m&amp#27;[32m tab&amp#27;[0m                              &amp#27;[90m# stepdefinitions.CommonDefinitions.user_select_from(java.lang.String,java.lang.String,java.lang.String)&amp#27;[0m
  &amp#27;[32mAnd &amp#27;[0m&amp#27;[32mUser enter &amp#27;[0m&amp#27;[32m&amp#27;[1m"1000"&amp#27;[0m&amp#27;[32m in &amp#27;[0m&amp#27;[32m&amp#27;[1m"totalCost"&amp#27;[0m                                                                  &amp#27;[90m# stepdefinitions.CommonDefinitions.user_enter_in(java.lang.String,java.lang.String)&amp#27;[0m
  &amp#27;[32mAnd &amp#27;[0m&amp#27;[32mUser enter random text in &amp#27;[0m&amp#27;[32m&amp#27;[1m"comments"&amp#27;[0m                                                              &amp#27;[90m# stepdefinitions.CommonDefinitions.user_enter_random_text_in(java.lang.String)&amp#27;[0m
  &amp#27;[32mThen &amp#27;[0m&amp#27;[32mUser click on &amp#27;[0m&amp#27;[32m&amp#27;[1m"Create"&amp#27;[0m&amp#27;[32m button&amp#27;[0m                                                                    &amp#27;[90m# stepdefinitions.CommonDefinitions.user_click_on_button(java.lang.String)&amp#27;[0m
  &amp#27;[32mAnd &amp#27;[0m&amp#27;[32mUser click on &amp#27;[0m&amp#27;[32m&amp#27;[1m"Continue"&amp#27;[0m&amp#27;[32m button&amp#27;[0m                                                                   &amp#27;[90m# stepdefinitions.CommonDefinitions.user_click_on_button(java.lang.String)&amp#27;[0m
  &amp#27;[32mThen &amp#27;[0m&amp#27;[32mArrivals line is created successfully&amp#27;[0m                                                            &amp#27;[90m# stepdefinitions.StoreOperator.ArrivalsDefinition.storage_data_is_created_sucessfully()&amp#27;[0m
  &amp#27;[32mAnd &amp#27;[0m&amp#27;[32mArrivals line Data is visible in arrival line table to user&amp#27;[0m                                       &amp#27;[90m# stepdefinitions.StoreOperator.ArrivalsDefinition.arrivals_line_data_is_visible_in_storage_data_table_to_user()&amp#27;[0m
  &amp#27;[32mWhen &amp#27;[0m&amp#27;[32mUser click on &amp#27;[0m&amp#27;[32m&amp#27;[1m"Finalize"&amp#27;[0m&amp#27;[32m button&amp#27;[0m                                                                  &amp#27;[90m# stepdefinitions.CommonDefinitions.user_click_on_button(java.lang.String)&amp#27;[0m
  &amp#27;[32mAnd &amp#27;[0m&amp#27;[32mUser click on &amp#27;[0m&amp#27;[32m&amp#27;[1m"Continue"&amp#27;[0m&amp#27;[32m button&amp#27;[0m                                                                   &amp#27;[90m# stepdefinitions.CommonDefinitions.user_click_on_button(java.lang.String)&amp#27;[0m
  &amp#27;[32mAnd &amp#27;[0m&amp#27;[32mArrivals Data is visible in arrivals table to user&amp#27;[0m                                                &amp#27;[90m# stepdefinitions.StoreOperator.ArrivalsDefinition.arrivals_data_is_visible_in_stock_arrival_table_to_user()&amp#27;[0m
  &amp#27;[31mAnd &amp#27;[0m&amp#27;[31mValidate arrival state is &amp#27;[0m&amp#27;[31m&amp#27;[1m"Complete"&amp#27;[0m                                                              &amp#27;[90m# stepdefinitions.StoreOperator.ArrivalsDefinition.validate_arrival_state_is(java.lang.String)&amp#27;[0m
      &amp#27;[31morg.junit.ComparisonFailure: expected:<[Complete]> but was:<[BIOPOLIO B1/3]>
	at org.junit.Assert.assertEquals(Assert.java:117)
	at org.junit.Assert.assertEquals(Assert.java:146)
	at pages.StoreOperator.ArrivalsPage.validateStateOfArrivalEntry(ArrivalsPage.java:75)
	at pages.StoreOperator.ArrivalsPage$ByteBuddy$lYa9L0Sk.validateStateOfArrivalEntry$accessor$KwSq3mRz(Unknown Source)
	at sun.reflect.NativeMethodAccessorImpl.invoke0(Native Method)
	at sun.reflect.NativeMethodAccessorImpl.invoke(NativeMethodAccessorImpl.java:62)
	at sun.reflect.DelegatingMethodAccessorImpl.invoke(DelegatingMethodAccessorImpl.java:43)
	at java.lang.reflect.Method.invoke(Method.java:498)
	at net.thucydides.core.steps.BaseMethodRunner.invokeMethod(BaseMethodRunner.java:18)
	at net.thucydides.core.steps.NormalMethodRunner.invokeMethodAndNotifyFailures(NormalMethodRunner.java:18)
	at net.thucydides.core.steps.StepInterceptor.runNormalMethod(StepInterceptor.java:406)
	at net.thucydides.core.steps.StepInterceptor.testStepResult(StepInterceptor.java:191)
	at net.thucydides.core.steps.StepInterceptor.intercept(StepInterceptor.java:84)
	at net.thucydides.core.steps.ProxyConfiguration$InterceptorDispatcher.intercept(ProxyConfiguration.java:51)
	at pages.StoreOperator.ArrivalsPage$ByteBuddy$lYa9L0Sk.validateStateOfArrivalEntry(Unknown Source)
	at stepdefinitions.StoreOperator.ArrivalsDefinition.validate_arrival_state_is(ArrivalsDefinition.java:80)
	at âœ½.Validate arrival state is "Complete"(file:///C:/Users/Sandeepkumar.Phalke/eclipse-workspace/UNICEF_SerenityBDD_Automation_Framework/src/test/resources/features/StoreOperator/Arrivals.feature:50)
&amp#27;[0m
17:56:19.155 [main] ERROR  - 
  _____   ___   ___   _____     ___     _     ___   _      ___   ___  
 |_   _| | __| / __| |_   _|   | __|   /_\   |_ _| | |    | __| |   \ 
   | |   | _|  \__ \   | |     | _|   / _ \   | |  | |__  | _|  | |) |
   |_|   |___| |___/   |_|     |_|   /_/ \_\ |___| |____| |___| |___/ 

Verify user is able to add arrival line and arrival receipt type data and finalize it
-----------------------------------------------------------------------
17:56:19.160 [main] ERROR  -     Test failed at step: Validate state of arrival entry: Complete
17:56:19.161 [main] ERROR  -     expected:<[Complete]> but was:<[BIOPOLIO B1/3]>
]]></system-out>
    <system-err><![CDATA[Starting ChromeDriver 108.0.5359.71 (1e0e3868ee06e91ad636a874420e3ca3ae3756ac-refs/branch-heads/5359@{#1016}) on port 27753
Only local connections are allowed.
Please see https://chromedriver.chromium.org/security-considerations for suggestions on keeping ChromeDriver safe.
ChromeDriver was started successfully.
Dec 23, 2022 5:55:28 PM org.openqa.selenium.devtools.CdpVersionFinder findNearestMatch
WARNING: Unable to find an exact match for CDP version 108, so returning the closest version found: 107
]]></system-err>
  </testcase>
  <testcase name="Verify user is able to update arrival line and arrival receipt type data before finalizing" classname="Arrivals tab in SMT application for Store Operator user #1" time="66.508">
    <system-out><![CDATA[
Scenario: Verify user is able to update arrival line and arrival receipt type data before finalizing &amp#27;[90m# src/test/resources/features/StoreOperator/Arrivals.feature:130&amp#27;[0m
17:56:19.237 [main] INFO  i.c.core.plugin.SerenityReporter - Running feature from file:///C:/Users/Sandeepkumar.Phalke/eclipse-workspace/UNICEF_SerenityBDD_Automation_Framework/src/test/resources/features/StoreOperator/Arrivals.feature
17:56:19.239 [main] INFO   - 
  _____   ___   ___   _____     ___   _____     _     ___   _____   ___   ___  
 |_   _| | __| / __| |_   _|   / __| |_   _|   /_\   | _ \ |_   _| | __| |   \ 
   | |   | _|  \__ \   | |     \__ \   | |    / _ \  |   /   | |   | _|  | |) |
   |_|   |___| |___/   |_|     |___/   |_|   /_/ \_\ |_|_\   |_|   |___| |___/ 

Verify user is able to update arrival line and arrival receipt type data before finalizing(arrivals-tab-in-smt-application-for-store-operator-user;verify-user-is-able-to-update-arrival-line-and-arrival-receipt-type-data-before-finalizing)
--------------------------------------------------------------------------------
17:56:19.440 [main] INFO  n.s.c.w.d.ChromeDriverProvider - Starting Chrome driver instance with capabilities:
17:56:19.440 [main] INFO  n.s.c.w.d.ChromeDriverProvider - Capabilities {acceptInsecureCerts: false, browserName: chrome, goog:chromeOptions: {args: [test-type, no-sandbox, ignore-certificate-errors, --window-size=1000,800, incognito, disable-infobars, disable-gpu, disable-default-apps, disable-popup-blocking], extensions: []}}
  &amp#27;[32mGiven &amp#27;[0m&amp#27;[32mUser is on home page&amp#27;[0m                                                                         &amp#27;[90m# stepdefinitions.CommonDefinitions.user_is_on_home_page()&amp#27;[0m
  &amp#27;[32mWhen &amp#27;[0m&amp#27;[32mUser is getting correct title of home page&amp#27;[0m                                                    &amp#27;[90m# stepdefinitions.SignInDefinitions.user_is_getting_correct_title_of_home_page()&amp#27;[0m
  &amp#27;[32mThen &amp#27;[0m&amp#27;[32mUser click on login button&amp#27;[0m                                                                    &amp#27;[90m# stepdefinitions.HomeDefinitions.user_click_on_login_button()&amp#27;[0m
  &amp#27;[32mWhen &amp#27;[0m&amp#27;[32mUser click on Proceed To Login button in &amp#27;[0m&amp#27;[32m&amp#27;[1m"English"&amp#27;[0m                                            &amp#27;[90m# stepdefinitions.HomeDefinitions.user_click_on_proceed_to_login_button_in(java.lang.String)&amp#27;[0m
  &amp#27;[32mThen &amp#27;[0m&amp#27;[32mUser enter email&amp#27;[0m                                                                              &amp#27;[90m# stepdefinitions.SignInDefinitions.user_enter_email()&amp#27;[0m
  &amp#27;[32mAnd &amp#27;[0m&amp#27;[32mUser enter password&amp#27;[0m                                                                            &amp#27;[90m# stepdefinitions.SignInDefinitions.user_enter_password()&amp#27;[0m
  &amp#27;[32mWhen &amp#27;[0m&amp#27;[32mUser click on sign in button&amp#27;[0m                                                                  &amp#27;[90m# stepdefinitions.SignInDefinitions.user_click_on_sign_in_button()&amp#27;[0m
  &amp#27;[32mGiven &amp#27;[0m&amp#27;[32mUser click on &amp#27;[0m&amp#27;[32m&amp#27;[1m"Apply"&amp#27;[0m&amp#27;[32m button&amp#27;[0m                                                                 &amp#27;[90m# stepdefinitions.CommonDefinitions.user_click_on_button(java.lang.String)&amp#27;[0m
  &amp#27;[32mAnd &amp#27;[0m&amp#27;[32mUser click on &amp#27;[0m&amp#27;[32m&amp#27;[1m"Arrivals"&amp#27;[0m&amp#27;[32m tab&amp#27;[0m                                                                   &amp#27;[90m# stepdefinitions.CommonDefinitions.user_click_on_tab(java.lang.String)&amp#27;[0m
  &amp#27;[32mGiven &amp#27;[0m&amp#27;[32mUser click on &amp#27;[0m&amp#27;[32m&amp#27;[1m"Log New Arrival"&amp#27;[0m&amp#27;[32m button&amp#27;[0m                                                       &amp#27;[90m# stepdefinitions.CommonDefinitions.user_click_on_button(java.lang.String)&amp#27;[0m
  &amp#27;[32mAnd &amp#27;[0m&amp#27;[32m&amp#27;[0m&amp#27;[32m&amp#27;[1m"Stock Arrival"&amp#27;[0m&amp#27;[32m text is visible&amp#27;[0m                                                                &amp#27;[90m# stepdefinitions.CommonDefinitions.text_is_visible(java.lang.String)&amp#27;[0m
  &amp#27;[32mAnd &amp#27;[0m&amp#27;[32mUser select &amp#27;[0m&amp#27;[32m&amp#27;[1m"Arrival"&amp#27;[0m&amp#27;[32m from &amp#27;[0m&amp#27;[32m&amp#27;[1m"Receipt Type"&amp#27;[0m&amp#27;[32m in &amp#27;[0m&amp#27;[32m&amp#27;[1m"Arrivals"&amp#27;[0m&amp#27;[32m tab&amp#27;[0m                                    &amp#27;[90m# stepdefinitions.CommonDefinitions.user_select_from(java.lang.String,java.lang.String,java.lang.String)&amp#27;[0m
  &amp#27;[32mAnd &amp#27;[0m&amp#27;[32mUser enter random text in &amp#27;[0m&amp#27;[32m&amp#27;[1m"smtNumber"&amp#27;[0m                                                          &amp#27;[90m# stepdefinitions.CommonDefinitions.user_enter_random_text_in(java.lang.String)&amp#27;[0m
  &amp#27;[32mAnd &amp#27;[0m&amp#27;[32mUser enter random number in &amp#27;[0m&amp#27;[32m&amp#27;[1m"shippingReferance"&amp#27;[0m                                                &amp#27;[90m# stepdefinitions.CommonDefinitions.user_enter_random_number_in(java.lang.String)&amp#27;[0m
  &amp#27;[32mAnd &amp#27;[0m&amp#27;[32mUser enter random text in &amp#27;[0m&amp#27;[32m&amp#27;[1m"fundingSource"&amp#27;[0m                                                      &amp#27;[90m# stepdefinitions.CommonDefinitions.user_enter_random_text_in(java.lang.String)&amp#27;[0m
  &amp#27;[32mAnd &amp#27;[0m&amp#27;[32mUser select &amp#27;[0m&amp#27;[32m&amp#27;[1m"AUD"&amp#27;[0m&amp#27;[32m from &amp#27;[0m&amp#27;[32m&amp#27;[1m"Currency"&amp#27;[0m&amp#27;[32m in &amp#27;[0m&amp#27;[32m&amp#27;[1m"Arrivals"&amp#27;[0m&amp#27;[32m tab&amp#27;[0m                                            &amp#27;[90m# stepdefinitions.CommonDefinitions.user_select_from(java.lang.String,java.lang.String,java.lang.String)&amp#27;[0m
  &amp#27;[32mAnd &amp#27;[0m&amp#27;[32mUser enter random number in &amp#27;[0m&amp#27;[32m&amp#27;[1m"freightCost"&amp#27;[0m                                                      &amp#27;[90m# stepdefinitions.CommonDefinitions.user_enter_random_number_in(java.lang.String)&amp#27;[0m
  &amp#27;[32mWhen &amp#27;[0m&amp#27;[32mUser click on &amp#27;[0m&amp#27;[32m&amp#27;[1m"Add Line to Arrival"&amp#27;[0m&amp#27;[32m button&amp#27;[0m                                                    &amp#27;[90m# stepdefinitions.CommonDefinitions.user_click_on_button(java.lang.String)&amp#27;[0m
  &amp#27;[32mThen &amp#27;[0m&amp#27;[32m&amp#27;[0m&amp#27;[32m&amp#27;[1m"Add Product to Arrival"&amp#27;[0m&amp#27;[32m heading is visible&amp#27;[0m                                                   &amp#27;[90m# stepdefinitions.CommonDefinitions.heading_is_visible(java.lang.String)&amp#27;[0m
  &amp#27;[32mAnd &amp#27;[0m&amp#27;[32mUser select &amp#27;[0m&amp#27;[32m&amp#27;[1m"Vaccine"&amp#27;[0m&amp#27;[32m from &amp#27;[0m&amp#27;[32m&amp#27;[1m"Product Type"&amp#27;[0m&amp#27;[32m in &amp#27;[0m&amp#27;[32m&amp#27;[1m"Arrivals"&amp#27;[0m&amp#27;[32m tab&amp#27;[0m                                    &amp#27;[90m# stepdefinitions.CommonDefinitions.user_select_from(java.lang.String,java.lang.String,java.lang.String)&amp#27;[0m
  &amp#27;[32mAnd &amp#27;[0m&amp#27;[32mUser select &amp#27;[0m&amp#27;[32m&amp#27;[1m"bOPV"&amp#27;[0m&amp#27;[32m from &amp#27;[0m&amp#27;[32m&amp#27;[1m"Product"&amp#27;[0m&amp#27;[32m in &amp#27;[0m&amp#27;[32m&amp#27;[1m"Arrivals"&amp#27;[0m&amp#27;[32m tab&amp#27;[0m                                            &amp#27;[90m# stepdefinitions.CommonDefinitions.user_select_from(java.lang.String,java.lang.String,java.lang.String)&amp#27;[0m
  &amp#27;[32mAnd &amp#27;[0m&amp#27;[32mUser enter random text in &amp#27;[0m&amp#27;[32m&amp#27;[1m"batchNo"&amp#27;[0m                                                            &amp#27;[90m# stepdefinitions.CommonDefinitions.user_enter_random_text_in(java.lang.String)&amp#27;[0m
  &amp#27;[32mAnd &amp#27;[0m&amp#27;[32mUser select &amp#27;[0m&amp#27;[32m&amp#27;[1m"PT ONEJECT INDONESIA"&amp#27;[0m&amp#27;[32m from &amp#27;[0m&amp#27;[32m&amp#27;[1m"Producer"&amp#27;[0m&amp#27;[32m in &amp#27;[0m&amp#27;[32m&amp#27;[1m"Arrivals"&amp#27;[0m&amp#27;[32m tab&amp#27;[0m                           &amp#27;[90m# stepdefinitions.CommonDefinitions.user_select_from(java.lang.String,java.lang.String,java.lang.String)&amp#27;[0m
  &amp#27;[32mAnd &amp#27;[0m&amp#27;[32mUser select &amp#27;[0m&amp#27;[32m&amp#27;[1m"BIOPOLIO B1/3"&amp#27;[0m&amp#27;[32m from &amp#27;[0m&amp#27;[32m&amp#27;[1m"Commercial Name"&amp#27;[0m&amp#27;[32m in &amp#27;[0m&amp#27;[32m&amp#27;[1m"Arrivals"&amp#27;[0m&amp#27;[32m tab&amp#27;[0m                           &amp#27;[90m# stepdefinitions.CommonDefinitions.user_select_from(java.lang.String,java.lang.String,java.lang.String)&amp#27;[0m
  &amp#27;[32mAnd &amp#27;[0m&amp#27;[32mUser select &amp#27;[0m&amp#27;[32m&amp#27;[1m"Liquid: ready to use"&amp#27;[0m&amp#27;[32m from &amp#27;[0m&amp#27;[32m&amp#27;[1m"Formulation"&amp#27;[0m&amp#27;[32m in &amp#27;[0m&amp#27;[32m&amp#27;[1m"Arrivals"&amp#27;[0m&amp#27;[32m tab&amp#27;[0m                        &amp#27;[90m# stepdefinitions.CommonDefinitions.user_select_from(java.lang.String,java.lang.String,java.lang.String)&amp#27;[0m
  &amp#27;[32mAnd &amp#27;[0m&amp#27;[32mUser select &amp#27;[0m&amp#27;[32m&amp#27;[1m"10"&amp#27;[0m&amp#27;[32m from &amp#27;[0m&amp#27;[32m&amp#27;[1m"Presentation"&amp#27;[0m&amp#27;[32m in &amp#27;[0m&amp#27;[32m&amp#27;[1m"Arrivals"&amp#27;[0m&amp#27;[32m tab&amp#27;[0m                                         &amp#27;[90m# stepdefinitions.CommonDefinitions.user_select_from(java.lang.String,java.lang.String,java.lang.String)&amp#27;[0m
  &amp#27;[32mAnd &amp#27;[0m&amp#27;[32mUser select &amp#27;[0m&amp#27;[32m&amp#27;[1m"1.Initial stage"&amp#27;[0m&amp#27;[32m from &amp#27;[0m&amp#27;[32m&amp#27;[1m"VVM Stage"&amp#27;[0m&amp#27;[32m in &amp#27;[0m&amp#27;[32m&amp#27;[1m"Arrivals"&amp#27;[0m&amp#27;[32m tab&amp#27;[0m                               &amp#27;[90m# stepdefinitions.CommonDefinitions.user_select_from(java.lang.String,java.lang.String,java.lang.String)&amp#27;[0m
  &amp#27;[32mAnd &amp#27;[0m&amp#27;[32mUser enter &amp#27;[0m&amp#27;[32m&amp#27;[1m"20"&amp#27;[0m&amp#27;[32m in &amp#27;[0m&amp#27;[32m&amp#27;[1m"units"&amp#27;[0m                                                                     &amp#27;[90m# stepdefinitions.CommonDefinitions.user_enter_in(java.lang.String,java.lang.String)&amp#27;[0m
  &amp#27;[32mAnd &amp#27;[0m&amp#27;[32mUser select &amp#27;[0m&amp#27;[32m&amp#27;[1m"Routine"&amp#27;[0m&amp#27;[32m from &amp#27;[0m&amp#27;[32m&amp#27;[1m"Routine or SIA"&amp#27;[0m&amp#27;[32m in &amp#27;[0m&amp#27;[32m&amp#27;[1m"Arrivals"&amp#27;[0m&amp#27;[32m tab&amp#27;[0m                                  &amp#27;[90m# stepdefinitions.CommonDefinitions.user_select_from(java.lang.String,java.lang.String,java.lang.String)&amp#27;[0m
  &amp#27;[32mAnd &amp#27;[0m&amp#27;[32mUser select &amp#27;[0m&amp#27;[32m&amp#27;[1m"Indonesia"&amp#27;[0m&amp#27;[32m from &amp#27;[0m&amp#27;[32m&amp#27;[1m"Origin"&amp#27;[0m&amp#27;[32m in &amp#27;[0m&amp#27;[32m&amp#27;[1m"Arrivals"&amp#27;[0m&amp#27;[32m tab&amp#27;[0m                                        &amp#27;[90m# stepdefinitions.CommonDefinitions.user_select_from(java.lang.String,java.lang.String,java.lang.String)&amp#27;[0m
  &amp#27;[32mAnd &amp#27;[0m&amp#27;[32mUser select &amp#27;[0m&amp#27;[32m&amp#27;[1m"Alarm"&amp#27;[0m&amp#27;[32m from &amp#27;[0m&amp#27;[32m&amp#27;[1m"Shipping/Freeze Indicator"&amp#27;[0m&amp#27;[32m in &amp#27;[0m&amp#27;[32m&amp#27;[1m"Arrivals"&amp#27;[0m&amp#27;[32m tab&amp#27;[0m                         &amp#27;[90m# stepdefinitions.CommonDefinitions.user_select_from(java.lang.String,java.lang.String,java.lang.String)&amp#27;[0m
  &amp#27;[32mAnd &amp#27;[0m&amp#27;[32mUser enter &amp#27;[0m&amp#27;[32m&amp#27;[1m"20"&amp#27;[0m&amp#27;[32m in &amp#27;[0m&amp#27;[32m&amp#27;[1m"noOfVials"&amp#27;[0m                                                                 &amp#27;[90m# stepdefinitions.CommonDefinitions.user_enter_in(java.lang.String,java.lang.String)&amp#27;[0m
  &amp#27;[32mAnd &amp#27;[0m&amp#27;[32mUser enter &amp#27;[0m&amp#27;[32m&amp#27;[1m"20"&amp#27;[0m&amp#27;[32m in &amp#27;[0m&amp#27;[32m&amp#27;[1m"totalVolume"&amp#27;[0m                                                               &amp#27;[90m# stepdefinitions.CommonDefinitions.user_enter_in(java.lang.String,java.lang.String)&amp#27;[0m
  &amp#27;[32mAnd &amp#27;[0m&amp#27;[32mUser select &amp#27;[0m&amp#27;[32m&amp#27;[1m"Ambient_2022"&amp#27;[0m&amp#27;[32m from &amp#27;[0m&amp#27;[32m&amp#27;[1m"Storage Location"&amp#27;[0m&amp#27;[32m in &amp#27;[0m&amp#27;[32m&amp#27;[1m"Arrivals"&amp#27;[0m&amp#27;[32m tab&amp#27;[0m                           &amp#27;[90m# stepdefinitions.CommonDefinitions.user_select_from(java.lang.String,java.lang.String,java.lang.String)&amp#27;[0m
  &amp#27;[32mAnd &amp#27;[0m&amp#27;[32mUser enter &amp#27;[0m&amp#27;[32m&amp#27;[1m"1000"&amp#27;[0m&amp#27;[32m in &amp#27;[0m&amp#27;[32m&amp#27;[1m"totalCost"&amp#27;[0m                                                               &amp#27;[90m# stepdefinitions.CommonDefinitions.user_enter_in(java.lang.String,java.lang.String)&amp#27;[0m
  &amp#27;[32mAnd &amp#27;[0m&amp#27;[32mUser enter random text in &amp#27;[0m&amp#27;[32m&amp#27;[1m"comments"&amp#27;[0m                                                           &amp#27;[90m# stepdefinitions.CommonDefinitions.user_enter_random_text_in(java.lang.String)&amp#27;[0m
  &amp#27;[32mThen &amp#27;[0m&amp#27;[32mUser click on &amp#27;[0m&amp#27;[32m&amp#27;[1m"Create"&amp#27;[0m&amp#27;[32m button&amp#27;[0m                                                                 &amp#27;[90m# stepdefinitions.CommonDefinitions.user_click_on_button(java.lang.String)&amp#27;[0m
  &amp#27;[32mAnd &amp#27;[0m&amp#27;[32mUser click on &amp#27;[0m&amp#27;[32m&amp#27;[1m"Continue"&amp#27;[0m&amp#27;[32m button&amp#27;[0m                                                                &amp#27;[90m# stepdefinitions.CommonDefinitions.user_click_on_button(java.lang.String)&amp#27;[0m
  &amp#27;[32mThen &amp#27;[0m&amp#27;[32mArrivals line is created successfully&amp#27;[0m                                                         &amp#27;[90m# stepdefinitions.StoreOperator.ArrivalsDefinition.storage_data_is_created_sucessfully()&amp#27;[0m
  &amp#27;[32mAnd &amp#27;[0m&amp#27;[32mArrivals line Data is visible in arrival line table to user&amp#27;[0m                                    &amp#27;[90m# stepdefinitions.StoreOperator.ArrivalsDefinition.arrivals_line_data_is_visible_in_storage_data_table_to_user()&amp#27;[0m
  &amp#27;[32mWhen &amp#27;[0m&amp#27;[32mUser click on &amp#27;[0m&amp#27;[32m&amp#27;[1m"Save as draft and go back"&amp#27;[0m&amp#27;[32m button&amp#27;[0m                                              &amp#27;[90m# stepdefinitions.CommonDefinitions.user_click_on_button(java.lang.String)&amp#27;[0m
  &amp#27;[32mAnd &amp#27;[0m&amp#27;[32mUser click on &amp#27;[0m&amp#27;[32m&amp#27;[1m"Yes"&amp#27;[0m&amp#27;[32m button&amp#27;[0m                                                                     &amp#27;[90m# stepdefinitions.CommonDefinitions.user_click_on_button(java.lang.String)&amp#27;[0m
  &amp#27;[32mAnd &amp#27;[0m&amp#27;[32mValidate arrival state is &amp#27;[0m&amp#27;[32m&amp#27;[1m"Draft"&amp#27;[0m                                                              &amp#27;[90m# stepdefinitions.StoreOperator.ArrivalsDefinition.validate_arrival_state_is(java.lang.String)&amp#27;[0m
  &amp#27;[32mThen &amp#27;[0m&amp#27;[32mArrivals Data is visible in arrivals table to user&amp#27;[0m                                            &amp#27;[90m# stepdefinitions.StoreOperator.ArrivalsDefinition.arrivals_data_is_visible_in_stock_arrival_table_to_user()&amp#27;[0m
  &amp#27;[32mWhen &amp#27;[0m&amp#27;[32mUser edit the Arrivals data&amp#27;[0m                                                                   &amp#27;[90m# stepdefinitions.StoreOperator.ArrivalsDefinition.user_edit_the_arrivals_data()&amp#27;[0m
  &amp#27;[32mThen &amp#27;[0m&amp#27;[32m&amp#27;[0m&amp#27;[32m&amp#27;[1m"Stock Arrival"&amp#27;[0m&amp#27;[32m text is visible&amp#27;[0m                                                               &amp#27;[90m# stepdefinitions.CommonDefinitions.text_is_visible(java.lang.String)&amp#27;[0m
  &amp#27;[32mAnd &amp#27;[0m&amp#27;[32mUser select &amp#27;[0m&amp#27;[32m&amp#27;[1m"Arrival"&amp#27;[0m&amp#27;[32m from &amp#27;[0m&amp#27;[32m&amp#27;[1m"Receipt Type"&amp#27;[0m&amp#27;[32m in &amp#27;[0m&amp#27;[32m&amp#27;[1m"Arrivals"&amp#27;[0m&amp#27;[32m tab&amp#27;[0m                                    &amp#27;[90m# stepdefinitions.CommonDefinitions.user_select_from(java.lang.String,java.lang.String,java.lang.String)&amp#27;[0m
  &amp#27;[32mAnd &amp#27;[0m&amp#27;[32mUser enter random text in &amp#27;[0m&amp#27;[32m&amp#27;[1m"smtNumber"&amp#27;[0m                                                          &amp#27;[90m# stepdefinitions.CommonDefinitions.user_enter_random_text_in(java.lang.String)&amp#27;[0m
  &amp#27;[32mAnd &amp#27;[0m&amp#27;[32mUser enter random number in &amp#27;[0m&amp#27;[32m&amp#27;[1m"shippingReferance"&amp#27;[0m                                                &amp#27;[90m# stepdefinitions.CommonDefinitions.user_enter_random_number_in(java.lang.String)&amp#27;[0m
  &amp#27;[32mAnd &amp#27;[0m&amp#27;[32mUser enter random text in &amp#27;[0m&amp#27;[32m&amp#27;[1m"fundingSource"&amp#27;[0m                                                      &amp#27;[90m# stepdefinitions.CommonDefinitions.user_enter_random_text_in(java.lang.String)&amp#27;[0m
  &amp#27;[32mAnd &amp#27;[0m&amp#27;[32mUser select &amp#27;[0m&amp#27;[32m&amp#27;[1m"AUD"&amp#27;[0m&amp#27;[32m from &amp#27;[0m&amp#27;[32m&amp#27;[1m"Currency"&amp#27;[0m&amp#27;[32m in &amp#27;[0m&amp#27;[32m&amp#27;[1m"Arrivals"&amp#27;[0m&amp#27;[32m tab&amp#27;[0m                                            &amp#27;[90m# stepdefinitions.CommonDefinitions.user_select_from(java.lang.String,java.lang.String,java.lang.String)&amp#27;[0m
  &amp#27;[32mAnd &amp#27;[0m&amp#27;[32mUser enter random number in &amp#27;[0m&amp#27;[32m&amp#27;[1m"freightCost"&amp#27;[0m                                                      &amp#27;[90m# stepdefinitions.CommonDefinitions.user_enter_random_number_in(java.lang.String)&amp#27;[0m
  &amp#27;[32mWhen &amp#27;[0m&amp#27;[32mUser edit the line in arrival&amp#27;[0m                                                                 &amp#27;[90m# stepdefinitions.StoreOperator.ArrivalsDefinition.user_edit_the_line_in_arrival()&amp#27;[0m
  &amp#27;[32mAnd &amp#27;[0m&amp#27;[32mUser select &amp#27;[0m&amp#27;[32m&amp#27;[1m"Vaccine"&amp#27;[0m&amp#27;[32m from &amp#27;[0m&amp#27;[32m&amp#27;[1m"Product Type"&amp#27;[0m&amp#27;[32m in &amp#27;[0m&amp#27;[32m&amp#27;[1m"Arrivals"&amp#27;[0m&amp#27;[32m tab&amp#27;[0m                                    &amp#27;[90m# stepdefinitions.CommonDefinitions.user_select_from(java.lang.String,java.lang.String,java.lang.String)&amp#27;[0m
  &amp#27;[32mAnd &amp#27;[0m&amp#27;[32mUser select &amp#27;[0m&amp#27;[32m&amp#27;[1m"bOPV"&amp#27;[0m&amp#27;[32m from &amp#27;[0m&amp#27;[32m&amp#27;[1m"Product"&amp#27;[0m&amp#27;[32m in &amp#27;[0m&amp#27;[32m&amp#27;[1m"Arrivals"&amp#27;[0m&amp#27;[32m tab&amp#27;[0m                                            &amp#27;[90m# stepdefinitions.CommonDefinitions.user_select_from(java.lang.String,java.lang.String,java.lang.String)&amp#27;[0m
  &amp#27;[32mAnd &amp#27;[0m&amp#27;[32mUser enter random text in &amp#27;[0m&amp#27;[32m&amp#27;[1m"batchNo"&amp#27;[0m                                                            &amp#27;[90m# stepdefinitions.CommonDefinitions.user_enter_random_text_in(java.lang.String)&amp#27;[0m
  &amp#27;[32mAnd &amp#27;[0m&amp#27;[32mUser select &amp#27;[0m&amp#27;[32m&amp#27;[1m"PT ONEJECT INDONESIA"&amp#27;[0m&amp#27;[32m from &amp#27;[0m&amp#27;[32m&amp#27;[1m"Producer"&amp#27;[0m&amp#27;[32m in &amp#27;[0m&amp#27;[32m&amp#27;[1m"Arrivals"&amp#27;[0m&amp#27;[32m tab&amp#27;[0m                           &amp#27;[90m# stepdefinitions.CommonDefinitions.user_select_from(java.lang.String,java.lang.String,java.lang.String)&amp#27;[0m
  &amp#27;[32mAnd &amp#27;[0m&amp#27;[32mUser select &amp#27;[0m&amp#27;[32m&amp#27;[1m"BIOPOLIO B1/3"&amp#27;[0m&amp#27;[32m from &amp#27;[0m&amp#27;[32m&amp#27;[1m"Commercial Name"&amp#27;[0m&amp#27;[32m in &amp#27;[0m&amp#27;[32m&amp#27;[1m"Arrivals"&amp#27;[0m&amp#27;[32m tab&amp#27;[0m                           &amp#27;[90m# stepdefinitions.CommonDefinitions.user_select_from(java.lang.String,java.lang.String,java.lang.String)&amp#27;[0m
  &amp#27;[32mAnd &amp#27;[0m&amp#27;[32mUser select &amp#27;[0m&amp#27;[32m&amp#27;[1m"Liquid: ready to use"&amp#27;[0m&amp#27;[32m from &amp#27;[0m&amp#27;[32m&amp#27;[1m"Formulation"&amp#27;[0m&amp#27;[32m in &amp#27;[0m&amp#27;[32m&amp#27;[1m"Arrivals"&amp#27;[0m&amp#27;[32m tab&amp#27;[0m                        &amp#27;[90m# stepdefinitions.CommonDefinitions.user_select_from(java.lang.String,java.lang.String,java.lang.String)&amp#27;[0m
  &amp#27;[32mAnd &amp#27;[0m&amp#27;[32mUser select &amp#27;[0m&amp#27;[32m&amp#27;[1m"10"&amp#27;[0m&amp#27;[32m from &amp#27;[0m&amp#27;[32m&amp#27;[1m"Presentation"&amp#27;[0m&amp#27;[32m in &amp#27;[0m&amp#27;[32m&amp#27;[1m"Arrivals"&amp#27;[0m&amp#27;[32m tab&amp#27;[0m                                         &amp#27;[90m# stepdefinitions.CommonDefinitions.user_select_from(java.lang.String,java.lang.String,java.lang.String)&amp#27;[0m
  &amp#27;[32mAnd &amp#27;[0m&amp#27;[32mUser select &amp#27;[0m&amp#27;[32m&amp#27;[1m"1.Initial stage"&amp#27;[0m&amp#27;[32m from &amp#27;[0m&amp#27;[32m&amp#27;[1m"VVM Stage"&amp#27;[0m&amp#27;[32m in &amp#27;[0m&amp#27;[32m&amp#27;[1m"Arrivals"&amp#27;[0m&amp#27;[32m tab&amp#27;[0m                               &amp#27;[90m# stepdefinitions.CommonDefinitions.user_select_from(java.lang.String,java.lang.String,java.lang.String)&amp#27;[0m
  &amp#27;[32mAnd &amp#27;[0m&amp#27;[32mUser enter &amp#27;[0m&amp#27;[32m&amp#27;[1m"20"&amp#27;[0m&amp#27;[32m in &amp#27;[0m&amp#27;[32m&amp#27;[1m"units"&amp#27;[0m                                                                     &amp#27;[90m# stepdefinitions.CommonDefinitions.user_enter_in(java.lang.String,java.lang.String)&amp#27;[0m
  &amp#27;[32mAnd &amp#27;[0m&amp#27;[32mUser select &amp#27;[0m&amp#27;[32m&amp#27;[1m"Routine"&amp#27;[0m&amp#27;[32m from &amp#27;[0m&amp#27;[32m&amp#27;[1m"Routine or SIA"&amp#27;[0m&amp#27;[32m in &amp#27;[0m&amp#27;[32m&amp#27;[1m"Arrivals"&amp#27;[0m&amp#27;[32m tab&amp#27;[0m                                  &amp#27;[90m# stepdefinitions.CommonDefinitions.user_select_from(java.lang.String,java.lang.String,java.lang.String)&amp#27;[0m
  &amp#27;[32mAnd &amp#27;[0m&amp#27;[32mUser select &amp#27;[0m&amp#27;[32m&amp#27;[1m"Indonesia"&amp#27;[0m&amp#27;[32m from &amp#27;[0m&amp#27;[32m&amp#27;[1m"Origin"&amp#27;[0m&amp#27;[32m in &amp#27;[0m&amp#27;[32m&amp#27;[1m"Arrivals"&amp#27;[0m&amp#27;[32m tab&amp#27;[0m                                        &amp#27;[90m# stepdefinitions.CommonDefinitions.user_select_from(java.lang.String,java.lang.String,java.lang.String)&amp#27;[0m
  &amp#27;[32mAnd &amp#27;[0m&amp#27;[32mUser select &amp#27;[0m&amp#27;[32m&amp#27;[1m"Alarm"&amp#27;[0m&amp#27;[32m from &amp#27;[0m&amp#27;[32m&amp#27;[1m"Shipping/Freeze Indicator"&amp#27;[0m&amp#27;[32m in &amp#27;[0m&amp#27;[32m&amp#27;[1m"Arrivals"&amp#27;[0m&amp#27;[32m tab&amp#27;[0m                         &amp#27;[90m# stepdefinitions.CommonDefinitions.user_select_from(java.lang.String,java.lang.String,java.lang.String)&amp#27;[0m
  &amp#27;[32mAnd &amp#27;[0m&amp#27;[32mUser enter &amp#27;[0m&amp#27;[32m&amp#27;[1m"20"&amp#27;[0m&amp#27;[32m in &amp#27;[0m&amp#27;[32m&amp#27;[1m"noOfVials"&amp#27;[0m                                                                 &amp#27;[90m# stepdefinitions.CommonDefinitions.user_enter_in(java.lang.String,java.lang.String)&amp#27;[0m
  &amp#27;[32mAnd &amp#27;[0m&amp#27;[32mUser enter &amp#27;[0m&amp#27;[32m&amp#27;[1m"20"&amp#27;[0m&amp#27;[32m in &amp#27;[0m&amp#27;[32m&amp#27;[1m"totalVolume"&amp#27;[0m                                                               &amp#27;[90m# stepdefinitions.CommonDefinitions.user_enter_in(java.lang.String,java.lang.String)&amp#27;[0m
  &amp#27;[32mAnd &amp#27;[0m&amp#27;[32mUser select &amp#27;[0m&amp#27;[32m&amp#27;[1m"Ambient_2022"&amp#27;[0m&amp#27;[32m from &amp#27;[0m&amp#27;[32m&amp#27;[1m"Storage Location"&amp#27;[0m&amp#27;[32m in &amp#27;[0m&amp#27;[32m&amp#27;[1m"Arrivals"&amp#27;[0m&amp#27;[32m tab&amp#27;[0m                           &amp#27;[90m# stepdefinitions.CommonDefinitions.user_select_from(java.lang.String,java.lang.String,java.lang.String)&amp#27;[0m
  &amp#27;[32mAnd &amp#27;[0m&amp#27;[32mUser enter &amp#27;[0m&amp#27;[32m&amp#27;[1m"1000"&amp#27;[0m&amp#27;[32m in &amp#27;[0m&amp#27;[32m&amp#27;[1m"totalCost"&amp#27;[0m                                                               &amp#27;[90m# stepdefinitions.CommonDefinitions.user_enter_in(java.lang.String,java.lang.String)&amp#27;[0m
  &amp#27;[32mAnd &amp#27;[0m&amp#27;[32mUser enter random text in &amp#27;[0m&amp#27;[32m&amp#27;[1m"comments"&amp#27;[0m                                                           &amp#27;[90m# stepdefinitions.CommonDefinitions.user_enter_random_text_in(java.lang.String)&amp#27;[0m
  &amp#27;[32mAnd &amp#27;[0m&amp#27;[32mUser click on &amp#27;[0m&amp#27;[32m&amp#27;[1m"Update"&amp#27;[0m&amp#27;[32m button&amp#27;[0m                                                                  &amp#27;[90m# stepdefinitions.CommonDefinitions.user_click_on_button(java.lang.String)&amp#27;[0m
  &amp#27;[32mAnd &amp#27;[0m&amp#27;[32mUser click on &amp#27;[0m&amp#27;[32m&amp#27;[1m"Continue"&amp#27;[0m&amp#27;[32m button&amp#27;[0m                                                                &amp#27;[90m# stepdefinitions.CommonDefinitions.user_click_on_button(java.lang.String)&amp#27;[0m
  &amp#27;[32mThen &amp#27;[0m&amp#27;[32mArrivals line is updated successfully&amp#27;[0m                                                         &amp#27;[90m# stepdefinitions.StoreOperator.ArrivalsDefinition.arrival_line_is_updated_sucessfully()&amp#27;[0m
  &amp#27;[32mAnd &amp#27;[0m&amp#27;[32mArrivals line Data is visible in arrival line table to user&amp#27;[0m                                    &amp#27;[90m# stepdefinitions.StoreOperator.ArrivalsDefinition.arrivals_line_data_is_visible_in_storage_data_table_to_user()&amp#27;[0m
  &amp#27;[32mWhen &amp#27;[0m&amp#27;[32mUser click on &amp#27;[0m&amp#27;[32m&amp#27;[1m"Finalize"&amp#27;[0m&amp#27;[32m button&amp#27;[0m                                                               &amp#27;[90m# stepdefinitions.CommonDefinitions.user_click_on_button(java.lang.String)&amp#27;[0m
  &amp#27;[32mAnd &amp#27;[0m&amp#27;[32mUser click on &amp#27;[0m&amp#27;[32m&amp#27;[1m"Continue"&amp#27;[0m&amp#27;[32m button&amp#27;[0m                                                                &amp#27;[90m# stepdefinitions.CommonDefinitions.user_click_on_button(java.lang.String)&amp#27;[0m
  &amp#27;[32mThen &amp#27;[0m&amp#27;[32mArrivals data is update successfully&amp#27;[0m                                                          &amp#27;[90m# stepdefinitions.StoreOperator.ArrivalsDefinition.arrival_is_updated_sucessfully()&amp#27;[0m
  &amp#27;[32mAnd &amp#27;[0m&amp#27;[32mArrivals Data is visible in arrivals table to user&amp#27;[0m                                             &amp#27;[90m# stepdefinitions.StoreOperator.ArrivalsDefinition.arrivals_data_is_visible_in_stock_arrival_table_to_user()&amp#27;[0m
  &amp#27;[32mAnd &amp#27;[0m&amp#27;[32mValidate arrival state is &amp#27;[0m&amp#27;[32m&amp#27;[1m"Complete"&amp#27;[0m                                                           &amp#27;[90m# stepdefinitions.StoreOperator.ArrivalsDefinition.validate_arrival_state_is(java.lang.String)&amp#27;[0m
17:57:25.679 [main] INFO   - 
  _____   ___   ___   _____     ___     _     ___   ___   ___   ___  
 |_   _| | __| / __| |_   _|   | _ \   /_\   / __| / __| | __| |   \ 
   | |   | _|  \__ \   | |     |  _/  / _ \  \__ \ \__ \ | _|  | |) |
   |_|   |___| |___/   |_|     |_|   /_/ \_\ |___/ |___/ |___| |___/ 

Verify user is able to update arrival line and arrival receipt type data before finalizing
----------------------------------------------------------------------
]]></system-out>
    <system-err><![CDATA[Starting ChromeDriver 108.0.5359.71 (1e0e3868ee06e91ad636a874420e3ca3ae3756ac-refs/branch-heads/5359@{#1016}) on port 40064
Only local connections are allowed.
Please see https://chromedriver.chromium.org/security-considerations for suggestions on keeping ChromeDriver safe.
ChromeDriver was started successfully.
Dec 23, 2022 5:56:20 PM org.openqa.selenium.devtools.CdpVersionFinder findNearestMatch
WARNING: Unable to find an exact match for CDP version 108, so returning the closest version found: 107
]]></system-err>
  </testcase>
  <testcase name="Verify user is able to delete arrival line and arrival receipt type data before finalizing" classname="Arrivals tab in SMT application for Store Operator user #1" time="67.19">
    <system-out><![CDATA[
Scenario: Verify user is able to delete arrival line and arrival receipt type data before finalizing &amp#27;[90m# src/test/resources/features/StoreOperator/Arrivals.feature:182&amp#27;[0m
17:57:25.716 [main] INFO  i.c.core.plugin.SerenityReporter - Running feature from file:///C:/Users/Sandeepkumar.Phalke/eclipse-workspace/UNICEF_SerenityBDD_Automation_Framework/src/test/resources/features/StoreOperator/Arrivals.feature
17:57:25.718 [main] INFO   - 
  _____   ___   ___   _____     ___   _____     _     ___   _____   ___   ___  
 |_   _| | __| / __| |_   _|   / __| |_   _|   /_\   | _ \ |_   _| | __| |   \ 
   | |   | _|  \__ \   | |     \__ \   | |    / _ \  |   /   | |   | _|  | |) |
   |_|   |___| |___/   |_|     |___/   |_|   /_/ \_\ |_|_\   |_|   |___| |___/ 

Verify user is able to delete arrival line and arrival receipt type data before finalizing(arrivals-tab-in-smt-application-for-store-operator-user;verify-user-is-able-to-delete-arrival-line-and-arrival-receipt-type-data-before-finalizing)
--------------------------------------------------------------------------------
17:57:25.900 [main] INFO  n.s.c.w.d.ChromeDriverProvider - Starting Chrome driver instance with capabilities:
17:57:25.900 [main] INFO  n.s.c.w.d.ChromeDriverProvider - Capabilities {acceptInsecureCerts: false, browserName: chrome, goog:chromeOptions: {args: [test-type, no-sandbox, ignore-certificate-errors, --window-size=1000,800, incognito, disable-infobars, disable-gpu, disable-default-apps, disable-popup-blocking], extensions: []}}
  &amp#27;[32mGiven &amp#27;[0m&amp#27;[32mUser is on home page&amp#27;[0m                                                                         &amp#27;[90m# stepdefinitions.CommonDefinitions.user_is_on_home_page()&amp#27;[0m
  &amp#27;[32mWhen &amp#27;[0m&amp#27;[32mUser is getting correct title of home page&amp#27;[0m                                                    &amp#27;[90m# stepdefinitions.SignInDefinitions.user_is_getting_correct_title_of_home_page()&amp#27;[0m
  &amp#27;[32mThen &amp#27;[0m&amp#27;[32mUser click on login button&amp#27;[0m                                                                    &amp#27;[90m# stepdefinitions.HomeDefinitions.user_click_on_login_button()&amp#27;[0m
  &amp#27;[32mWhen &amp#27;[0m&amp#27;[32mUser click on Proceed To Login button in &amp#27;[0m&amp#27;[32m&amp#27;[1m"English"&amp#27;[0m                                            &amp#27;[90m# stepdefinitions.HomeDefinitions.user_click_on_proceed_to_login_button_in(java.lang.String)&amp#27;[0m
  &amp#27;[32mThen &amp#27;[0m&amp#27;[32mUser enter email&amp#27;[0m                                                                              &amp#27;[90m# stepdefinitions.SignInDefinitions.user_enter_email()&amp#27;[0m
  &amp#27;[32mAnd &amp#27;[0m&amp#27;[32mUser enter password&amp#27;[0m                                                                            &amp#27;[90m# stepdefinitions.SignInDefinitions.user_enter_password()&amp#27;[0m
  &amp#27;[32mWhen &amp#27;[0m&amp#27;[32mUser click on sign in button&amp#27;[0m                                                                  &amp#27;[90m# stepdefinitions.SignInDefinitions.user_click_on_sign_in_button()&amp#27;[0m
  &amp#27;[32mGiven &amp#27;[0m&amp#27;[32mUser click on &amp#27;[0m&amp#27;[32m&amp#27;[1m"Apply"&amp#27;[0m&amp#27;[32m button&amp#27;[0m                                                                 &amp#27;[90m# stepdefinitions.CommonDefinitions.user_click_on_button(java.lang.String)&amp#27;[0m
  &amp#27;[32mAnd &amp#27;[0m&amp#27;[32mUser click on &amp#27;[0m&amp#27;[32m&amp#27;[1m"Arrivals"&amp#27;[0m&amp#27;[32m tab&amp#27;[0m                                                                   &amp#27;[90m# stepdefinitions.CommonDefinitions.user_click_on_tab(java.lang.String)&amp#27;[0m
  &amp#27;[32mGiven &amp#27;[0m&amp#27;[32mUser click on &amp#27;[0m&amp#27;[32m&amp#27;[1m"Log New Arrival"&amp#27;[0m&amp#27;[32m button&amp#27;[0m                                                       &amp#27;[90m# stepdefinitions.CommonDefinitions.user_click_on_button(java.lang.String)&amp#27;[0m
  &amp#27;[32mAnd &amp#27;[0m&amp#27;[32m&amp#27;[0m&amp#27;[32m&amp#27;[1m"Stock Arrival"&amp#27;[0m&amp#27;[32m text is visible&amp#27;[0m                                                                &amp#27;[90m# stepdefinitions.CommonDefinitions.text_is_visible(java.lang.String)&amp#27;[0m
  &amp#27;[32mAnd &amp#27;[0m&amp#27;[32mUser select &amp#27;[0m&amp#27;[32m&amp#27;[1m"Arrival"&amp#27;[0m&amp#27;[32m from &amp#27;[0m&amp#27;[32m&amp#27;[1m"Receipt Type"&amp#27;[0m&amp#27;[32m in &amp#27;[0m&amp#27;[32m&amp#27;[1m"Arrivals"&amp#27;[0m&amp#27;[32m tab&amp#27;[0m                                    &amp#27;[90m# stepdefinitions.CommonDefinitions.user_select_from(java.lang.String,java.lang.String,java.lang.String)&amp#27;[0m
  &amp#27;[32mAnd &amp#27;[0m&amp#27;[32mUser enter random text in &amp#27;[0m&amp#27;[32m&amp#27;[1m"smtNumber"&amp#27;[0m                                                          &amp#27;[90m# stepdefinitions.CommonDefinitions.user_enter_random_text_in(java.lang.String)&amp#27;[0m
  &amp#27;[32mAnd &amp#27;[0m&amp#27;[32mUser enter random number in &amp#27;[0m&amp#27;[32m&amp#27;[1m"shippingReferance"&amp#27;[0m                                                &amp#27;[90m# stepdefinitions.CommonDefinitions.user_enter_random_number_in(java.lang.String)&amp#27;[0m
  &amp#27;[32mAnd &amp#27;[0m&amp#27;[32mUser enter random text in &amp#27;[0m&amp#27;[32m&amp#27;[1m"fundingSource"&amp#27;[0m                                                      &amp#27;[90m# stepdefinitions.CommonDefinitions.user_enter_random_text_in(java.lang.String)&amp#27;[0m
  &amp#27;[32mAnd &amp#27;[0m&amp#27;[32mUser select &amp#27;[0m&amp#27;[32m&amp#27;[1m"AUD"&amp#27;[0m&amp#27;[32m from &amp#27;[0m&amp#27;[32m&amp#27;[1m"Currency"&amp#27;[0m&amp#27;[32m in &amp#27;[0m&amp#27;[32m&amp#27;[1m"Arrivals"&amp#27;[0m&amp#27;[32m tab&amp#27;[0m                                            &amp#27;[90m# stepdefinitions.CommonDefinitions.user_select_from(java.lang.String,java.lang.String,java.lang.String)&amp#27;[0m
  &amp#27;[32mAnd &amp#27;[0m&amp#27;[32mUser enter random number in &amp#27;[0m&amp#27;[32m&amp#27;[1m"freightCost"&amp#27;[0m                                                      &amp#27;[90m# stepdefinitions.CommonDefinitions.user_enter_random_number_in(java.lang.String)&amp#27;[0m
  &amp#27;[32mWhen &amp#27;[0m&amp#27;[32mUser click on &amp#27;[0m&amp#27;[32m&amp#27;[1m"Add Line to Arrival"&amp#27;[0m&amp#27;[32m button&amp#27;[0m                                                    &amp#27;[90m# stepdefinitions.CommonDefinitions.user_click_on_button(java.lang.String)&amp#27;[0m
  &amp#27;[32mThen &amp#27;[0m&amp#27;[32m&amp#27;[0m&amp#27;[32m&amp#27;[1m"Add Product to Arrival"&amp#27;[0m&amp#27;[32m heading is visible&amp#27;[0m                                                   &amp#27;[90m# stepdefinitions.CommonDefinitions.heading_is_visible(java.lang.String)&amp#27;[0m
  &amp#27;[32mAnd &amp#27;[0m&amp#27;[32mUser select &amp#27;[0m&amp#27;[32m&amp#27;[1m"Vaccine"&amp#27;[0m&amp#27;[32m from &amp#27;[0m&amp#27;[32m&amp#27;[1m"Product Type"&amp#27;[0m&amp#27;[32m in &amp#27;[0m&amp#27;[32m&amp#27;[1m"Arrivals"&amp#27;[0m&amp#27;[32m tab&amp#27;[0m                                    &amp#27;[90m# stepdefinitions.CommonDefinitions.user_select_from(java.lang.String,java.lang.String,java.lang.String)&amp#27;[0m
  &amp#27;[32mAnd &amp#27;[0m&amp#27;[32mUser select &amp#27;[0m&amp#27;[32m&amp#27;[1m"bOPV"&amp#27;[0m&amp#27;[32m from &amp#27;[0m&amp#27;[32m&amp#27;[1m"Product"&amp#27;[0m&amp#27;[32m in &amp#27;[0m&amp#27;[32m&amp#27;[1m"Arrivals"&amp#27;[0m&amp#27;[32m tab&amp#27;[0m                                            &amp#27;[90m# stepdefinitions.CommonDefinitions.user_select_from(java.lang.String,java.lang.String,java.lang.String)&amp#27;[0m
  &amp#27;[32mAnd &amp#27;[0m&amp#27;[32mUser enter random text in &amp#27;[0m&amp#27;[32m&amp#27;[1m"batchNo"&amp#27;[0m                                                            &amp#27;[90m# stepdefinitions.CommonDefinitions.user_enter_random_text_in(java.lang.String)&amp#27;[0m
  &amp#27;[32mAnd &amp#27;[0m&amp#27;[32mUser select &amp#27;[0m&amp#27;[32m&amp#27;[1m"PT ONEJECT INDONESIA"&amp#27;[0m&amp#27;[32m from &amp#27;[0m&amp#27;[32m&amp#27;[1m"Producer"&amp#27;[0m&amp#27;[32m in &amp#27;[0m&amp#27;[32m&amp#27;[1m"Arrivals"&amp#27;[0m&amp#27;[32m tab&amp#27;[0m                           &amp#27;[90m# stepdefinitions.CommonDefinitions.user_select_from(java.lang.String,java.lang.String,java.lang.String)&amp#27;[0m
  &amp#27;[32mAnd &amp#27;[0m&amp#27;[32mUser select &amp#27;[0m&amp#27;[32m&amp#27;[1m"BIOPOLIO B1/3"&amp#27;[0m&amp#27;[32m from &amp#27;[0m&amp#27;[32m&amp#27;[1m"Commercial Name"&amp#27;[0m&amp#27;[32m in &amp#27;[0m&amp#27;[32m&amp#27;[1m"Arrivals"&amp#27;[0m&amp#27;[32m tab&amp#27;[0m                           &amp#27;[90m# stepdefinitions.CommonDefinitions.user_select_from(java.lang.String,java.lang.String,java.lang.String)&amp#27;[0m
  &amp#27;[32mAnd &amp#27;[0m&amp#27;[32mUser select &amp#27;[0m&amp#27;[32m&amp#27;[1m"Liquid: ready to use"&amp#27;[0m&amp#27;[32m from &amp#27;[0m&amp#27;[32m&amp#27;[1m"Formulation"&amp#27;[0m&amp#27;[32m in &amp#27;[0m&amp#27;[32m&amp#27;[1m"Arrivals"&amp#27;[0m&amp#27;[32m tab&amp#27;[0m                        &amp#27;[90m# stepdefinitions.CommonDefinitions.user_select_from(java.lang.String,java.lang.String,java.lang.String)&amp#27;[0m
  &amp#27;[32mAnd &amp#27;[0m&amp#27;[32mUser select &amp#27;[0m&amp#27;[32m&amp#27;[1m"10"&amp#27;[0m&amp#27;[32m from &amp#27;[0m&amp#27;[32m&amp#27;[1m"Presentation"&amp#27;[0m&amp#27;[32m in &amp#27;[0m&amp#27;[32m&amp#27;[1m"Arrivals"&amp#27;[0m&amp#27;[32m tab&amp#27;[0m                                         &amp#27;[90m# stepdefinitions.CommonDefinitions.user_select_from(java.lang.String,java.lang.String,java.lang.String)&amp#27;[0m
  &amp#27;[32mAnd &amp#27;[0m&amp#27;[32mUser select &amp#27;[0m&amp#27;[32m&amp#27;[1m"1.Initial stage"&amp#27;[0m&amp#27;[32m from &amp#27;[0m&amp#27;[32m&amp#27;[1m"VVM Stage"&amp#27;[0m&amp#27;[32m in &amp#27;[0m&amp#27;[32m&amp#27;[1m"Arrivals"&amp#27;[0m&amp#27;[32m tab&amp#27;[0m                               &amp#27;[90m# stepdefinitions.CommonDefinitions.user_select_from(java.lang.String,java.lang.String,java.lang.String)&amp#27;[0m
  &amp#27;[32mAnd &amp#27;[0m&amp#27;[32mUser enter &amp#27;[0m&amp#27;[32m&amp#27;[1m"20"&amp#27;[0m&amp#27;[32m in &amp#27;[0m&amp#27;[32m&amp#27;[1m"units"&amp#27;[0m                                                                     &amp#27;[90m# stepdefinitions.CommonDefinitions.user_enter_in(java.lang.String,java.lang.String)&amp#27;[0m
  &amp#27;[32mAnd &amp#27;[0m&amp#27;[32mUser select &amp#27;[0m&amp#27;[32m&amp#27;[1m"Routine"&amp#27;[0m&amp#27;[32m from &amp#27;[0m&amp#27;[32m&amp#27;[1m"Routine or SIA"&amp#27;[0m&amp#27;[32m in &amp#27;[0m&amp#27;[32m&amp#27;[1m"Arrivals"&amp#27;[0m&amp#27;[32m tab&amp#27;[0m                                  &amp#27;[90m# stepdefinitions.CommonDefinitions.user_select_from(java.lang.String,java.lang.String,java.lang.String)&amp#27;[0m
  &amp#27;[32mAnd &amp#27;[0m&amp#27;[32mUser select &amp#27;[0m&amp#27;[32m&amp#27;[1m"Indonesia"&amp#27;[0m&amp#27;[32m from &amp#27;[0m&amp#27;[32m&amp#27;[1m"Origin"&amp#27;[0m&amp#27;[32m in &amp#27;[0m&amp#27;[32m&amp#27;[1m"Arrivals"&amp#27;[0m&amp#27;[32m tab&amp#27;[0m                                        &amp#27;[90m# stepdefinitions.CommonDefinitions.user_select_from(java.lang.String,java.lang.String,java.lang.String)&amp#27;[0m
  &amp#27;[32mAnd &amp#27;[0m&amp#27;[32mUser select &amp#27;[0m&amp#27;[32m&amp#27;[1m"Alarm"&amp#27;[0m&amp#27;[32m from &amp#27;[0m&amp#27;[32m&amp#27;[1m"Shipping/Freeze Indicator"&amp#27;[0m&amp#27;[32m in &amp#27;[0m&amp#27;[32m&amp#27;[1m"Arrivals"&amp#27;[0m&amp#27;[32m tab&amp#27;[0m                         &amp#27;[90m# stepdefinitions.CommonDefinitions.user_select_from(java.lang.String,java.lang.String,java.lang.String)&amp#27;[0m
  &amp#27;[32mAnd &amp#27;[0m&amp#27;[32mUser enter &amp#27;[0m&amp#27;[32m&amp#27;[1m"20"&amp#27;[0m&amp#27;[32m in &amp#27;[0m&amp#27;[32m&amp#27;[1m"noOfVials"&amp#27;[0m                                                                 &amp#27;[90m# stepdefinitions.CommonDefinitions.user_enter_in(java.lang.String,java.lang.String)&amp#27;[0m
  &amp#27;[32mAnd &amp#27;[0m&amp#27;[32mUser enter &amp#27;[0m&amp#27;[32m&amp#27;[1m"20"&amp#27;[0m&amp#27;[32m in &amp#27;[0m&amp#27;[32m&amp#27;[1m"totalVolume"&amp#27;[0m                                                               &amp#27;[90m# stepdefinitions.CommonDefinitions.user_enter_in(java.lang.String,java.lang.String)&amp#27;[0m
  &amp#27;[32mAnd &amp#27;[0m&amp#27;[32mUser select &amp#27;[0m&amp#27;[32m&amp#27;[1m"Ambient_2022"&amp#27;[0m&amp#27;[32m from &amp#27;[0m&amp#27;[32m&amp#27;[1m"Storage Location"&amp#27;[0m&amp#27;[32m in &amp#27;[0m&amp#27;[32m&amp#27;[1m"Arrivals"&amp#27;[0m&amp#27;[32m tab&amp#27;[0m                           &amp#27;[90m# stepdefinitions.CommonDefinitions.user_select_from(java.lang.String,java.lang.String,java.lang.String)&amp#27;[0m
  &amp#27;[32mAnd &amp#27;[0m&amp#27;[32mUser enter &amp#27;[0m&amp#27;[32m&amp#27;[1m"1000"&amp#27;[0m&amp#27;[32m in &amp#27;[0m&amp#27;[32m&amp#27;[1m"totalCost"&amp#27;[0m                                                               &amp#27;[90m# stepdefinitions.CommonDefinitions.user_enter_in(java.lang.String,java.lang.String)&amp#27;[0m
  &amp#27;[32mAnd &amp#27;[0m&amp#27;[32mUser enter random text in &amp#27;[0m&amp#27;[32m&amp#27;[1m"comments"&amp#27;[0m                                                           &amp#27;[90m# stepdefinitions.CommonDefinitions.user_enter_random_text_in(java.lang.String)&amp#27;[0m
  &amp#27;[32mThen &amp#27;[0m&amp#27;[32mUser click on &amp#27;[0m&amp#27;[32m&amp#27;[1m"Create"&amp#27;[0m&amp#27;[32m button&amp#27;[0m                                                                 &amp#27;[90m# stepdefinitions.CommonDefinitions.user_click_on_button(java.lang.String)&amp#27;[0m
  &amp#27;[32mAnd &amp#27;[0m&amp#27;[32mUser click on &amp#27;[0m&amp#27;[32m&amp#27;[1m"Continue"&amp#27;[0m&amp#27;[32m button&amp#27;[0m                                                                &amp#27;[90m# stepdefinitions.CommonDefinitions.user_click_on_button(java.lang.String)&amp#27;[0m
  &amp#27;[32mThen &amp#27;[0m&amp#27;[32mArrivals line is created successfully&amp#27;[0m                                                         &amp#27;[90m# stepdefinitions.StoreOperator.ArrivalsDefinition.storage_data_is_created_sucessfully()&amp#27;[0m
  &amp#27;[32mAnd &amp#27;[0m&amp#27;[32mArrivals line Data is visible in arrival line table to user&amp#27;[0m                                    &amp#27;[90m# stepdefinitions.StoreOperator.ArrivalsDefinition.arrivals_line_data_is_visible_in_storage_data_table_to_user()&amp#27;[0m
  &amp#27;[32mWhen &amp#27;[0m&amp#27;[32mUser click on &amp#27;[0m&amp#27;[32m&amp#27;[1m"Save as draft and go back"&amp#27;[0m&amp#27;[32m button&amp#27;[0m                                              &amp#27;[90m# stepdefinitions.CommonDefinitions.user_click_on_button(java.lang.String)&amp#27;[0m
  &amp#27;[32mAnd &amp#27;[0m&amp#27;[32mUser click on &amp#27;[0m&amp#27;[32m&amp#27;[1m"Yes"&amp#27;[0m&amp#27;[32m button&amp#27;[0m                                                                     &amp#27;[90m# stepdefinitions.CommonDefinitions.user_click_on_button(java.lang.String)&amp#27;[0m
  &amp#27;[32mAnd &amp#27;[0m&amp#27;[32mValidate arrival state is &amp#27;[0m&amp#27;[32m&amp#27;[1m"Draft"&amp#27;[0m                                                              &amp#27;[90m# stepdefinitions.StoreOperator.ArrivalsDefinition.validate_arrival_state_is(java.lang.String)&amp#27;[0m
  &amp#27;[32mThen &amp#27;[0m&amp#27;[32mArrivals Data is visible in arrivals table to user&amp#27;[0m                                            &amp#27;[90m# stepdefinitions.StoreOperator.ArrivalsDefinition.arrivals_data_is_visible_in_stock_arrival_table_to_user()&amp#27;[0m
  &amp#27;[32mAnd &amp#27;[0m&amp#27;[32mUser edit the Arrivals data&amp#27;[0m                                                                    &amp#27;[90m# stepdefinitions.StoreOperator.ArrivalsDefinition.user_edit_the_arrivals_data()&amp#27;[0m
  &amp#27;[32mWhen &amp#27;[0m&amp#27;[32mUser delete the line in arrival&amp#27;[0m                                                               &amp#27;[90m# stepdefinitions.StoreOperator.ArrivalsDefinition.user_delete_the_line_in_arrival()&amp#27;[0m
  &amp#27;[32mAnd &amp#27;[0m&amp#27;[32mUser click on &amp#27;[0m&amp#27;[32m&amp#27;[1m"Yes"&amp#27;[0m&amp#27;[32m button&amp#27;[0m                                                                     &amp#27;[90m# stepdefinitions.CommonDefinitions.user_click_on_button(java.lang.String)&amp#27;[0m
  &amp#27;[32mThen &amp#27;[0m&amp#27;[32mArrivals line is deleted successfully&amp#27;[0m                                                         &amp#27;[90m# stepdefinitions.StoreOperator.ArrivalsDefinition.arrival_line_is_deleted_sucessfully()&amp#27;[0m
  &amp#27;[32mAnd &amp#27;[0m&amp#27;[32mArrivals line Data is not visible in arrival line table to user&amp#27;[0m                                &amp#27;[90m# stepdefinitions.StoreOperator.ArrivalsDefinition.arrivals_line_data_is_not_visible_in_storage_data_table_to_user()&amp#27;[0m
  &amp#27;[32mWhen &amp#27;[0m&amp#27;[32mUser click on &amp#27;[0m&amp#27;[32m&amp#27;[1m"Save as draft and go back"&amp#27;[0m&amp#27;[32m button&amp#27;[0m                                              &amp#27;[90m# stepdefinitions.CommonDefinitions.user_click_on_button(java.lang.String)&amp#27;[0m
  &amp#27;[32mAnd &amp#27;[0m&amp#27;[32mUser click on &amp#27;[0m&amp#27;[32m&amp#27;[1m"Yes"&amp#27;[0m&amp#27;[32m button&amp#27;[0m                                                                     &amp#27;[90m# stepdefinitions.CommonDefinitions.user_click_on_button(java.lang.String)&amp#27;[0m
  &amp#27;[32mWhen &amp#27;[0m&amp#27;[32mUser delete the Arrivals data&amp#27;[0m                                                                 &amp#27;[90m# stepdefinitions.StoreOperator.ArrivalsDefinition.user_delete_the_arrivals_data()&amp#27;[0m
  &amp#27;[32mAnd &amp#27;[0m&amp#27;[32mUser click on &amp#27;[0m&amp#27;[32m&amp#27;[1m"Yes"&amp#27;[0m&amp#27;[32m button&amp#27;[0m                                                                     &amp#27;[90m# stepdefinitions.CommonDefinitions.user_click_on_button(java.lang.String)&amp#27;[0m
  &amp#27;[32mThen &amp#27;[0m&amp#27;[32mArrivals data is deleted successfully&amp#27;[0m                                                         &amp#27;[90m# stepdefinitions.StoreOperator.ArrivalsDefinition.arrival_is_deleted_sucessfully()&amp#27;[0m
  &amp#27;[32mAnd &amp#27;[0m&amp#27;[32mArrivals Data is not visible in arrivals table to user&amp#27;[0m                                         &amp#27;[90m# stepdefinitions.StoreOperator.ArrivalsDefinition.arrivals_data_is_not_visible_in_stock_arrival_table_to_user()&amp#27;[0m
17:58:32.870 [main] INFO   - 
  _____   ___   ___   _____     ___     _     ___   ___   ___   ___  
 |_   _| | __| / __| |_   _|   | _ \   /_\   / __| / __| | __| |   \ 
   | |   | _|  \__ \   | |     |  _/  / _ \  \__ \ \__ \ | _|  | |) |
   |_|   |___| |___/   |_|     |_|   /_/ \_\ |___/ |___/ |___| |___/ 

Verify user is able to delete arrival line and arrival receipt type data before finalizing
----------------------------------------------------------------------
]]></system-out>
    <system-err><![CDATA[Starting ChromeDriver 108.0.5359.71 (1e0e3868ee06e91ad636a874420e3ca3ae3756ac-refs/branch-heads/5359@{#1016}) on port 17396
Only local connections are allowed.
Please see https://chromedriver.chromium.org/security-considerations for suggestions on keeping ChromeDriver safe.
ChromeDriver was started successfully.
Dec 23, 2022 5:57:27 PM org.openqa.selenium.devtools.CdpVersionFinder findNearestMatch
WARNING: Unable to find an exact match for CDP version 108, so returning the closest version found: 107
]]></system-err>
  </testcase>
  <testcase name="Verify user is able to add arrival line and arrival receipt type data and finalize it" classname="Arrivals tab in SMT application for Store Operator user #2" time="32.324">
    <error type="net.thucydides.core.webdriver.exceptions.ElementShouldBeEnabledException"><![CDATA[net.thucydides.core.webdriver.exceptions.ElementShouldBeEnabledException: Expected enabled element was not enabled
Caused by: org.openqa.selenium.TimeoutException: Expected condition failed: waiting for By.xpath: //li//span[text()='Dubai 2'] to be clickable (tried for 5 second(s) with 100 milliseconds interval)
Caused by: org.openqa.selenium.NoSuchElementException: 
no such element: Unable to locate element: {"method":"xpath","selector":"//li//span[text()='Dubai 2']"}
  (Session info: chrome=108.0.5359.125)
For documentation on this error, please visit: https://selenium.dev/exceptions/#no_such_element
Build info: version: '4.6.0', revision: '79f1c02ae20'
System info: os.name: 'Windows 10', os.arch: 'amd64', os.version: '10.0', java.version: '1.8.0_341'
Driver info: org.openqa.selenium.chrome.ChromeDriver
Command: [6cbd13208a545507b34909efa7f30468, findElement {using=xpath, value=//li//span[text()='Dubai 2']}]
Capabilities {acceptInsecureCerts: false, browserName: chrome, browserVersion: 108.0.5359.125, chrome: {chromedriverVersion: 108.0.5359.71 (1e0e3868ee06..., userDataDir: C:\Users\SANDEE~1.PHA\AppDa...}, goog:chromeOptions: {debuggerAddress: localhost:52822}, networkConnectionEnabled: false, pageLoadStrategy: normal, platformName: WINDOWS, proxy: Proxy(), se:cdp: ws://localhost:52822/devtoo..., se:cdpVersion: 108.0.5359.125, setWindowRect: true, strictFileInteractability: false, timeouts: {implicit: 0, pageLoad: 300000, script: 30000}, unhandledPromptBehavior: dismiss and notify, webauthn:extension:credBlob: true, webauthn:extension:largeBlob: true, webauthn:virtualAuthenticators: true}
Session ID: 6cbd13208a545507b34909efa7f30468
]]></error>
    <system-out><![CDATA[17:58:32.874 [main] INFO  i.c.core.plugin.SerenityReporter - Running feature from file:///C:/Users/Sandeepkumar.Phalke/eclipse-workspace/UNICEF_SerenityBDD_Automation_Framework/src/test/resources/features/StoreOperator/Issuing.feature
17:58:32.878 [main] INFO   - Test Suite Started: Arrivals tab in SMT application for Store Operator user

Scenario Outline: Verify user is able to add arrival line and arrival receipt type data and finalize it &amp#27;[90m# src/test/resources/features/StoreOperator/Issuing.feature:53&amp#27;[0m
17:58:32.891 [main] INFO  i.c.core.plugin.SerenityReporter - Running feature from file:///C:/Users/Sandeepkumar.Phalke/eclipse-workspace/UNICEF_SerenityBDD_Automation_Framework/src/test/resources/features/StoreOperator/Issuing.feature
17:58:32.893 [main] INFO   - 
  _____   ___   ___   _____     ___   _____     _     ___   _____   ___   ___  
 |_   _| | __| / __| |_   _|   / __| |_   _|   /_\   | _ \ |_   _| | __| |   \ 
   | |   | _|  \__ \   | |     \__ \   | |    / _ \  |   /   | |   | _|  | |) |
   |_|   |___| |___/   |_|     |___/   |_|   /_/ \_\ |_|_\   |_|   |___| |___/ 

Verify user is able to add arrival line and arrival receipt type data and finalize it(arrivals-tab-in-smt-application-for-store-operator-user;verify-user-is-able-to-add-arrival-line-and-arrival-receipt-type-data-and-finalize-it)
--------------------------------------------------------------------------------
17:58:33.083 [main] INFO  n.s.c.w.d.ChromeDriverProvider - Starting Chrome driver instance with capabilities:
17:58:33.083 [main] INFO  n.s.c.w.d.ChromeDriverProvider - Capabilities {acceptInsecureCerts: false, browserName: chrome, goog:chromeOptions: {args: [test-type, no-sandbox, ignore-certificate-errors, --window-size=1000,800, incognito, disable-infobars, disable-gpu, disable-default-apps, disable-popup-blocking], extensions: []}}
  &amp#27;[32mGiven &amp#27;[0m&amp#27;[32mUser is on home page&amp#27;[0m                                                                            &amp#27;[90m# stepdefinitions.CommonDefinitions.user_is_on_home_page()&amp#27;[0m
  &amp#27;[32mWhen &amp#27;[0m&amp#27;[32mUser is getting correct title of home page&amp#27;[0m                                                       &amp#27;[90m# stepdefinitions.SignInDefinitions.user_is_getting_correct_title_of_home_page()&amp#27;[0m
  &amp#27;[32mThen &amp#27;[0m&amp#27;[32mUser click on login button&amp#27;[0m                                                                       &amp#27;[90m# stepdefinitions.HomeDefinitions.user_click_on_login_button()&amp#27;[0m
  &amp#27;[32mWhen &amp#27;[0m&amp#27;[32mUser click on Proceed To Login button in &amp#27;[0m&amp#27;[32m&amp#27;[1m"English"&amp#27;[0m                                               &amp#27;[90m# stepdefinitions.HomeDefinitions.user_click_on_proceed_to_login_button_in(java.lang.String)&amp#27;[0m
  &amp#27;[32mThen &amp#27;[0m&amp#27;[32mUser enter email&amp#27;[0m                                                                                 &amp#27;[90m# stepdefinitions.SignInDefinitions.user_enter_email()&amp#27;[0m
  &amp#27;[32mAnd &amp#27;[0m&amp#27;[32mUser enter password&amp#27;[0m                                                                               &amp#27;[90m# stepdefinitions.SignInDefinitions.user_enter_password()&amp#27;[0m
  &amp#27;[32mWhen &amp#27;[0m&amp#27;[32mUser click on sign in button&amp#27;[0m                                                                     &amp#27;[90m# stepdefinitions.SignInDefinitions.user_click_on_sign_in_button()&amp#27;[0m
  &amp#27;[32mGiven &amp#27;[0m&amp#27;[32mUser click on &amp#27;[0m&amp#27;[32m&amp#27;[1m"Apply"&amp#27;[0m&amp#27;[32m button&amp#27;[0m                                                                    &amp#27;[90m# stepdefinitions.CommonDefinitions.user_click_on_button(java.lang.String)&amp#27;[0m
  &amp#27;[32mAnd &amp#27;[0m&amp#27;[32mUser click on &amp#27;[0m&amp#27;[32m&amp#27;[1m"Issuing"&amp#27;[0m&amp#27;[32m tab&amp#27;[0m                                                                       &amp#27;[90m# stepdefinitions.CommonDefinitions.user_click_on_tab(java.lang.String)&amp#27;[0m
  &amp#27;[32mGiven &amp#27;[0m&amp#27;[32mUser click on &amp#27;[0m&amp#27;[32m&amp#27;[1m"Issue New Stock"&amp#27;[0m&amp#27;[32m button&amp#27;[0m                                                          &amp#27;[90m# stepdefinitions.CommonDefinitions.user_click_on_button(java.lang.String)&amp#27;[0m
  &amp#27;[32mAnd &amp#27;[0m&amp#27;[32m&amp#27;[0m&amp#27;[32m&amp#27;[1m"Issue New Stock"&amp#27;[0m&amp#27;[32m text is visible&amp#27;[0m                                                                 &amp#27;[90m# stepdefinitions.CommonDefinitions.text_is_visible(java.lang.String)&amp#27;[0m
  &amp#27;[32mAnd &amp#27;[0m&amp#27;[32mUser select &amp#27;[0m&amp#27;[32m&amp#27;[1m"Requisition"&amp#27;[0m&amp#27;[32m from &amp#27;[0m&amp#27;[32m&amp#27;[1m"Issue Type"&amp#27;[0m&amp#27;[32m in &amp#27;[0m&amp#27;[32m&amp#27;[1m"Issuing"&amp#27;[0m&amp#27;[32m tab&amp#27;[0m                                      &amp#27;[90m# stepdefinitions.CommonDefinitions.user_select_from(java.lang.String,java.lang.String,java.lang.String)&amp#27;[0m
  &amp#27;[31mAnd &amp#27;[0m&amp#27;[31mUser select &amp#27;[0m&amp#27;[31m&amp#27;[1m"Dubai 2"&amp#27;[0m&amp#27;[31m from &amp#27;[0m&amp#27;[31m&amp#27;[1m"Recipient Store"&amp#27;[0m&amp#27;[31m in &amp#27;[0m&amp#27;[31m&amp#27;[1m"Issuing"&amp#27;[0m&amp#27;[31m tab&amp#27;[0m                                     &amp#27;[90m# stepdefinitions.CommonDefinitions.user_select_from(java.lang.String,java.lang.String,java.lang.String)&amp#27;[0m
      &amp#27;[31mnet.thucydides.core.webdriver.exceptions.ElementShouldBeEnabledException: Expected enabled element was not enabled
	at net.serenitybdd.core.pages.WebElementFacadeImpl.waitUntilClickable(WebElementFacadeImpl.java:1134)
	at pages.StoreOperator.IssuingPage.selectValueFromDropdown_Issuing(IssuingPage.java:29)
	at pages.StoreOperator.IssuingPage$ByteBuddy$8BQNgUbt.selectValueFromDropdown_Issuing$accessor$6yxrD0ZS(Unknown Source)
	at sun.reflect.NativeMethodAccessorImpl.invoke0(Native Method)
	at sun.reflect.NativeMethodAccessorImpl.invoke(NativeMethodAccessorImpl.java:62)
	at sun.reflect.DelegatingMethodAccessorImpl.invoke(DelegatingMethodAccessorImpl.java:43)
	at java.lang.reflect.Method.invoke(Method.java:498)
	at net.thucydides.core.steps.StepInterceptor.invokeMethod(StepInterceptor.java:503)
	at net.thucydides.core.steps.StepInterceptor.executeTestStepMethod(StepInterceptor.java:483)
	at net.thucydides.core.steps.StepInterceptor.runTestStep(StepInterceptor.java:457)
	at net.thucydides.core.steps.StepInterceptor.runOrSkipMethod(StepInterceptor.java:209)
	at net.thucydides.core.steps.StepInterceptor.testStepResult(StepInterceptor.java:196)
	at net.thucydides.core.steps.StepInterceptor.intercept(StepInterceptor.java:84)
	at net.thucydides.core.steps.ProxyConfiguration$InterceptorDispatcher.intercept(ProxyConfiguration.java:51)
	at pages.StoreOperator.IssuingPage$ByteBuddy$8BQNgUbt.selectValueFromDropdown_Issuing(Unknown Source)
	at stepdefinitions.CommonDefinitions.user_select_from(CommonDefinitions.java:92)
	at âœ½.User select "Dubai 2" from "Recipient Store" in "Issuing" tab(file:///C:/Users/Sandeepkumar.Phalke/eclipse-workspace/UNICEF_SerenityBDD_Automation_Framework/src/test/resources/features/StoreOperator/Issuing.feature:19)
Caused by: org.openqa.selenium.TimeoutException: Expected condition failed: waiting for By.xpath: //li//span[text()='Dubai 2'] to be clickable (tried for 5 second(s) with 100 milliseconds interval)
	at org.openqa.selenium.support.ui.FluentWait.timeoutException(FluentWait.java:263)
	at org.openqa.selenium.support.ui.FluentWait.until(FluentWait.java:231)
	at net.serenitybdd.core.pages.WebElementFacadeImpl.waitUntilClickable(WebElementFacadeImpl.java:1131)
	at pages.StoreOperator.IssuingPage.selectValueFromDropdown_Issuing(IssuingPage.java:29)
	at pages.StoreOperator.IssuingPage$ByteBuddy$8BQNgUbt.selectValueFromDropdown_Issuing$accessor$6yxrD0ZS(Unknown Source)
	at sun.reflect.NativeMethodAccessorImpl.invoke0(Native Method)
	at sun.reflect.NativeMethodAccessorImpl.invoke(NativeMethodAccessorImpl.java:62)
	at sun.reflect.DelegatingMethodAccessorImpl.invoke(DelegatingMethodAccessorImpl.java:43)
	at java.lang.reflect.Method.invoke(Method.java:498)
	at net.thucydides.core.steps.StepInterceptor.invokeMethod(StepInterceptor.java:503)
	at net.thucydides.core.steps.StepInterceptor.executeTestStepMethod(StepInterceptor.java:483)
	at net.thucydides.core.steps.StepInterceptor.runTestStep(StepInterceptor.java:457)
	at net.thucydides.core.steps.StepInterceptor.runOrSkipMethod(StepInterceptor.java:209)
	at net.thucydides.core.steps.StepInterceptor.testStepResult(StepInterceptor.java:196)
	at net.thucydides.core.steps.StepInterceptor.intercept(StepInterceptor.java:84)
	at net.thucydides.core.steps.ProxyConfiguration$InterceptorDispatcher.intercept(ProxyConfiguration.java:51)
	at pages.StoreOperator.IssuingPage$ByteBuddy$8BQNgUbt.selectValueFromDropdown_Issuing(Unknown Source)
	at stepdefinitions.CommonDefinitions.user_select_from(CommonDefinitions.java:92)
	at sun.reflect.GeneratedMethodAccessor28.invoke(Unknown Source)
	at sun.reflect.DelegatingMethodAccessorImpl.invoke(DelegatingMethodAccessorImpl.java:43)
	at java.lang.reflect.Method.invoke(Method.java:498)
	at io.cucumber.java.Invoker.doInvoke(Invoker.java:66)
	at io.cucumber.java.Invoker.invoke(Invoker.java:24)
	at io.cucumber.java.AbstractGlueDefinition.invokeMethod(AbstractGlueDefinition.java:47)
	at io.cucumber.java.JavaStepDefinition.execute(JavaStepDefinition.java:29)
	at io.cucumber.core.runner.CoreStepDefinition.execute(CoreStepDefinition.java:66)
	at io.cucumber.core.runner.PickleStepDefinitionMatch.runStep(PickleStepDefinitionMatch.java:63)
	at io.cucumber.core.runner.ExecutionMode$1.execute(ExecutionMode.java:10)
	at io.cucumber.core.runner.TestStep.executeStep(TestStep.java:85)
	at io.cucumber.core.runner.TestStep.run(TestStep.java:57)
	at io.cucumber.core.runner.PickleStepTestStep.run(PickleStepTestStep.java:51)
	at io.cucumber.core.runner.TestCase.run(TestCase.java:84)
	at io.cucumber.core.runner.Runner.runPickle(Runner.java:75)
	at io.cucumber.junit.PickleRunners$NoStepDescriptions.lambda$run$0(PickleRunners.java:151)
	at io.cucumber.core.runtime.CucumberExecutionContext.lambda$runTestCase$5(CucumberExecutionContext.java:129)
	at io.cucumber.core.runtime.RethrowingThrowableCollector.executeAndThrow(RethrowingThrowableCollector.java:23)
	at io.cucumber.core.runtime.CucumberExecutionContext.runTestCase(CucumberExecutionContext.java:129)
	at io.cucumber.junit.PickleRunners$NoStepDescriptions.run(PickleRunners.java:148)
	at io.cucumber.junit.FeatureRunner.runChild(FeatureRunner.java:144)
	at io.cucumber.junit.FeatureRunner.runChild(FeatureRunner.java:28)
	at org.junit.runners.ParentRunner$4.run(ParentRunner.java:331)
	at org.junit.runners.ParentRunner$1.schedule(ParentRunner.java:79)
	at org.junit.runners.ParentRunner.runChildren(ParentRunner.java:329)
	at org.junit.runners.ParentRunner.access$100(ParentRunner.java:66)
	at org.junit.runners.ParentRunner$2.evaluate(ParentRunner.java:293)
	at org.junit.runners.ParentRunner$3.evaluate(ParentRunner.java:306)
	at org.junit.runners.ParentRunner.run(ParentRunner.java:413)
	at io.cucumber.junit.FeatureRunner.run(FeatureRunner.java:137)
	at io.cucumber.junit.CucumberSerenityRunner.runChild(CucumberSerenityRunner.java:259)
	at io.cucumber.junit.CucumberSerenityRunner.runChild(CucumberSerenityRunner.java:59)
	at org.junit.runners.ParentRunner$4.run(ParentRunner.java:331)
	at org.junit.runners.ParentRunner$1.schedule(ParentRunner.java:79)
	at org.junit.runners.ParentRunner.runChildren(ParentRunner.java:329)
	at org.junit.runners.ParentRunner.access$100(ParentRunner.java:66)
	at org.junit.runners.ParentRunner$2.evaluate(ParentRunner.java:293)
	at io.cucumber.junit.CucumberSerenityRunner$RunCucumber.evaluate(CucumberSerenityRunner.java:288)
	at org.junit.runners.ParentRunner$3.evaluate(ParentRunner.java:306)
	at org.junit.runners.ParentRunner.run(ParentRunner.java:413)
	at org.junit.runner.JUnitCore.run(JUnitCore.java:137)
	at org.junit.runner.JUnitCore.run(JUnitCore.java:115)
	at org.junit.vintage.engine.execution.RunnerExecutor.execute(RunnerExecutor.java:42)
	at org.junit.vintage.engine.VintageTestEngine.executeAllChildren(VintageTestEngine.java:80)
	at org.junit.vintage.engine.VintageTestEngine.execute(VintageTestEngine.java:72)
	at org.junit.platform.launcher.core.EngineExecutionOrchestrator.execute(EngineExecutionOrchestrator.java:107)
	at org.junit.platform.launcher.core.EngineExecutionOrchestrator.execute(EngineExecutionOrchestrator.java:88)
	at org.junit.platform.launcher.core.EngineExecutionOrchestrator.lambda$execute$0(EngineExecutionOrchestrator.java:54)
	at org.junit.platform.launcher.core.EngineExecutionOrchestrator.withInterceptedStreams(EngineExecutionOrchestrator.java:67)
	at org.junit.platform.launcher.core.EngineExecutionOrchestrator.execute(EngineExecutionOrchestrator.java:52)
	at org.junit.platform.launcher.core.DefaultLauncher.execute(DefaultLauncher.java:114)
	at org.junit.platform.launcher.core.DefaultLauncher.execute(DefaultLauncher.java:86)
	at org.junit.platform.launcher.core.DefaultLauncherSession$DelegatingLauncher.execute(DefaultLauncherSession.java:86)
	at org.junit.platform.launcher.core.SessionPerRequestLauncher.execute(SessionPerRequestLauncher.java:53)
	at org.apache.maven.surefire.junitplatform.JUnitPlatformProvider.execute(JUnitPlatformProvider.java:188)
	at org.apache.maven.surefire.junitplatform.JUnitPlatformProvider.invokeAllTests(JUnitPlatformProvider.java:154)
	at org.apache.maven.surefire.junitplatform.JUnitPlatformProvider.invoke(JUnitPlatformProvider.java:128)
	at org.apache.maven.surefire.booter.ForkedBooter.runSuitesInProcess(ForkedBooter.java:428)
	at org.apache.maven.surefire.booter.ForkedBooter.execute(ForkedBooter.java:162)
	at org.apache.maven.surefire.booter.ForkedBooter.run(ForkedBooter.java:562)
	at org.apache.maven.surefire.booter.ForkedBooter.main(ForkedBooter.java:548)
Caused by: org.openqa.selenium.NoSuchElementException: no such element: Unable to locate element: {"method":"xpath","selector":"//li//span[text()='Dubai 2']"}
  (Session info: chrome=108.0.5359.125)
For documentation on this error, please visit: https://selenium.dev/exceptions/#no_such_element
Build info: version: '4.6.0', revision: '79f1c02ae20'
System info: os.name: 'Windows 10', os.arch: 'amd64', os.version: '10.0', java.version: '1.8.0_341'
Driver info: org.openqa.selenium.chrome.ChromeDriver
Command: [6cbd13208a545507b34909efa7f30468, findElement {using=xpath, value=//li//span[text()='Dubai 2']}]
Capabilities {acceptInsecureCerts: false, browserName: chrome, browserVersion: 108.0.5359.125, chrome: {chromedriverVersion: 108.0.5359.71 (1e0e3868ee06..., userDataDir: C:\Users\SANDEE~1.PHA\AppDa...}, goog:chromeOptions: {debuggerAddress: localhost:52822}, networkConnectionEnabled: false, pageLoadStrategy: normal, platformName: WINDOWS, proxy: Proxy(), se:cdp: ws://localhost:52822/devtoo..., se:cdpVersion: 108.0.5359.125, setWindowRect: true, strictFileInteractability: false, timeouts: {implicit: 0, pageLoad: 300000, script: 30000}, unhandledPromptBehavior: dismiss and notify, webauthn:extension:credBlob: true, webauthn:extension:largeBlob: true, webauthn:virtualAuthenticators: true}
Session ID: 6cbd13208a545507b34909efa7f30468
	at sun.reflect.NativeConstructorAccessorImpl.newInstance0(Native Method)
	at sun.reflect.NativeConstructorAccessorImpl.newInstance(NativeConstructorAccessorImpl.java:62)
	at sun.reflect.DelegatingConstructorAccessorImpl.newInstance(DelegatingConstructorAccessorImpl.java:45)
	at java.lang.reflect.Constructor.newInstance(Constructor.java:423)
	at org.openqa.selenium.remote.codec.w3c.W3CHttpResponseCodec.createException(W3CHttpResponseCodec.java:200)
	at org.openqa.selenium.remote.codec.w3c.W3CHttpResponseCodec.decode(W3CHttpResponseCodec.java:133)
	at org.openqa.selenium.remote.codec.w3c.W3CHttpResponseCodec.decode(W3CHttpResponseCodec.java:53)
	at org.openqa.selenium.remote.HttpCommandExecutor.execute(HttpCommandExecutor.java:184)
	at org.openqa.selenium.remote.service.DriverCommandExecutor.invokeExecute(DriverCommandExecutor.java:167)
	at org.openqa.selenium.remote.service.DriverCommandExecutor.execute(DriverCommandExecutor.java:142)
	at org.openqa.selenium.remote.RemoteWebDriver.execute(RemoteWebDriver.java:541)
	at org.openqa.selenium.remote.ElementLocation$ElementFinder$2.findElement(ElementLocation.java:162)
	at org.openqa.selenium.remote.ElementLocation.findElement(ElementLocation.java:60)
	at org.openqa.selenium.remote.RemoteWebDriver.findElement(RemoteWebDriver.java:365)
	at org.openqa.selenium.remote.RemoteWebDriver.findElement(RemoteWebDriver.java:357)
	at net.thucydides.core.webdriver.WebDriverFacade.findElement(WebDriverFacade.java:246)
	at net.serenitybdd.core.pages.WebElementResolverByLocator.resolveForDriver(WebElementResolverByLocator.java:25)
	at net.serenitybdd.core.pages.WebElementFacadeImpl.getResolvedElement(WebElementFacadeImpl.java:189)
	at net.serenitybdd.core.pages.WebElementFacadeImpl.getElement(WebElementFacadeImpl.java:184)
	at net.serenitybdd.core.pages.WebElementExpectations$5.apply(WebElementExpectations.java:106)
	at net.serenitybdd.core.pages.WebElementExpectations$5.apply(WebElementExpectations.java:98)
	at org.openqa.selenium.support.ui.FluentWait.until(FluentWait.java:208)
	... 77 more
&amp#27;[0m
  &amp#27;[36mAnd &amp#27;[0m&amp#27;[36mUser select &amp#27;[0m&amp#27;[36m&amp#27;[1m"No"&amp#27;[0m&amp#27;[36m from &amp#27;[0m&amp#27;[36m&amp#27;[1m"Distributed Late"&amp#27;[0m&amp#27;[36m in &amp#27;[0m&amp#27;[36m&amp#27;[1m"Issuing"&amp#27;[0m&amp#27;[36m tab&amp#27;[0m                                         &amp#27;[90m# stepdefinitions.CommonDefinitions.user_select_from(java.lang.String,java.lang.String,java.lang.String)&amp#27;[0m
  &amp#27;[36mAnd &amp#27;[0m&amp#27;[36mUser enter random text in &amp#27;[0m&amp#27;[36m&amp#27;[1m"internationaRef"&amp#27;[0m                                                       &amp#27;[90m# stepdefinitions.CommonDefinitions.user_enter_random_text_in(java.lang.String)&amp#27;[0m
  &amp#27;[36mWhen &amp#27;[0m&amp#27;[36mUser click on &amp#27;[0m&amp#27;[36m&amp#27;[1m"Add Line to Issue"&amp#27;[0m&amp#27;[36m button&amp#27;[0m                                                         &amp#27;[90m# stepdefinitions.CommonDefinitions.user_click_on_button(java.lang.String)&amp#27;[0m
  &amp#27;[36mThen &amp#27;[0m&amp#27;[36m&amp#27;[0m&amp#27;[36m&amp#27;[1m"Add Product to Issue"&amp#27;[0m&amp#27;[36m heading is visible&amp#27;[0m                                                        &amp#27;[90m# stepdefinitions.CommonDefinitions.heading_is_visible(java.lang.String)&amp#27;[0m
17:59:05.195 [main] ERROR  - 
  _____   ___   ___   _____     ___     _     ___   _      ___   ___  
 |_   _| | __| / __| |_   _|   | __|   /_\   |_ _| | |    | __| |   \ 
   | |   | _|  \__ \   | |     | _|   / _ \   | |  | |__  | _|  | |) |
   |_|   |___| |___/   |_|     |_|   /_/ \_\ |___| |____| |___| |___/ 

Verify user is able to add arrival line and arrival receipt type data and finalize it
-----------------------------------------------------------------------
17:59:05.197 [main] ERROR  -     Test failed at step: Select value from dropdown issuing: Dubai 2, Recipient Store
17:59:05.197 [main] ERROR  -     Expected enabled element was not enabledBuild info: version: '4.6.0', revision: '79f1c02ae20'System info: os.name: 'Windows 10', os.arch: 'amd64', os.version: '10.0', java.version: '1.8.0_341'Driver info: driver.version: unknown
]]></system-out>
    <system-err><![CDATA[Starting ChromeDriver 108.0.5359.71 (1e0e3868ee06e91ad636a874420e3ca3ae3756ac-refs/branch-heads/5359@{#1016}) on port 33356
Only local connections are allowed.
Please see https://chromedriver.chromium.org/security-considerations for suggestions on keeping ChromeDriver safe.
ChromeDriver was started successfully.
Dec 23, 2022 5:58:34 PM org.openqa.selenium.devtools.CdpVersionFinder findNearestMatch
WARNING: Unable to find an exact match for CDP version 108, so returning the closest version found: 107
]]></system-err>
  </testcase>
  <testcase name="Verify user is able to add storage data" classname="Store Data tab in SMT application for Store Operator user" time="26.744">
    <system-out><![CDATA[17:59:05.205 [main] INFO  i.c.core.plugin.SerenityReporter - Running feature from file:///C:/Users/Sandeepkumar.Phalke/eclipse-workspace/UNICEF_SerenityBDD_Automation_Framework/src/test/resources/features/StoreOperator/StoreData.feature
17:59:05.211 [main] INFO   - Test Suite Started: Store Data tab in SMT application for Store Operator user

Scenario Outline: Verify user is able to add storage data                         &amp#27;[90m# src/test/resources/features/StoreOperator/StoreData.feature:29&amp#27;[0m
17:59:05.231 [main] INFO  i.c.core.plugin.SerenityReporter - Running feature from file:///C:/Users/Sandeepkumar.Phalke/eclipse-workspace/UNICEF_SerenityBDD_Automation_Framework/src/test/resources/features/StoreOperator/StoreData.feature
17:59:05.233 [main] INFO   - 
  _____   ___   ___   _____     ___   _____     _     ___   _____   ___   ___  
 |_   _| | __| / __| |_   _|   / __| |_   _|   /_\   | _ \ |_   _| | __| |   \ 
   | |   | _|  \__ \   | |     \__ \   | |    / _ \  |   /   | |   | _|  | |) |
   |_|   |___| |___/   |_|     |___/   |_|   /_/ \_\ |_|_\   |_|   |___| |___/ 

Verify user is able to add storage data(store-data-tab-in-smt-application-for-store-operator-user;verify-user-is-able-to-add-storage-data)
--------------------------------------------------------------------------------
17:59:05.400 [main] INFO  n.s.c.w.d.ChromeDriverProvider - Starting Chrome driver instance with capabilities:
17:59:05.400 [main] INFO  n.s.c.w.d.ChromeDriverProvider - Capabilities {acceptInsecureCerts: false, browserName: chrome, goog:chromeOptions: {args: [test-type, no-sandbox, ignore-certificate-errors, --window-size=1000,800, incognito, disable-infobars, disable-gpu, disable-default-apps, disable-popup-blocking], extensions: []}}
  &amp#27;[32mGiven &amp#27;[0m&amp#27;[32mUser is on home page&amp#27;[0m                                                      &amp#27;[90m# stepdefinitions.CommonDefinitions.user_is_on_home_page()&amp#27;[0m
  &amp#27;[32mWhen &amp#27;[0m&amp#27;[32mUser is getting correct title of home page&amp#27;[0m                                 &amp#27;[90m# stepdefinitions.SignInDefinitions.user_is_getting_correct_title_of_home_page()&amp#27;[0m
  &amp#27;[32mThen &amp#27;[0m&amp#27;[32mUser click on login button&amp#27;[0m                                                 &amp#27;[90m# stepdefinitions.HomeDefinitions.user_click_on_login_button()&amp#27;[0m
  &amp#27;[32mWhen &amp#27;[0m&amp#27;[32mUser click on Proceed To Login button in &amp#27;[0m&amp#27;[32m&amp#27;[1m"English"&amp#27;[0m                         &amp#27;[90m# stepdefinitions.HomeDefinitions.user_click_on_proceed_to_login_button_in(java.lang.String)&amp#27;[0m
  &amp#27;[32mThen &amp#27;[0m&amp#27;[32mUser enter email&amp#27;[0m                                                           &amp#27;[90m# stepdefinitions.SignInDefinitions.user_enter_email()&amp#27;[0m
  &amp#27;[32mAnd &amp#27;[0m&amp#27;[32mUser enter password&amp#27;[0m                                                         &amp#27;[90m# stepdefinitions.SignInDefinitions.user_enter_password()&amp#27;[0m
  &amp#27;[32mWhen &amp#27;[0m&amp#27;[32mUser click on sign in button&amp#27;[0m                                               &amp#27;[90m# stepdefinitions.SignInDefinitions.user_click_on_sign_in_button()&amp#27;[0m
  &amp#27;[32mGiven &amp#27;[0m&amp#27;[32mUser click on &amp#27;[0m&amp#27;[32m&amp#27;[1m"Apply"&amp#27;[0m&amp#27;[32m button&amp#27;[0m                                              &amp#27;[90m# stepdefinitions.CommonDefinitions.user_click_on_button(java.lang.String)&amp#27;[0m
  &amp#27;[32mAnd &amp#27;[0m&amp#27;[32mUser click on &amp#27;[0m&amp#27;[32m&amp#27;[1m"Store Data"&amp#27;[0m&amp#27;[32m tab&amp#27;[0m                                              &amp#27;[90m# stepdefinitions.CommonDefinitions.user_click_on_tab(java.lang.String)&amp#27;[0m
  &amp#27;[32mGiven &amp#27;[0m&amp#27;[32mUser click on &amp#27;[0m&amp#27;[32m&amp#27;[1m"Add"&amp#27;[0m&amp#27;[32m button&amp#27;[0m                                                &amp#27;[90m# stepdefinitions.CommonDefinitions.user_click_on_button(java.lang.String)&amp#27;[0m
  &amp#27;[32mAnd &amp#27;[0m&amp#27;[32m&amp#27;[0m&amp#27;[32m&amp#27;[1m"Add new storage data"&amp#27;[0m&amp#27;[32m heading is visible&amp#27;[0m                                   &amp#27;[90m# stepdefinitions.CommonDefinitions.heading_is_visible(java.lang.String)&amp#27;[0m
  &amp#27;[32mAnd &amp#27;[0m&amp#27;[32mUser select &amp#27;[0m&amp#27;[32m&amp#27;[1m"Walk In Freezer"&amp#27;[0m&amp#27;[32m from &amp#27;[0m&amp#27;[32m&amp#27;[1m"Equipment category"&amp#27;[0m&amp#27;[32m in &amp#27;[0m&amp#27;[32m&amp#27;[1m"Store Data"&amp#27;[0m&amp#27;[32m tab&amp#27;[0m &amp#27;[90m# stepdefinitions.CommonDefinitions.user_select_from(java.lang.String,java.lang.String,java.lang.String)&amp#27;[0m
  &amp#27;[32mAnd &amp#27;[0m&amp#27;[32mUser select &amp#27;[0m&amp#27;[32m&amp#27;[1m"Haier"&amp#27;[0m&amp#27;[32m from &amp#27;[0m&amp#27;[32m&amp#27;[1m"Supplier"&amp#27;[0m&amp#27;[32m in &amp#27;[0m&amp#27;[32m&amp#27;[1m"Store Data"&amp#27;[0m&amp#27;[32m tab&amp#27;[0m                     &amp#27;[90m# stepdefinitions.CommonDefinitions.user_select_from(java.lang.String,java.lang.String,java.lang.String)&amp#27;[0m
  &amp#27;[32mAnd &amp#27;[0m&amp#27;[32mUser select &amp#27;[0m&amp#27;[32m&amp#27;[1m"VLS 354A AC"&amp#27;[0m&amp#27;[32m from &amp#27;[0m&amp#27;[32m&amp#27;[1m"Equipment Type/Model"&amp#27;[0m&amp#27;[32m in &amp#27;[0m&amp#27;[32m&amp#27;[1m"Store Data"&amp#27;[0m&amp#27;[32m tab&amp#27;[0m   &amp#27;[90m# stepdefinitions.CommonDefinitions.user_select_from(java.lang.String,java.lang.String,java.lang.String)&amp#27;[0m
  &amp#27;[32mAnd &amp#27;[0m&amp#27;[32mUser enter random text in &amp#27;[0m&amp#27;[32m&amp#27;[1m"equipmentName"&amp#27;[0m                                   &amp#27;[90m# stepdefinitions.CommonDefinitions.user_enter_random_text_in(java.lang.String)&amp#27;[0m
  &amp#27;[32mAnd &amp#27;[0m&amp#27;[32mUser select &amp#27;[0m&amp#27;[32m&amp#27;[1m"Functional"&amp#27;[0m&amp#27;[32m from &amp#27;[0m&amp#27;[32m&amp#27;[1m"Status"&amp#27;[0m&amp#27;[32m in &amp#27;[0m&amp#27;[32m&amp#27;[1m"Store Data"&amp#27;[0m&amp#27;[32m tab&amp#27;[0m                  &amp#27;[90m# stepdefinitions.CommonDefinitions.user_select_from(java.lang.String,java.lang.String,java.lang.String)&amp#27;[0m
  &amp#27;[32mWhen &amp#27;[0m&amp#27;[32mUser click on &amp#27;[0m&amp#27;[32m&amp#27;[1m"Create"&amp#27;[0m&amp#27;[32m button&amp#27;[0m                                              &amp#27;[90m# stepdefinitions.CommonDefinitions.user_click_on_button(java.lang.String)&amp#27;[0m
  &amp#27;[32mThen &amp#27;[0m&amp#27;[32mStorage Data is created successfully&amp#27;[0m                                       &amp#27;[90m# stepdefinitions.StoreOperator.StoreDataDefinition.storage_data_is_created_sucessfully()&amp#27;[0m
  &amp#27;[32mAnd &amp#27;[0m&amp#27;[32mStorage Data is visible in storage data table to user&amp#27;[0m                       &amp#27;[90m# stepdefinitions.StoreOperator.StoreDataDefinition.storage_data_is_visible_in_storage_data_table_to_user()&amp#27;[0m
17:59:31.957 [main] INFO   - 
  _____   ___   ___   _____     ___     _     ___   ___   ___   ___  
 |_   _| | __| / __| |_   _|   | _ \   /_\   / __| / __| | __| |   \ 
   | |   | _|  \__ \   | |     |  _/  / _ \  \__ \ \__ \ | _|  | |) |
   |_|   |___| |___/   |_|     |_|   /_/ \_\ |___/ |___/ |___| |___/ 

Verify user is able to add storage data
----------------------------------------------------------------------
]]></system-out>
    <system-err><![CDATA[Starting ChromeDriver 108.0.5359.71 (1e0e3868ee06e91ad636a874420e3ca3ae3756ac-refs/branch-heads/5359@{#1016}) on port 26720
Only local connections are allowed.
Please see https://chromedriver.chromium.org/security-considerations for suggestions on keeping ChromeDriver safe.
ChromeDriver was started successfully.
Dec 23, 2022 5:59:06 PM org.openqa.selenium.devtools.CdpVersionFinder findNearestMatch
WARNING: Unable to find an exact match for CDP version 108, so returning the closest version found: 107
]]></system-err>
  </testcase>
  <testcase name="Verify user is able to update storage data" classname="Store Data tab in SMT application for Store Operator user" time="26.628">
    <system-out><![CDATA[
Scenario Outline: Verify user is able to update storage data               &amp#27;[90m# src/test/resources/features/StoreOperator/StoreData.feature:45&amp#27;[0m
17:59:31.973 [main] INFO  i.c.core.plugin.SerenityReporter - Running feature from file:///C:/Users/Sandeepkumar.Phalke/eclipse-workspace/UNICEF_SerenityBDD_Automation_Framework/src/test/resources/features/StoreOperator/StoreData.feature
17:59:31.974 [main] INFO   - 
  _____   ___   ___   _____     ___   _____     _     ___   _____   ___   ___  
 |_   _| | __| / __| |_   _|   / __| |_   _|   /_\   | _ \ |_   _| | __| |   \ 
   | |   | _|  \__ \   | |     \__ \   | |    / _ \  |   /   | |   | _|  | |) |
   |_|   |___| |___/   |_|     |___/   |_|   /_/ \_\ |_|_\   |_|   |___| |___/ 

Verify user is able to update storage data(store-data-tab-in-smt-application-for-store-operator-user;verify-user-is-able-to-update-storage-data)
--------------------------------------------------------------------------------
17:59:32.140 [main] INFO  n.s.c.w.d.ChromeDriverProvider - Starting Chrome driver instance with capabilities:
17:59:32.140 [main] INFO  n.s.c.w.d.ChromeDriverProvider - Capabilities {acceptInsecureCerts: false, browserName: chrome, goog:chromeOptions: {args: [test-type, no-sandbox, ignore-certificate-errors, --window-size=1000,800, incognito, disable-infobars, disable-gpu, disable-default-apps, disable-popup-blocking], extensions: []}}
  &amp#27;[32mGiven &amp#27;[0m&amp#27;[32mUser is on home page&amp#27;[0m                                               &amp#27;[90m# stepdefinitions.CommonDefinitions.user_is_on_home_page()&amp#27;[0m
  &amp#27;[32mWhen &amp#27;[0m&amp#27;[32mUser is getting correct title of home page&amp#27;[0m                          &amp#27;[90m# stepdefinitions.SignInDefinitions.user_is_getting_correct_title_of_home_page()&amp#27;[0m
  &amp#27;[32mThen &amp#27;[0m&amp#27;[32mUser click on login button&amp#27;[0m                                          &amp#27;[90m# stepdefinitions.HomeDefinitions.user_click_on_login_button()&amp#27;[0m
  &amp#27;[32mWhen &amp#27;[0m&amp#27;[32mUser click on Proceed To Login button in &amp#27;[0m&amp#27;[32m&amp#27;[1m"English"&amp#27;[0m                  &amp#27;[90m# stepdefinitions.HomeDefinitions.user_click_on_proceed_to_login_button_in(java.lang.String)&amp#27;[0m
  &amp#27;[32mThen &amp#27;[0m&amp#27;[32mUser enter email&amp#27;[0m                                                    &amp#27;[90m# stepdefinitions.SignInDefinitions.user_enter_email()&amp#27;[0m
  &amp#27;[32mAnd &amp#27;[0m&amp#27;[32mUser enter password&amp#27;[0m                                                  &amp#27;[90m# stepdefinitions.SignInDefinitions.user_enter_password()&amp#27;[0m
  &amp#27;[32mWhen &amp#27;[0m&amp#27;[32mUser click on sign in button&amp#27;[0m                                        &amp#27;[90m# stepdefinitions.SignInDefinitions.user_click_on_sign_in_button()&amp#27;[0m
  &amp#27;[32mGiven &amp#27;[0m&amp#27;[32mUser click on &amp#27;[0m&amp#27;[32m&amp#27;[1m"Apply"&amp#27;[0m&amp#27;[32m button&amp#27;[0m                                       &amp#27;[90m# stepdefinitions.CommonDefinitions.user_click_on_button(java.lang.String)&amp#27;[0m
  &amp#27;[32mAnd &amp#27;[0m&amp#27;[32mUser click on &amp#27;[0m&amp#27;[32m&amp#27;[1m"Store Data"&amp#27;[0m&amp#27;[32m tab&amp#27;[0m                                       &amp#27;[90m# stepdefinitions.CommonDefinitions.user_click_on_tab(java.lang.String)&amp#27;[0m
  &amp#27;[32mGiven &amp#27;[0m&amp#27;[32mUser click on edit button of newly created storage data&amp#27;[0m            &amp#27;[90m# stepdefinitions.StoreOperator.StoreDataDefinition.user_click_on_edit_button_of_newly_created_storage_data()&amp#27;[0m
  &amp#27;[32mAnd &amp#27;[0m&amp#27;[32mUser select &amp#27;[0m&amp#27;[32m&amp#27;[1m"Freezer"&amp#27;[0m&amp#27;[32m from &amp#27;[0m&amp#27;[32m&amp#27;[1m"Equipment category"&amp#27;[0m&amp#27;[32m in &amp#27;[0m&amp#27;[32m&amp#27;[1m"Store Data"&amp#27;[0m&amp#27;[32m tab&amp#27;[0m  &amp#27;[90m# stepdefinitions.CommonDefinitions.user_select_from(java.lang.String,java.lang.String,java.lang.String)&amp#27;[0m
  &amp#27;[32mAnd &amp#27;[0m&amp#27;[32mUser select &amp#27;[0m&amp#27;[32m&amp#27;[1m"Haier"&amp#27;[0m&amp#27;[32m from &amp#27;[0m&amp#27;[32m&amp#27;[1m"Supplier"&amp#27;[0m&amp#27;[32m in &amp#27;[0m&amp#27;[32m&amp#27;[1m"Store Data"&amp#27;[0m&amp#27;[32m tab&amp#27;[0m              &amp#27;[90m# stepdefinitions.CommonDefinitions.user_select_from(java.lang.String,java.lang.String,java.lang.String)&amp#27;[0m
  &amp#27;[32mAnd &amp#27;[0m&amp#27;[32mUser select &amp#27;[0m&amp#27;[32m&amp#27;[1m"BFRV55"&amp#27;[0m&amp#27;[32m from &amp#27;[0m&amp#27;[32m&amp#27;[1m"Equipment Type/Model"&amp#27;[0m&amp#27;[32m in &amp#27;[0m&amp#27;[32m&amp#27;[1m"Store Data"&amp#27;[0m&amp#27;[32m tab&amp#27;[0m &amp#27;[90m# stepdefinitions.CommonDefinitions.user_select_from(java.lang.String,java.lang.String,java.lang.String)&amp#27;[0m
  &amp#27;[32mAnd &amp#27;[0m&amp#27;[32mUser enter random text in &amp#27;[0m&amp#27;[32m&amp#27;[1m"equipmentName"&amp#27;[0m                            &amp#27;[90m# stepdefinitions.CommonDefinitions.user_enter_random_text_in(java.lang.String)&amp#27;[0m
  &amp#27;[32mAnd &amp#27;[0m&amp#27;[32mUser select &amp#27;[0m&amp#27;[32m&amp#27;[1m"Non Functional"&amp#27;[0m&amp#27;[32m from &amp#27;[0m&amp#27;[32m&amp#27;[1m"Status"&amp#27;[0m&amp#27;[32m in &amp#27;[0m&amp#27;[32m&amp#27;[1m"Store Data"&amp#27;[0m&amp#27;[32m tab&amp#27;[0m       &amp#27;[90m# stepdefinitions.CommonDefinitions.user_select_from(java.lang.String,java.lang.String,java.lang.String)&amp#27;[0m
  &amp#27;[32mWhen &amp#27;[0m&amp#27;[32mUser click on &amp#27;[0m&amp#27;[32m&amp#27;[1m"Update"&amp#27;[0m&amp#27;[32m button&amp#27;[0m                                       &amp#27;[90m# stepdefinitions.CommonDefinitions.user_click_on_button(java.lang.String)&amp#27;[0m
  &amp#27;[32mThen &amp#27;[0m&amp#27;[32mStorage Data is updated successfully&amp#27;[0m                                &amp#27;[90m# stepdefinitions.StoreOperator.StoreDataDefinition.storage_data_is_updated_sucessfully()&amp#27;[0m
  &amp#27;[32mAnd &amp#27;[0m&amp#27;[32mStorage Data is visible in storage data table to user&amp#27;[0m                &amp#27;[90m# stepdefinitions.StoreOperator.StoreDataDefinition.storage_data_is_visible_in_storage_data_table_to_user()&amp#27;[0m
17:59:58.586 [main] INFO   - 
  _____   ___   ___   _____     ___     _     ___   ___   ___   ___  
 |_   _| | __| / __| |_   _|   | _ \   /_\   / __| / __| | __| |   \ 
   | |   | _|  \__ \   | |     |  _/  / _ \  \__ \ \__ \ | _|  | |) |
   |_|   |___| |___/   |_|     |_|   /_/ \_\ |___/ |___/ |___| |___/ 

Verify user is able to update storage data
----------------------------------------------------------------------
]]></system-out>
    <system-err><![CDATA[Starting ChromeDriver 108.0.5359.71 (1e0e3868ee06e91ad636a874420e3ca3ae3756ac-refs/branch-heads/5359@{#1016}) on port 40397
Only local connections are allowed.
Please see https://chromedriver.chromium.org/security-considerations for suggestions on keeping ChromeDriver safe.
ChromeDriver was started successfully.
Dec 23, 2022 5:59:33 PM org.openqa.selenium.devtools.CdpVersionFinder findNearestMatch
WARNING: Unable to find an exact match for CDP version 108, so returning the closest version found: 107
]]></system-err>
  </testcase>
  <testcase name="Verify user is able to delete storage data" classname="Store Data tab in SMT application for Store Operator user" time="34.226">
    <system-out><![CDATA[
Scenario Outline: Verify user is able to delete storage data      &amp#27;[90m# src/test/resources/features/StoreOperator/StoreData.feature:48&amp#27;[0m
17:59:58.608 [main] INFO  i.c.core.plugin.SerenityReporter - Running feature from file:///C:/Users/Sandeepkumar.Phalke/eclipse-workspace/UNICEF_SerenityBDD_Automation_Framework/src/test/resources/features/StoreOperator/StoreData.feature
17:59:58.608 [main] INFO   - 
  _____   ___   ___   _____     ___   _____     _     ___   _____   ___   ___  
 |_   _| | __| / __| |_   _|   / __| |_   _|   /_\   | _ \ |_   _| | __| |   \ 
   | |   | _|  \__ \   | |     \__ \   | |    / _ \  |   /   | |   | _|  | |) |
   |_|   |___| |___/   |_|     |___/   |_|   /_/ \_\ |_|_\   |_|   |___| |___/ 

Verify user is able to delete storage data(store-data-tab-in-smt-application-for-store-operator-user;verify-user-is-able-to-delete-storage-data)
--------------------------------------------------------------------------------
17:59:58.764 [main] INFO  n.s.c.w.d.ChromeDriverProvider - Starting Chrome driver instance with capabilities:
17:59:58.764 [main] INFO  n.s.c.w.d.ChromeDriverProvider - Capabilities {acceptInsecureCerts: false, browserName: chrome, goog:chromeOptions: {args: [test-type, no-sandbox, ignore-certificate-errors, --window-size=1000,800, incognito, disable-infobars, disable-gpu, disable-default-apps, disable-popup-blocking], extensions: []}}
  &amp#27;[32mGiven &amp#27;[0m&amp#27;[32mUser is on home page&amp#27;[0m                                      &amp#27;[90m# stepdefinitions.CommonDefinitions.user_is_on_home_page()&amp#27;[0m
  &amp#27;[32mWhen &amp#27;[0m&amp#27;[32mUser is getting correct title of home page&amp#27;[0m                 &amp#27;[90m# stepdefinitions.SignInDefinitions.user_is_getting_correct_title_of_home_page()&amp#27;[0m
  &amp#27;[32mThen &amp#27;[0m&amp#27;[32mUser click on login button&amp#27;[0m                                 &amp#27;[90m# stepdefinitions.HomeDefinitions.user_click_on_login_button()&amp#27;[0m
  &amp#27;[32mWhen &amp#27;[0m&amp#27;[32mUser click on Proceed To Login button in &amp#27;[0m&amp#27;[32m&amp#27;[1m"English"&amp#27;[0m         &amp#27;[90m# stepdefinitions.HomeDefinitions.user_click_on_proceed_to_login_button_in(java.lang.String)&amp#27;[0m
  &amp#27;[32mThen &amp#27;[0m&amp#27;[32mUser enter email&amp#27;[0m                                           &amp#27;[90m# stepdefinitions.SignInDefinitions.user_enter_email()&amp#27;[0m
  &amp#27;[32mAnd &amp#27;[0m&amp#27;[32mUser enter password&amp#27;[0m                                         &amp#27;[90m# stepdefinitions.SignInDefinitions.user_enter_password()&amp#27;[0m
  &amp#27;[32mWhen &amp#27;[0m&amp#27;[32mUser click on sign in button&amp#27;[0m                               &amp#27;[90m# stepdefinitions.SignInDefinitions.user_click_on_sign_in_button()&amp#27;[0m
  &amp#27;[32mGiven &amp#27;[0m&amp#27;[32mUser click on &amp#27;[0m&amp#27;[32m&amp#27;[1m"Apply"&amp#27;[0m&amp#27;[32m button&amp#27;[0m                              &amp#27;[90m# stepdefinitions.CommonDefinitions.user_click_on_button(java.lang.String)&amp#27;[0m
  &amp#27;[32mAnd &amp#27;[0m&amp#27;[32mUser click on &amp#27;[0m&amp#27;[32m&amp#27;[1m"Store Data"&amp#27;[0m&amp#27;[32m tab&amp#27;[0m                              &amp#27;[90m# stepdefinitions.CommonDefinitions.user_click_on_tab(java.lang.String)&amp#27;[0m
  &amp#27;[32mGiven &amp#27;[0m&amp#27;[32mUser click on delete button of newly created storage data&amp#27;[0m &amp#27;[90m# stepdefinitions.StoreOperator.StoreDataDefinition.user_click_on_delete_button_of_newly_created_storage_data()&amp#27;[0m
  &amp#27;[32mWhen &amp#27;[0m&amp#27;[32mUser click on &amp#27;[0m&amp#27;[32m&amp#27;[1m"Yes"&amp#27;[0m&amp#27;[32m button&amp#27;[0m                                 &amp#27;[90m# stepdefinitions.CommonDefinitions.user_click_on_button(java.lang.String)&amp#27;[0m
  &amp#27;[32mThen &amp#27;[0m&amp#27;[32mStorage Data is deleted successfully&amp#27;[0m                       &amp#27;[90m# stepdefinitions.StoreOperator.StoreDataDefinition.storage_data_is_deleted_sucessfully()&amp#27;[0m
  &amp#27;[32mAnd &amp#27;[0m&amp#27;[32mStorage Data is not visible in storage data table to user&amp#27;[0m   &amp#27;[90m# stepdefinitions.StoreOperator.StoreDataDefinition.storage_data_is_not_visible_in_storage_data_table_to_user()&amp#27;[0m
18:00:32.144 [main] INFO   - 
  _____   ___   ___   _____     ___     _     ___   ___   ___   ___  
 |_   _| | __| / __| |_   _|   | _ \   /_\   / __| / __| | __| |   \ 
   | |   | _|  \__ \   | |     |  _/  / _ \  \__ \ \__ \ | _|  | |) |
   |_|   |___| |___/   |_|     |_|   /_/ \_\ |___/ |___/ |___| |___/ 

Verify user is able to delete storage data
----------------------------------------------------------------------
]]></system-out>
    <system-err><![CDATA[Starting ChromeDriver 108.0.5359.71 (1e0e3868ee06e91ad636a874420e3ca3ae3756ac-refs/branch-heads/5359@{#1016}) on port 2260
Only local connections are allowed.
Please see https://chromedriver.chromium.org/security-considerations for suggestions on keeping ChromeDriver safe.
ChromeDriver was started successfully.
Dec 23, 2022 6:00:00 PM org.openqa.selenium.devtools.CdpVersionFinder findNearestMatch
WARNING: Unable to find an exact match for CDP version 108, so returning the closest version found: 107
]]></system-err>
  </testcase>
</testsuite>